<?xml version="1.0" encoding="UTF-8"?>
<!-- Generated by org.testng.reporters.JUnitReportReporter -->
<testsuite hostname="IM-LP-115" failures="0" tests="1" name="com.BDD.Tests.DeleteRequest" time="4.248" errors="0" timestamp="2019-09-22T08:07:20 IST" skipped="0">
  <testcase classname="com.BDD.Tests.DeleteRequest" name="deletedata" time="4.248"/>
</testsuite> <!-- com.BDD.Tests.DeleteRequest -->
