<?xml version="1.0" encoding="UTF-8"?>
<!-- Generated by org.testng.reporters.JUnitReportReporter -->
<testsuite hostname="IM-LP-115" failures="0" tests="1" name="com.BDD.Tests.ReadResponseInVariousWays" time="2.743" errors="0" timestamp="2019-09-24T12:09:06 IST" skipped="0">
  <testcase classname="com.BDD.Tests.ReadResponseInVariousWays" name="testExtractDetailsUsingPath" time="2.743"/>
</testsuite> <!-- com.BDD.Tests.ReadResponseInVariousWays -->
