<?xml version="1.0" encoding="UTF-8"?>
<!-- Generated by org.testng.reporters.JUnitReportReporter -->
<testsuite hostname="IM-LP-115" failures="0" tests="2" name="com.BDD.Tests.RequestAndResponseSpecBuilder" time="5.246" errors="0" timestamp="2019-09-22T19:04:36 IST" skipped="0">
  <testcase classname="com.BDD.Tests.RequestAndResponseSpecBuilder" name="test1" time="3.943"/>
  <testcase classname="com.BDD.Tests.RequestAndResponseSpecBuilder" name="test2" time="1.303"/>
</testsuite> <!-- com.BDD.Tests.RequestAndResponseSpecBuilder -->
