<?xml version="1.0" encoding="UTF-8"?>
<!-- Generated by org.testng.reporters.JUnitReportReporter -->
<testsuite hostname="IM-LP-115" failures="0" tests="1" name="com.BDD.Tests.GetRequest" time="8.740" errors="0" timestamp="2020-01-27T11:29:53 IST" skipped="0">
  <testcase classname="com.BDD.Tests.GetRequest" name="getWeatherDetails" time="8.740"/>
</testsuite> <!-- com.BDD.Tests.GetRequest -->
