<?xml version="1.0" encoding="UTF-8"?>
<!-- Generated by org.testng.reporters.JUnitReportReporter -->
<testsuite hostname="IM-LP-115" failures="0" tests="1" name="com.BDD.Tests.headersAndParameters" time="2.121" errors="0" timestamp="2019-09-24T08:56:58 IST" skipped="0">
  <testcase classname="com.BDD.Tests.headersAndParameters" name="verifyHeaderWithResponseObject" time="2.121"/>
</testsuite> <!-- com.BDD.Tests.headersAndParameters -->
