<?xml version="1.0" encoding="UTF-8"?>
<!-- Generated by org.testng.reporters.JUnitReportReporter -->
<testsuite hostname="IM-LP-115" failures="0" tests="1" name="com.BDD.Tests.PutRequest" time="3.729" errors="0" timestamp="2019-09-22T07:47:57 IST" skipped="0">
  <testcase classname="com.BDD.Tests.PutRequest" name="updateWithPut" time="3.729"/>
</testsuite> <!-- com.BDD.Tests.PutRequest -->
