<?xml version="1.0" encoding="UTF-8"?>
<!-- Generated by org.testng.reporters.JUnitReportReporter -->
<testsuite hostname="IM-LP-115" failures="0" tests="3" name="OauthGrantTypes.AuthorizationCode" time="4.211" errors="0" timestamp="21 Dec 2019 11:28:51 GMT" skipped="1">
  <testcase classname="OauthGrantTypes.AuthorizationCode" name="GetAccessToken" time="3.423"/>
  <testcase classname="OauthGrantTypes.AuthorizationCode" name="GetCourseList" time="0.788"/>
  <testcase classname="OauthGrantTypes.AuthorizationCode" name="GetCode">
    <skipped/>
  </testcase> <!-- GetCode -->
</testsuite> <!-- OauthGrantTypes.AuthorizationCode -->
