<?xml version="1.0" encoding="UTF-8"?>
<!-- Generated by org.testng.reporters.JUnitReportReporter -->
<testsuite hostname="IM-LP-115" failures="0" tests="3" name="com.requests.tests.Post_DataDriven" time="5.240" errors="0" timestamp="21 Sep 2019 14:10:24 GMT" skipped="0">
  <testcase classname="com.requests.tests.Post_DataDriven" name="dataDrivenTest" time="0.722"/>
  <testcase classname="com.requests.tests.Post_DataDriven" name="dataDrivenTest" time="3.768"/>
  <testcase classname="com.requests.tests.Post_DataDriven" name="dataDrivenTest" time="0.750"/>
</testsuite> <!-- com.requests.tests.Post_DataDriven -->
