<?xml version="1.0" encoding="UTF-8"?>
<!-- Generated by org.testng.reporters.JUnitReportReporter -->
<testsuite hostname="IM-LP-115" failures="0" tests="1" name="com.requests.tests.postRequest" time="4.013" errors="0" timestamp="21 Sep 2019 12:22:13 GMT" skipped="0">
  <testcase classname="com.requests.tests.postRequest" name="registerCustomer" time="4.013"/>
</testsuite> <!-- com.requests.tests.postRequest -->
