<?xml version="1.0" encoding="UTF-8"?>
<!-- Generated by org.testng.reporters.JUnitReportReporter -->
<testsuite hostname="IM-LP-115" failures="0" tests="1" name="com.requests.tests.GetRequest" time="3.135" errors="0" timestamp="19 Sep 2019 10:33:33 GMT" skipped="0">
  <testcase classname="com.requests.tests.GetRequest" name="getCityWeather" time="3.135"/>
</testsuite> <!-- com.requests.tests.GetRequest -->
