<?xml version="1.0" encoding="UTF-8"?>
<!-- Generated by org.testng.reporters.JUnitReportReporter -->
<testsuite hostname="IM-LP-115" failures="0" tests="1" name="com.requests.tests.GetRequest_PrintAllHeaders" time="4.953" errors="0" timestamp="26 Nov 2019 06:00:50 GMT" skipped="0">
  <testcase classname="com.requests.tests.GetRequest_PrintAllHeaders" name="getAllheaders" time="4.953"/>
</testsuite> <!-- com.requests.tests.GetRequest_PrintAllHeaders -->
