<?xml version="1.0" encoding="UTF-8"?>
<!-- Generated by org.testng.reporters.JUnitReportReporter -->
<testsuite hostname="IM-LP-115" failures="0" tests="1" name="com.requests.tests.Request_BasicAuth" time="4.634" errors="0" timestamp="26 Nov 2019 06:31:09 GMT" skipped="0">
  <testcase classname="com.requests.tests.Request_BasicAuth" name="basicAuthorization" time="4.634"/>
</testsuite> <!-- com.requests.tests.Request_BasicAuth -->
