<?xml version="1.0" encoding="UTF-8"?>
<!-- Generated by org.testng.reporters.JUnitReportReporter -->
<testsuite hostname="IM-LP-115" failures="0" tests="1" name="com.requests.tests.Get_EachValueFromNode" time="4.050" errors="0" timestamp="21 Sep 2019 13:05:19 GMT" skipped="0">
  <testcase classname="com.requests.tests.Get_EachValueFromNode" name="getValueFromNode" time="4.050"/>
</testsuite> <!-- com.requests.tests.Get_EachValueFromNode -->
