<?xml version="1.0" encoding="UTF-8"?>
<!-- Generated by org.testng.reporters.JUnitReportReporter -->
<testsuite hostname="IM-LP-115" failures="0" tests="1" name="com.requests.tests.GetRequestHeaderValidation" time="4.819" errors="0" timestamp="21 Sep 2019 12:35:52 GMT" skipped="0">
  <testcase classname="com.requests.tests.GetRequestHeaderValidation" name="validateHeaders" time="4.819"/>
</testsuite> <!-- com.requests.tests.GetRequestHeaderValidation -->
