<?xml version="1.0" encoding="UTF-8"?>
<!-- Generated by org.testng.reporters.JUnitReportReporter -->
<testsuite hostname="IM-LP-115" failures="0" tests="1" name="basics.extractResponseAndDataDriven" time="3.385" errors="0" timestamp="26 Sep 2019 11:05:11 GMT" skipped="0">
  <testcase classname="basics.extractResponseAndDataDriven" name="extractResponseThroughJsonPath" time="3.385"/>
</testsuite> <!-- basics.extractResponseAndDataDriven -->
