<?xml version="1.0" encoding="UTF-8"?>
<!-- Generated by org.testng.reporters.JUnitReportReporter -->
<testsuite hostname="IM-LP-115" failures="0" tests="1" name="basics.extractResponse" time="24.292" errors="0" timestamp="26 Sep 2019 08:44:49 GMT" skipped="0">
  <testcase classname="basics.extractResponse" name="extractResponseThroughJsonPath" time="24.292"/>
</testsuite> <!-- basics.extractResponse -->
