<?xml version="1.0" encoding="UTF-8"?>
<!-- Generated by org.testng.reporters.JUnitReportReporter -->
<testsuite hostname="IM-LP-115" failures="0" tests="1" name="basics.printingNodeValuesInJsonArray" time="7.311" errors="0" timestamp="26 Sep 2019 15:51:56 GMT" skipped="0">
  <testcase classname="basics.printingNodeValuesInJsonArray" name="printArray" time="7.311"/>
</testsuite> <!-- basics.printingNodeValuesInJsonArray -->
