<?xml version="1.0" encoding="UTF-8"?>
<!-- Generated by org.testng.reporters.JUnitReportReporter -->
<testsuite hostname="IM-LP-115" failures="0" tests="1" name="basics.CreateJiraIssue" time="3.398" errors="0" timestamp="27 Sep 2019 06:26:23 GMT" skipped="0">
  <testcase classname="basics.CreateJiraIssue" name="IssueCreation" time="3.398"/>
</testsuite> <!-- basics.CreateJiraIssue -->
