<?xml version="1.0" encoding="UTF-8"?>
<!-- Generated by org.testng.reporters.JUnitReportReporter -->
<testsuite hostname="IM-LP-115" failures="0" tests="1" name="CommonUtilities.createJiraSession" time="4.064" errors="0" timestamp="27 Sep 2019 05:56:11 GMT" skipped="0">
  <testcase classname="CommonUtilities.createJiraSession" name="getJiraSession" time="4.064"/>
</testsuite> <!-- CommonUtilities.createJiraSession -->
