<?xml version="1.0" encoding="UTF-8"?>
<!-- Generated by org.testng.reporters.JUnitReportReporter -->
<testsuite hostname="IM-LP-115" failures="0" tests="1" name="basics.extractResponseFromXml" time="6.150" errors="0" timestamp="26 Sep 2019 14:20:58 GMT" skipped="0">
  <testcase classname="basics.extractResponseFromXml" name="getValuesfromXMl" time="6.150"/>
</testsuite> <!-- basics.extractResponseFromXml -->
