<?xml version="1.0" encoding="UTF-8"?>
<!-- Generated by org.testng.reporters.JUnitReportReporter -->
<testsuite hostname="IM-LP-115" failures="0" tests="1" name="basics.validateGoogleApiResponse" time="5.710" errors="0" timestamp="26 Sep 2019 04:28:31 GMT" skipped="0">
  <testcase classname="basics.validateGoogleApiResponse" name="validateResponse" time="5.710"/>
</testsuite> <!-- basics.validateGoogleApiResponse -->
